[0.526s] Invoking command in '/home/catherine-maglione/yolo_home/src/me495_yolo': CMAKE_PREFIX_PATH=/home/catherine-maglione/yolo_home/src/install/nuturtlebot_msgs:/home/catherine-maglione/yolo_home/src/install/numsr_turtlebot:/home/catherine-maglione/yolo_home/install/numsr_turtlebot:/home/catherine-maglione/yolo_home/install/nuturtlebot_msgs:/opt/ros/jazzy/opt/gz_sim_vendor:/opt/ros/jazzy/opt/gz_sensors_vendor:/opt/ros/jazzy/opt/gz_physics_vendor:/opt/ros/jazzy/opt/sdformat_vendor:/opt/ros/jazzy/opt/gz_gui_vendor:/opt/ros/jazzy/opt/gz_transport_vendor:/opt/ros/jazzy/opt/gz_rendering_vendor:/opt/ros/jazzy/opt/gz_plugin_vendor:/opt/ros/jazzy/opt/gz_fuel_tools_vendor:/opt/ros/jazzy/opt/gz_msgs_vendor:/opt/ros/jazzy/opt/gz_common_vendor:/opt/ros/jazzy/opt/gz_math_vendor:/opt/ros/jazzy/opt/gz_utils_vendor:/opt/ros/jazzy/opt/gz_tools_vendor:/opt/ros/jazzy/opt/gz_ogre_next_vendor:/opt/ros/jazzy/opt/gz_dartsim_vendor:/opt/ros/jazzy/opt/gz_cmake_vendor PYTHONPATH=/home/catherine-maglione/yolo_home/src/build/me495_yolo/prefix_override:/usr/lib/python3/dist-packages/colcon_core/task/python/colcon_distutils_commands:/home/catherine-maglione/yolo_home/src/install/me495_yolo/lib/python3.12/site-packages:/home/catherine-maglione/yolo_home/src/install/nuturtlebot_msgs/lib/python3.12/site-packages:/home/catherine-maglione/yolo_home/src/install/me495_yolo/lib/python3.12/site-packages:/home/catherine-maglione/yolo_home/install/me495_yolo/lib/python3.12/site-packages:/home/catherine-maglione/yolo_home/install/nuturtlebot_msgs/lib/python3.12/site-packages:/opt/ros/jazzy/lib/python3.12/site-packages /usr/bin/python3 -W ignore:setup.py install is deprecated setup.py egg_info --egg-base ../build/me495_yolo build --build-base /home/catherine-maglione/yolo_home/src/build/me495_yolo/build install --record /home/catherine-maglione/yolo_home/src/build/me495_yolo/install.log --single-version-externally-managed install_data
[0.657s] Traceback (most recent call last):
[0.657s]   File "/home/catherine-maglione/yolo_home/src/me495_yolo/setup.py", line 5, in <module>
[0.657s]     setup(
[0.657s]   File "/usr/lib/python3/dist-packages/setuptools/__init__.py", line 107, in setup
[0.666s]     return distutils.core.setup(**attrs)
[0.666s]            ^^^^^^^^^^^^^^^^^^^^^^^^^^^^^
[0.666s]   File "/usr/lib/python3/dist-packages/setuptools/_distutils/core.py", line 172, in setup
[0.666s]     ok = dist.parse_command_line()
[0.666s]          ^^^^^^^^^^^^^^^^^^^^^^^^^
[0.666s]   File "/usr/lib/python3/dist-packages/setuptools/_distutils/dist.py", line 475, in parse_command_line
[0.666s]     args = self._parse_command_opts(parser, args)
[0.666s]            ^^^^^^^^^^^^^^^^^^^^^^^^^^^^^^^^^^^^^^
[0.666s]   File "/usr/lib/python3/dist-packages/setuptools/dist.py", line 1133, in _parse_command_opts
[0.666s]     nargs = _Distribution._parse_command_opts(self, parser, args)
[0.666s]             ^^^^^^^^^^^^^^^^^^^^^^^^^^^^^^^^^^^^^^^^^^^^^^^^^^^^^
[0.666s]   File "/usr/lib/python3/dist-packages/setuptools/_distutils/dist.py", line 534, in _parse_command_opts
[0.666s]     cmd_class = self.get_command_class(command)
[0.667s]                 ^^^^^^^^^^^^^^^^^^^^^^^^^^^^^^^
[0.667s]   File "/usr/lib/python3/dist-packages/setuptools/dist.py", line 980, in get_command_class
[0.667s]     self.cmdclass[command] = cmdclass = ep.load()
[0.667s]                                         ^^^^^^^^^
[0.667s]   File "/usr/lib/python3.12/importlib/metadata/__init__.py", line 205, in load
[0.667s]     module = import_module(match.group('module'))
[0.667s]              ^^^^^^^^^^^^^^^^^^^^^^^^^^^^^^^^^^^^
[0.667s]   File "/usr/lib/python3.12/importlib/__init__.py", line 90, in import_module
[0.667s]     return _bootstrap._gcd_import(name[level:], package, level)
[0.667s]            ^^^^^^^^^^^^^^^^^^^^^^^^^^^^^^^^^^^^^^^^^^^^^^^^^^^^
[0.667s]   File "<frozen importlib._bootstrap>", line 1387, in _gcd_import
[0.667s]   File "<frozen importlib._bootstrap>", line 1360, in _find_and_load
[0.667s]   File "<frozen importlib._bootstrap>", line 1331, in _find_and_load_unlocked
[0.667s]   File "<frozen importlib._bootstrap>", line 935, in _load_unlocked
[0.667s]   File "<frozen importlib._bootstrap_external>", line 995, in exec_module
[0.667s]   File "<frozen importlib._bootstrap>", line 488, in _call_with_frames_removed
[0.667s]   File "/usr/lib/python3/dist-packages/setuptools/command/egg_info.py", line 27, in <module>
[0.667s]     import setuptools.unicode_utils as unicode_utils
[0.667s]   File "<frozen importlib._bootstrap>", line 1360, in _find_and_load
[0.667s]   File "<frozen importlib._bootstrap>", line 1331, in _find_and_load_unlocked
[0.667s]   File "<frozen importlib._bootstrap>", line 935, in _load_unlocked
[0.667s]   File "<frozen importlib._bootstrap_external>", line 991, in exec_module
[0.667s]   File "<frozen importlib._bootstrap_external>", line 1112, in get_code
[0.667s]   File "<frozen importlib._bootstrap_external>", line 718, in _validate_timestamp_pyc
[0.667s]   File "<frozen importlib._bootstrap_external>", line 87, in _unpack_uint32
[0.667s] KeyboardInterrupt
[0.678s] Invoked command in '/home/catherine-maglione/yolo_home/src/me495_yolo' returned '-2': CMAKE_PREFIX_PATH=/home/catherine-maglione/yolo_home/src/install/nuturtlebot_msgs:/home/catherine-maglione/yolo_home/src/install/numsr_turtlebot:/home/catherine-maglione/yolo_home/install/numsr_turtlebot:/home/catherine-maglione/yolo_home/install/nuturtlebot_msgs:/opt/ros/jazzy/opt/gz_sim_vendor:/opt/ros/jazzy/opt/gz_sensors_vendor:/opt/ros/jazzy/opt/gz_physics_vendor:/opt/ros/jazzy/opt/sdformat_vendor:/opt/ros/jazzy/opt/gz_gui_vendor:/opt/ros/jazzy/opt/gz_transport_vendor:/opt/ros/jazzy/opt/gz_rendering_vendor:/opt/ros/jazzy/opt/gz_plugin_vendor:/opt/ros/jazzy/opt/gz_fuel_tools_vendor:/opt/ros/jazzy/opt/gz_msgs_vendor:/opt/ros/jazzy/opt/gz_common_vendor:/opt/ros/jazzy/opt/gz_math_vendor:/opt/ros/jazzy/opt/gz_utils_vendor:/opt/ros/jazzy/opt/gz_tools_vendor:/opt/ros/jazzy/opt/gz_ogre_next_vendor:/opt/ros/jazzy/opt/gz_dartsim_vendor:/opt/ros/jazzy/opt/gz_cmake_vendor PYTHONPATH=/home/catherine-maglione/yolo_home/src/build/me495_yolo/prefix_override:/usr/lib/python3/dist-packages/colcon_core/task/python/colcon_distutils_commands:/home/catherine-maglione/yolo_home/src/install/me495_yolo/lib/python3.12/site-packages:/home/catherine-maglione/yolo_home/src/install/nuturtlebot_msgs/lib/python3.12/site-packages:/home/catherine-maglione/yolo_home/src/install/me495_yolo/lib/python3.12/site-packages:/home/catherine-maglione/yolo_home/install/me495_yolo/lib/python3.12/site-packages:/home/catherine-maglione/yolo_home/install/nuturtlebot_msgs/lib/python3.12/site-packages:/opt/ros/jazzy/lib/python3.12/site-packages /usr/bin/python3 -W ignore:setup.py install is deprecated setup.py egg_info --egg-base ../build/me495_yolo build --build-base /home/catherine-maglione/yolo_home/src/build/me495_yolo/build install --record /home/catherine-maglione/yolo_home/src/build/me495_yolo/install.log --single-version-externally-managed install_data
