[0.895s] Invoking command in '/home/catherine-maglione/yolo_home/src/me495_yolo': PYTHONPATH=/home/catherine-maglione/yolo_home/build/me495_yolo/prefix_override:/usr/lib/python3/dist-packages/colcon_core/task/python/colcon_distutils_commands:/home/catherine-maglione/yolo_home/install/me495_yolo/lib/python3.12/site-packages:${PYTHONPATH} /usr/bin/python3 -W ignore:setup.py install is deprecated setup.py egg_info --egg-base ../../build/me495_yolo build --build-base /home/catherine-maglione/yolo_home/build/me495_yolo/build install --record /home/catherine-maglione/yolo_home/build/me495_yolo/install.log --single-version-externally-managed install_data
[1.222s] running egg_info
[1.245s] writing ../../build/me495_yolo/me495_yolo.egg-info/PKG-INFO
[1.245s] writing dependency_links to ../../build/me495_yolo/me495_yolo.egg-info/dependency_links.txt
[1.245s] writing entry points to ../../build/me495_yolo/me495_yolo.egg-info/entry_points.txt
[1.245s] writing requirements to ../../build/me495_yolo/me495_yolo.egg-info/requires.txt
[1.246s] writing top-level names to ../../build/me495_yolo/me495_yolo.egg-info/top_level.txt
[1.294s] reading manifest file '../../build/me495_yolo/me495_yolo.egg-info/SOURCES.txt'
[1.294s] writing manifest file '../../build/me495_yolo/me495_yolo.egg-info/SOURCES.txt'
[1.294s] running build
[1.294s] running build_py
[1.295s] copying me495_yolo/yolo.py -> /home/catherine-maglione/yolo_home/build/me495_yolo/build/lib/me495_yolo
[1.295s] running install
[1.301s] running install_lib
[1.326s] copying /home/catherine-maglione/yolo_home/build/me495_yolo/build/lib/me495_yolo/yolo.py -> /home/catherine-maglione/yolo_home/install/me495_yolo/lib/python3.12/site-packages/me495_yolo
[1.326s] byte-compiling /home/catherine-maglione/yolo_home/install/me495_yolo/lib/python3.12/site-packages/me495_yolo/yolo.py to yolo.cpython-312.pyc
[1.328s] running install_data
[1.328s] running install_egg_info
[1.352s] removing '/home/catherine-maglione/yolo_home/install/me495_yolo/lib/python3.12/site-packages/me495_yolo-0.0.0-py3.12.egg-info' (and everything under it)
[1.352s] Copying ../../build/me495_yolo/me495_yolo.egg-info to /home/catherine-maglione/yolo_home/install/me495_yolo/lib/python3.12/site-packages/me495_yolo-0.0.0-py3.12.egg-info
[1.353s] running install_scripts
[1.517s] Installing yolo script to /home/catherine-maglione/yolo_home/install/me495_yolo/lib/me495_yolo
[1.517s] writing list of installed files to '/home/catherine-maglione/yolo_home/build/me495_yolo/install.log'
[1.544s] Invoked command in '/home/catherine-maglione/yolo_home/src/me495_yolo' returned '0': PYTHONPATH=/home/catherine-maglione/yolo_home/build/me495_yolo/prefix_override:/usr/lib/python3/dist-packages/colcon_core/task/python/colcon_distutils_commands:/home/catherine-maglione/yolo_home/install/me495_yolo/lib/python3.12/site-packages:${PYTHONPATH} /usr/bin/python3 -W ignore:setup.py install is deprecated setup.py egg_info --egg-base ../../build/me495_yolo build --build-base /home/catherine-maglione/yolo_home/build/me495_yolo/build install --record /home/catherine-maglione/yolo_home/build/me495_yolo/install.log --single-version-externally-managed install_data
