[0.460s] Invoking command in '/home/catherine-maglione/yolo_home/src/me495_yolo': CMAKE_PREFIX_PATH=/home/catherine-maglione/yolo_home/src/install/nuturtlebot_msgs:/home/catherine-maglione/yolo_home/src/install/numsr_turtlebot:/home/catherine-maglione/yolo_home/install/numsr_turtlebot:/home/catherine-maglione/yolo_home/install/nuturtlebot_msgs:/opt/ros/jazzy/opt/gz_sim_vendor:/opt/ros/jazzy/opt/gz_sensors_vendor:/opt/ros/jazzy/opt/gz_physics_vendor:/opt/ros/jazzy/opt/sdformat_vendor:/opt/ros/jazzy/opt/gz_gui_vendor:/opt/ros/jazzy/opt/gz_transport_vendor:/opt/ros/jazzy/opt/gz_rendering_vendor:/opt/ros/jazzy/opt/gz_plugin_vendor:/opt/ros/jazzy/opt/gz_fuel_tools_vendor:/opt/ros/jazzy/opt/gz_msgs_vendor:/opt/ros/jazzy/opt/gz_common_vendor:/opt/ros/jazzy/opt/gz_math_vendor:/opt/ros/jazzy/opt/gz_utils_vendor:/opt/ros/jazzy/opt/gz_tools_vendor:/opt/ros/jazzy/opt/gz_ogre_next_vendor:/opt/ros/jazzy/opt/gz_dartsim_vendor:/opt/ros/jazzy/opt/gz_cmake_vendor PYTHONPATH=/home/catherine-maglione/yolo_home/src/build/me495_yolo/prefix_override:/usr/lib/python3/dist-packages/colcon_core/task/python/colcon_distutils_commands:/home/catherine-maglione/yolo_home/src/install/me495_yolo/lib/python3.12/site-packages:/home/catherine-maglione/yolo_home/src/install/nuturtlebot_msgs/lib/python3.12/site-packages:/home/catherine-maglione/yolo_home/src/install/me495_yolo/lib/python3.12/site-packages:/home/catherine-maglione/yolo_home/install/me495_yolo/lib/python3.12/site-packages:/home/catherine-maglione/yolo_home/install/nuturtlebot_msgs/lib/python3.12/site-packages:/opt/ros/jazzy/lib/python3.12/site-packages /usr/bin/python3 -W ignore:setup.py install is deprecated setup.py egg_info --egg-base ../build/me495_yolo build --build-base /home/catherine-maglione/yolo_home/src/build/me495_yolo/build install --record /home/catherine-maglione/yolo_home/src/build/me495_yolo/install.log --single-version-externally-managed install_data
[0.613s] running egg_info
[0.624s] writing ../build/me495_yolo/me495_yolo.egg-info/PKG-INFO
[0.625s] writing dependency_links to ../build/me495_yolo/me495_yolo.egg-info/dependency_links.txt
[0.625s] writing entry points to ../build/me495_yolo/me495_yolo.egg-info/entry_points.txt
[0.625s] writing top-level names to ../build/me495_yolo/me495_yolo.egg-info/top_level.txt
[0.650s] reading manifest file '../build/me495_yolo/me495_yolo.egg-info/SOURCES.txt'
[0.650s] writing manifest file '../build/me495_yolo/me495_yolo.egg-info/SOURCES.txt'
[0.650s] running build
[0.650s] running build_py
[0.650s] copying me495_yolo/waypoint.py -> /home/catherine-maglione/yolo_home/src/build/me495_yolo/build/lib/me495_yolo
[0.650s] running install
[0.654s] running install_lib
[0.666s] copying /home/catherine-maglione/yolo_home/src/build/me495_yolo/build/lib/me495_yolo/waypoint.py -> /home/catherine-maglione/yolo_home/src/install/me495_yolo/lib/python3.12/site-packages/me495_yolo
[0.666s] byte-compiling /home/catherine-maglione/yolo_home/src/install/me495_yolo/lib/python3.12/site-packages/me495_yolo/waypoint.py to waypoint.cpython-312.pyc
[0.668s] running install_data
[0.668s] running install_egg_info
[0.680s] removing '/home/catherine-maglione/yolo_home/src/install/me495_yolo/lib/python3.12/site-packages/me495_yolo-0.0.0-py3.12.egg-info' (and everything under it)
[0.680s] Copying ../build/me495_yolo/me495_yolo.egg-info to /home/catherine-maglione/yolo_home/src/install/me495_yolo/lib/python3.12/site-packages/me495_yolo-0.0.0-py3.12.egg-info
[0.681s] running install_scripts
[0.755s] Installing waypoint script to /home/catherine-maglione/yolo_home/src/install/me495_yolo/lib/me495_yolo
[0.755s] Installing waypoint_follower script to /home/catherine-maglione/yolo_home/src/install/me495_yolo/lib/me495_yolo
[0.755s] Installing yolo script to /home/catherine-maglione/yolo_home/src/install/me495_yolo/lib/me495_yolo
[0.755s] writing list of installed files to '/home/catherine-maglione/yolo_home/src/build/me495_yolo/install.log'
[0.768s] Invoked command in '/home/catherine-maglione/yolo_home/src/me495_yolo' returned '0': CMAKE_PREFIX_PATH=/home/catherine-maglione/yolo_home/src/install/nuturtlebot_msgs:/home/catherine-maglione/yolo_home/src/install/numsr_turtlebot:/home/catherine-maglione/yolo_home/install/numsr_turtlebot:/home/catherine-maglione/yolo_home/install/nuturtlebot_msgs:/opt/ros/jazzy/opt/gz_sim_vendor:/opt/ros/jazzy/opt/gz_sensors_vendor:/opt/ros/jazzy/opt/gz_physics_vendor:/opt/ros/jazzy/opt/sdformat_vendor:/opt/ros/jazzy/opt/gz_gui_vendor:/opt/ros/jazzy/opt/gz_transport_vendor:/opt/ros/jazzy/opt/gz_rendering_vendor:/opt/ros/jazzy/opt/gz_plugin_vendor:/opt/ros/jazzy/opt/gz_fuel_tools_vendor:/opt/ros/jazzy/opt/gz_msgs_vendor:/opt/ros/jazzy/opt/gz_common_vendor:/opt/ros/jazzy/opt/gz_math_vendor:/opt/ros/jazzy/opt/gz_utils_vendor:/opt/ros/jazzy/opt/gz_tools_vendor:/opt/ros/jazzy/opt/gz_ogre_next_vendor:/opt/ros/jazzy/opt/gz_dartsim_vendor:/opt/ros/jazzy/opt/gz_cmake_vendor PYTHONPATH=/home/catherine-maglione/yolo_home/src/build/me495_yolo/prefix_override:/usr/lib/python3/dist-packages/colcon_core/task/python/colcon_distutils_commands:/home/catherine-maglione/yolo_home/src/install/me495_yolo/lib/python3.12/site-packages:/home/catherine-maglione/yolo_home/src/install/nuturtlebot_msgs/lib/python3.12/site-packages:/home/catherine-maglione/yolo_home/src/install/me495_yolo/lib/python3.12/site-packages:/home/catherine-maglione/yolo_home/install/me495_yolo/lib/python3.12/site-packages:/home/catherine-maglione/yolo_home/install/nuturtlebot_msgs/lib/python3.12/site-packages:/opt/ros/jazzy/lib/python3.12/site-packages /usr/bin/python3 -W ignore:setup.py install is deprecated setup.py egg_info --egg-base ../build/me495_yolo build --build-base /home/catherine-maglione/yolo_home/src/build/me495_yolo/build install --record /home/catherine-maglione/yolo_home/src/build/me495_yolo/install.log --single-version-externally-managed install_data
