[0.006s] Invoking command in '/home/catherine-maglione/yolo_home/src/build/nuturtlebot_msgs': CMAKE_PREFIX_PATH=${CMAKE_PREFIX_PATH}:/home/catherine-maglione/yolo_home/install/me495_yolo:/opt/ros/jazzy /usr/bin/cmake --build /home/catherine-maglione/yolo_home/src/build/nuturtlebot_msgs -- -j32 -l32
[0.026s] -- Found ament_cmake: 2.5.2 (/opt/ros/jazzy/share/ament_cmake/cmake)
[0.047s] -- Found Python3: /usr/bin/python3 (found version "3.12.3") found components: Interpreter 
[0.103s] -- Found builtin_interfaces: 2.0.2 (/opt/ros/jazzy/share/builtin_interfaces/cmake)
[0.122s] -- Found rosidl_generator_c: 4.6.3 (/opt/ros/jazzy/share/rosidl_generator_c/cmake)
[0.128s] -- Found rosidl_generator_cpp: 4.6.3 (/opt/ros/jazzy/share/rosidl_generator_cpp/cmake)
[0.136s] -- Using all available rosidl_typesupport_c: rosidl_typesupport_fastrtps_c;rosidl_typesupport_introspection_c
[0.145s] -- Using all available rosidl_typesupport_cpp: rosidl_typesupport_fastrtps_cpp;rosidl_typesupport_introspection_cpp
[0.153s] -- Found rosidl_default_generators: 1.6.0 (/opt/ros/jazzy/share/rosidl_default_generators/cmake)
[0.158s] -- Found rosidl_adapter: 4.6.3 (/opt/ros/jazzy/share/rosidl_adapter/cmake)
[0.318s] -- Found ament_cmake_ros: 0.12.0 (/opt/ros/jazzy/share/ament_cmake_ros/cmake)
[0.453s] -- Using all available rosidl_typesupport_c: rosidl_typesupport_fastrtps_c;rosidl_typesupport_introspection_c
[0.505s] -- Using all available rosidl_typesupport_cpp: rosidl_typesupport_fastrtps_cpp;rosidl_typesupport_introspection_cpp
[0.506s] -- Found python_cmake_module: 0.11.1 (/opt/ros/jazzy/share/python_cmake_module/cmake)
[0.657s] -- Found Python3: /usr/bin/python3 (found version "3.12.3") found components: Interpreter Development NumPy Development.Module Development.Embed 
[0.670s] -- Configuring done (0.6s)
[0.697s] -- Generating done (0.0s)
[0.699s] -- Build files have been written to: /home/catherine-maglione/yolo_home/src/build/nuturtlebot_msgs
[0.724s] [  2%] [34m[1mGenerating type hashes for ROS interfaces[0m
[0.731s] [  2%] Built target ament_cmake_python_copy_nuturtlebot_msgs
[0.860s] running egg_info
[0.861s] creating nuturtlebot_msgs.egg-info
[0.866s] [  2%] Built target nuturtlebot_msgs__rosidl_generator_type_description
[0.874s] [  4%] [34m[1mGenerating C code for ROS interfaces[0m
[0.879s] writing nuturtlebot_msgs.egg-info/PKG-INFO
[0.879s] writing dependency_links to nuturtlebot_msgs.egg-info/dependency_links.txt
[0.879s] writing top-level names to nuturtlebot_msgs.egg-info/top_level.txt
[0.879s] writing manifest file 'nuturtlebot_msgs.egg-info/SOURCES.txt'
[0.880s] [  6%] [34m[1mGenerating C++ code for ROS interfaces[0m
[0.916s] reading manifest file 'nuturtlebot_msgs.egg-info/SOURCES.txt'
[0.916s] writing manifest file 'nuturtlebot_msgs.egg-info/SOURCES.txt'
[0.934s] [  6%] Built target ament_cmake_python_build_nuturtlebot_msgs_egg
[1.053s] [  6%] Built target nuturtlebot_msgs__cpp
[1.072s] [  9%] [32mBuilding C object CMakeFiles/nuturtlebot_msgs__rosidl_generator_c.dir/rosidl_generator_c/nuturtlebot_msgs/msg/detail/sensor_data__functions.c.o[0m
[1.073s] [ 11%] [32mBuilding C object CMakeFiles/nuturtlebot_msgs__rosidl_generator_c.dir/rosidl_generator_c/nuturtlebot_msgs/msg/detail/wheel_commands__description.c.o[0m
[1.074s] [ 13%] [32mBuilding C object CMakeFiles/nuturtlebot_msgs__rosidl_generator_c.dir/rosidl_generator_c/nuturtlebot_msgs/msg/detail/sensor_data__description.c.o[0m
[1.075s] [ 15%] [32mBuilding C object CMakeFiles/nuturtlebot_msgs__rosidl_generator_c.dir/rosidl_generator_c/nuturtlebot_msgs/msg/detail/sensor_data__type_support.c.o[0m
[1.075s] [ 18%] [32mBuilding C object CMakeFiles/nuturtlebot_msgs__rosidl_generator_c.dir/rosidl_generator_c/nuturtlebot_msgs/msg/detail/wheel_commands__functions.c.o[0m
[1.075s] [ 20%] [32mBuilding C object CMakeFiles/nuturtlebot_msgs__rosidl_generator_c.dir/rosidl_generator_c/nuturtlebot_msgs/msg/detail/wheel_commands__type_support.c.o[0m
[1.103s] [ 22%] [32m[1mLinking C shared library libnuturtlebot_msgs__rosidl_generator_c.so[0m
[1.132s] [ 22%] Built target nuturtlebot_msgs__rosidl_generator_c
[1.148s] [ 25%] [34m[1mGenerating C introspection for ROS interfaces[0m
[1.148s] [ 31%] [34m[1mGenerating C++ type support dispatch for ROS interfaces[0m
[1.148s] [ 31%] [34m[1mGenerating C type support for eProsima Fast-RTPS[0m
[1.148s] [ 31%] [34m[1mGenerating C++ type support for eProsima Fast-RTPS[0m
[1.149s] [ 34%] [34m[1mGenerating C type support dispatch for ROS interfaces[0m
[1.149s] [ 36%] [34m[1mGenerating C++ introspection for ROS interfaces[0m
[1.321s] [ 38%] [32mBuilding CXX object CMakeFiles/nuturtlebot_msgs__rosidl_typesupport_cpp.dir/rosidl_typesupport_cpp/nuturtlebot_msgs/msg/sensor_data__type_support.cpp.o[0m
[1.321s] [ 40%] [32mBuilding CXX object CMakeFiles/nuturtlebot_msgs__rosidl_typesupport_c.dir/rosidl_typesupport_c/nuturtlebot_msgs/msg/wheel_commands__type_support.cpp.o[0m
[1.321s] [ 43%] [32mBuilding CXX object CMakeFiles/nuturtlebot_msgs__rosidl_typesupport_cpp.dir/rosidl_typesupport_cpp/nuturtlebot_msgs/msg/wheel_commands__type_support.cpp.o[0m
[1.322s] [ 45%] [32mBuilding CXX object CMakeFiles/nuturtlebot_msgs__rosidl_typesupport_c.dir/rosidl_typesupport_c/nuturtlebot_msgs/msg/sensor_data__type_support.cpp.o[0m
[1.327s] [ 47%] [32mBuilding C object CMakeFiles/nuturtlebot_msgs__rosidl_typesupport_introspection_c.dir/rosidl_typesupport_introspection_c/nuturtlebot_msgs/msg/detail/wheel_commands__type_support.c.o[0m
[1.327s] [ 52%] [32mBuilding CXX object CMakeFiles/nuturtlebot_msgs__rosidl_typesupport_introspection_cpp.dir/rosidl_typesupport_introspection_cpp/nuturtlebot_msgs/msg/detail/sensor_data__type_support.cpp.o[0m
[1.327s] [ 52%] [32mBuilding CXX object CMakeFiles/nuturtlebot_msgs__rosidl_typesupport_introspection_cpp.dir/rosidl_typesupport_introspection_cpp/nuturtlebot_msgs/msg/detail/wheel_commands__type_support.cpp.o[0m
[1.328s] [ 54%] [32mBuilding C object CMakeFiles/nuturtlebot_msgs__rosidl_typesupport_introspection_c.dir/rosidl_typesupport_introspection_c/nuturtlebot_msgs/msg/detail/sensor_data__type_support.c.o[0m
[1.344s] [ 56%] [32mBuilding CXX object CMakeFiles/nuturtlebot_msgs__rosidl_typesupport_fastrtps_c.dir/rosidl_typesupport_fastrtps_c/nuturtlebot_msgs/msg/detail/wheel_commands__type_support_c.cpp.o[0m
[1.344s] [ 59%] [32mBuilding CXX object CMakeFiles/nuturtlebot_msgs__rosidl_typesupport_fastrtps_cpp.dir/rosidl_typesupport_fastrtps_cpp/nuturtlebot_msgs/msg/detail/dds_fastrtps/wheel_commands__type_support.cpp.o[0m
[1.344s] [ 61%] [32mBuilding CXX object CMakeFiles/nuturtlebot_msgs__rosidl_typesupport_fastrtps_cpp.dir/rosidl_typesupport_fastrtps_cpp/nuturtlebot_msgs/msg/detail/dds_fastrtps/sensor_data__type_support.cpp.o[0m
[1.344s] [ 63%] [32mBuilding CXX object CMakeFiles/nuturtlebot_msgs__rosidl_typesupport_fastrtps_c.dir/rosidl_typesupport_fastrtps_c/nuturtlebot_msgs/msg/detail/sensor_data__type_support_c.cpp.o[0m
[1.349s] [ 65%] [32m[1mLinking C shared library libnuturtlebot_msgs__rosidl_typesupport_introspection_c.so[0m
[1.370s] [ 65%] Built target nuturtlebot_msgs__rosidl_typesupport_introspection_c
[1.385s] [ 68%] [32m[1mLinking CXX shared library libnuturtlebot_msgs__rosidl_typesupport_c.so[0m
[1.419s] [ 68%] Built target nuturtlebot_msgs__rosidl_typesupport_c
[1.525s] [ 70%] [32m[1mLinking CXX shared library libnuturtlebot_msgs__rosidl_typesupport_introspection_cpp.so[0m
[1.553s] [ 72%] [32m[1mLinking CXX shared library libnuturtlebot_msgs__rosidl_typesupport_cpp.so[0m
[1.567s] [ 72%] Built target nuturtlebot_msgs__rosidl_typesupport_introspection_cpp
[1.584s] [ 72%] Built target nuturtlebot_msgs__rosidl_typesupport_cpp
[1.608s] [ 75%] [32m[1mLinking CXX shared library libnuturtlebot_msgs__rosidl_typesupport_fastrtps_c.so[0m
[1.610s] [ 77%] [32m[1mLinking CXX shared library libnuturtlebot_msgs__rosidl_typesupport_fastrtps_cpp.so[0m
[1.635s] [ 77%] Built target nuturtlebot_msgs__rosidl_typesupport_fastrtps_c
[1.639s] [ 77%] Built target nuturtlebot_msgs__rosidl_typesupport_fastrtps_cpp
[1.655s] [ 77%] Built target nuturtlebot_msgs
[1.686s] [ 79%] [34m[1mGenerating Python code for ROS interfaces[0m
[1.953s] [ 79%] Built target nuturtlebot_msgs__py
[1.977s] [ 81%] [32mBuilding C object CMakeFiles/nuturtlebot_msgs__rosidl_generator_py.dir/rosidl_generator_py/nuturtlebot_msgs/msg/_sensor_data_s.c.o[0m
[1.977s] [ 84%] [32mBuilding C object CMakeFiles/nuturtlebot_msgs__rosidl_generator_py.dir/rosidl_generator_py/nuturtlebot_msgs/msg/_wheel_commands_s.c.o[0m
[2.054s] [ 86%] [32m[1mLinking C shared library libnuturtlebot_msgs__rosidl_generator_py.so[0m
[2.093s] [ 86%] Built target nuturtlebot_msgs__rosidl_generator_py
[2.118s] [ 90%] [32mBuilding C object CMakeFiles/nuturtlebot_msgs_s__rosidl_typesupport_introspection_c.dir/rosidl_generator_py/nuturtlebot_msgs/_nuturtlebot_msgs_s.ep.rosidl_typesupport_introspection_c.c.o[0m
[2.119s] [ 90%] [32mBuilding C object CMakeFiles/nuturtlebot_msgs_s__rosidl_typesupport_fastrtps_c.dir/rosidl_generator_py/nuturtlebot_msgs/_nuturtlebot_msgs_s.ep.rosidl_typesupport_fastrtps_c.c.o[0m
[2.119s] [ 93%] [32mBuilding C object CMakeFiles/nuturtlebot_msgs_s__rosidl_typesupport_c.dir/rosidl_generator_py/nuturtlebot_msgs/_nuturtlebot_msgs_s.ep.rosidl_typesupport_c.c.o[0m
[2.176s] [ 95%] [32m[1mLinking C shared module rosidl_generator_py/nuturtlebot_msgs/nuturtlebot_msgs_s__rosidl_typesupport_introspection_c.so[0m
[2.177s] [ 97%] [32m[1mLinking C shared module rosidl_generator_py/nuturtlebot_msgs/nuturtlebot_msgs_s__rosidl_typesupport_c.so[0m
[2.177s] [100%] [32m[1mLinking C shared module rosidl_generator_py/nuturtlebot_msgs/nuturtlebot_msgs_s__rosidl_typesupport_fastrtps_c.so[0m
[2.196s] [100%] Built target nuturtlebot_msgs_s__rosidl_typesupport_fastrtps_c
[2.196s] [100%] Built target nuturtlebot_msgs_s__rosidl_typesupport_introspection_c
[2.197s] [100%] Built target nuturtlebot_msgs_s__rosidl_typesupport_c
[2.205s] Invoked command in '/home/catherine-maglione/yolo_home/src/build/nuturtlebot_msgs' returned '0': CMAKE_PREFIX_PATH=${CMAKE_PREFIX_PATH}:/home/catherine-maglione/yolo_home/install/me495_yolo:/opt/ros/jazzy /usr/bin/cmake --build /home/catherine-maglione/yolo_home/src/build/nuturtlebot_msgs -- -j32 -l32
[2.365s] Invoking command in '/home/catherine-maglione/yolo_home/src/build/nuturtlebot_msgs': CMAKE_PREFIX_PATH=${CMAKE_PREFIX_PATH}:/home/catherine-maglione/yolo_home/install/me495_yolo:/opt/ros/jazzy /usr/bin/cmake --install /home/catherine-maglione/yolo_home/src/build/nuturtlebot_msgs
[2.374s] -- Install configuration: ""
[2.374s] -- Installing: /home/catherine-maglione/yolo_home/src/install/nuturtlebot_msgs/share/ament_index/resource_index/rosidl_interfaces/nuturtlebot_msgs
[2.375s] -- Installing: /home/catherine-maglione/yolo_home/src/install/nuturtlebot_msgs/share/nuturtlebot_msgs/msg/SensorData.json
[2.375s] -- Installing: /home/catherine-maglione/yolo_home/src/install/nuturtlebot_msgs/share/nuturtlebot_msgs/msg/WheelCommands.json
[2.375s] -- Installing: /home/catherine-maglione/yolo_home/src/install/nuturtlebot_msgs/include/nuturtlebot_msgs/nuturtlebot_msgs
[2.375s] -- Installing: /home/catherine-maglione/yolo_home/src/install/nuturtlebot_msgs/include/nuturtlebot_msgs/nuturtlebot_msgs/msg
[2.375s] -- Installing: /home/catherine-maglione/yolo_home/src/install/nuturtlebot_msgs/include/nuturtlebot_msgs/nuturtlebot_msgs/msg/rosidl_generator_c__visibility_control.h
[2.375s] -- Installing: /home/catherine-maglione/yolo_home/src/install/nuturtlebot_msgs/include/nuturtlebot_msgs/nuturtlebot_msgs/msg/detail
[2.376s] -- Installing: /home/catherine-maglione/yolo_home/src/install/nuturtlebot_msgs/include/nuturtlebot_msgs/nuturtlebot_msgs/msg/detail/sensor_data__type_support.c
[2.376s] -- Installing: /home/catherine-maglione/yolo_home/src/install/nuturtlebot_msgs/include/nuturtlebot_msgs/nuturtlebot_msgs/msg/detail/sensor_data__struct.h
[2.376s] -- Installing: /home/catherine-maglione/yolo_home/src/install/nuturtlebot_msgs/include/nuturtlebot_msgs/nuturtlebot_msgs/msg/detail/sensor_data__description.c
[2.376s] -- Installing: /home/catherine-maglione/yolo_home/src/install/nuturtlebot_msgs/include/nuturtlebot_msgs/nuturtlebot_msgs/msg/detail/wheel_commands__type_support.c
[2.376s] -- Installing: /home/catherine-maglione/yolo_home/src/install/nuturtlebot_msgs/include/nuturtlebot_msgs/nuturtlebot_msgs/msg/detail/sensor_data__functions.c
[2.376s] -- Installing: /home/catherine-maglione/yolo_home/src/install/nuturtlebot_msgs/include/nuturtlebot_msgs/nuturtlebot_msgs/msg/detail/wheel_commands__functions.h
[2.376s] -- Installing: /home/catherine-maglione/yolo_home/src/install/nuturtlebot_msgs/include/nuturtlebot_msgs/nuturtlebot_msgs/msg/detail/sensor_data__functions.h
[2.376s] -- Installing: /home/catherine-maglione/yolo_home/src/install/nuturtlebot_msgs/include/nuturtlebot_msgs/nuturtlebot_msgs/msg/detail/wheel_commands__description.c
[2.376s] -- Installing: /home/catherine-maglione/yolo_home/src/install/nuturtlebot_msgs/include/nuturtlebot_msgs/nuturtlebot_msgs/msg/detail/wheel_commands__struct.h
[2.376s] -- Installing: /home/catherine-maglione/yolo_home/src/install/nuturtlebot_msgs/include/nuturtlebot_msgs/nuturtlebot_msgs/msg/detail/sensor_data__type_support.h
[2.377s] -- Installing: /home/catherine-maglione/yolo_home/src/install/nuturtlebot_msgs/include/nuturtlebot_msgs/nuturtlebot_msgs/msg/detail/wheel_commands__type_support.h
[2.377s] -- Installing: /home/catherine-maglione/yolo_home/src/install/nuturtlebot_msgs/include/nuturtlebot_msgs/nuturtlebot_msgs/msg/detail/wheel_commands__functions.c
[2.377s] -- Installing: /home/catherine-maglione/yolo_home/src/install/nuturtlebot_msgs/include/nuturtlebot_msgs/nuturtlebot_msgs/msg/sensor_data.h
[2.377s] -- Installing: /home/catherine-maglione/yolo_home/src/install/nuturtlebot_msgs/include/nuturtlebot_msgs/nuturtlebot_msgs/msg/wheel_commands.h
[2.377s] -- Installing: /home/catherine-maglione/yolo_home/src/install/nuturtlebot_msgs/share/nuturtlebot_msgs/environment/library_path.sh
[2.377s] -- Installing: /home/catherine-maglione/yolo_home/src/install/nuturtlebot_msgs/share/nuturtlebot_msgs/environment/library_path.dsv
[2.377s] -- Installing: /home/catherine-maglione/yolo_home/src/install/nuturtlebot_msgs/lib/libnuturtlebot_msgs__rosidl_generator_c.so
[2.377s] -- Set non-toolchain portion of runtime path of "/home/catherine-maglione/yolo_home/src/install/nuturtlebot_msgs/lib/libnuturtlebot_msgs__rosidl_generator_c.so" to ""
[2.377s] -- Up-to-date: /home/catherine-maglione/yolo_home/src/install/nuturtlebot_msgs/include/nuturtlebot_msgs/nuturtlebot_msgs
[2.378s] -- Up-to-date: /home/catherine-maglione/yolo_home/src/install/nuturtlebot_msgs/include/nuturtlebot_msgs/nuturtlebot_msgs/msg
[2.378s] -- Up-to-date: /home/catherine-maglione/yolo_home/src/install/nuturtlebot_msgs/include/nuturtlebot_msgs/nuturtlebot_msgs/msg/detail
[2.378s] -- Installing: /home/catherine-maglione/yolo_home/src/install/nuturtlebot_msgs/include/nuturtlebot_msgs/nuturtlebot_msgs/msg/detail/wheel_commands__rosidl_typesupport_fastrtps_c.h
[2.378s] -- Installing: /home/catherine-maglione/yolo_home/src/install/nuturtlebot_msgs/include/nuturtlebot_msgs/nuturtlebot_msgs/msg/detail/sensor_data__rosidl_typesupport_fastrtps_c.h
[2.378s] -- Installing: /home/catherine-maglione/yolo_home/src/install/nuturtlebot_msgs/include/nuturtlebot_msgs/nuturtlebot_msgs/msg/rosidl_typesupport_fastrtps_c__visibility_control.h
[2.378s] -- Installing: /home/catherine-maglione/yolo_home/src/install/nuturtlebot_msgs/lib/libnuturtlebot_msgs__rosidl_typesupport_fastrtps_c.so
[2.378s] -- Set non-toolchain portion of runtime path of "/home/catherine-maglione/yolo_home/src/install/nuturtlebot_msgs/lib/libnuturtlebot_msgs__rosidl_typesupport_fastrtps_c.so" to ""
[2.378s] -- Up-to-date: /home/catherine-maglione/yolo_home/src/install/nuturtlebot_msgs/include/nuturtlebot_msgs/nuturtlebot_msgs
[2.378s] -- Up-to-date: /home/catherine-maglione/yolo_home/src/install/nuturtlebot_msgs/include/nuturtlebot_msgs/nuturtlebot_msgs/msg
[2.378s] -- Up-to-date: /home/catherine-maglione/yolo_home/src/install/nuturtlebot_msgs/include/nuturtlebot_msgs/nuturtlebot_msgs/msg/detail
[2.378s] -- Installing: /home/catherine-maglione/yolo_home/src/install/nuturtlebot_msgs/include/nuturtlebot_msgs/nuturtlebot_msgs/msg/detail/wheel_commands__type_support.hpp
[2.379s] -- Installing: /home/catherine-maglione/yolo_home/src/install/nuturtlebot_msgs/include/nuturtlebot_msgs/nuturtlebot_msgs/msg/detail/wheel_commands__builder.hpp
[2.379s] -- Installing: /home/catherine-maglione/yolo_home/src/install/nuturtlebot_msgs/include/nuturtlebot_msgs/nuturtlebot_msgs/msg/detail/sensor_data__traits.hpp
[2.379s] -- Installing: /home/catherine-maglione/yolo_home/src/install/nuturtlebot_msgs/include/nuturtlebot_msgs/nuturtlebot_msgs/msg/detail/sensor_data__type_support.hpp
[2.379s] -- Installing: /home/catherine-maglione/yolo_home/src/install/nuturtlebot_msgs/include/nuturtlebot_msgs/nuturtlebot_msgs/msg/detail/wheel_commands__struct.hpp
[2.379s] -- Installing: /home/catherine-maglione/yolo_home/src/install/nuturtlebot_msgs/include/nuturtlebot_msgs/nuturtlebot_msgs/msg/detail/wheel_commands__traits.hpp
[2.379s] -- Installing: /home/catherine-maglione/yolo_home/src/install/nuturtlebot_msgs/include/nuturtlebot_msgs/nuturtlebot_msgs/msg/detail/sensor_data__struct.hpp
[2.379s] -- Installing: /home/catherine-maglione/yolo_home/src/install/nuturtlebot_msgs/include/nuturtlebot_msgs/nuturtlebot_msgs/msg/detail/sensor_data__builder.hpp
[2.379s] -- Installing: /home/catherine-maglione/yolo_home/src/install/nuturtlebot_msgs/include/nuturtlebot_msgs/nuturtlebot_msgs/msg/rosidl_generator_cpp__visibility_control.hpp
[2.380s] -- Installing: /home/catherine-maglione/yolo_home/src/install/nuturtlebot_msgs/include/nuturtlebot_msgs/nuturtlebot_msgs/msg/wheel_commands.hpp
[2.380s] -- Installing: /home/catherine-maglione/yolo_home/src/install/nuturtlebot_msgs/include/nuturtlebot_msgs/nuturtlebot_msgs/msg/sensor_data.hpp
[2.380s] -- Up-to-date: /home/catherine-maglione/yolo_home/src/install/nuturtlebot_msgs/include/nuturtlebot_msgs/nuturtlebot_msgs
[2.380s] -- Up-to-date: /home/catherine-maglione/yolo_home/src/install/nuturtlebot_msgs/include/nuturtlebot_msgs/nuturtlebot_msgs/msg
[2.380s] -- Up-to-date: /home/catherine-maglione/yolo_home/src/install/nuturtlebot_msgs/include/nuturtlebot_msgs/nuturtlebot_msgs/msg/detail
[2.380s] -- Installing: /home/catherine-maglione/yolo_home/src/install/nuturtlebot_msgs/include/nuturtlebot_msgs/nuturtlebot_msgs/msg/detail/dds_fastrtps
[2.380s] -- Installing: /home/catherine-maglione/yolo_home/src/install/nuturtlebot_msgs/include/nuturtlebot_msgs/nuturtlebot_msgs/msg/detail/wheel_commands__rosidl_typesupport_fastrtps_cpp.hpp
[2.380s] -- Installing: /home/catherine-maglione/yolo_home/src/install/nuturtlebot_msgs/include/nuturtlebot_msgs/nuturtlebot_msgs/msg/detail/sensor_data__rosidl_typesupport_fastrtps_cpp.hpp
[2.380s] -- Installing: /home/catherine-maglione/yolo_home/src/install/nuturtlebot_msgs/include/nuturtlebot_msgs/nuturtlebot_msgs/msg/rosidl_typesupport_fastrtps_cpp__visibility_control.h
[2.380s] -- Installing: /home/catherine-maglione/yolo_home/src/install/nuturtlebot_msgs/lib/libnuturtlebot_msgs__rosidl_typesupport_fastrtps_cpp.so
[2.380s] -- Set non-toolchain portion of runtime path of "/home/catherine-maglione/yolo_home/src/install/nuturtlebot_msgs/lib/libnuturtlebot_msgs__rosidl_typesupport_fastrtps_cpp.so" to ""
[2.380s] -- Up-to-date: /home/catherine-maglione/yolo_home/src/install/nuturtlebot_msgs/include/nuturtlebot_msgs/nuturtlebot_msgs
[2.381s] -- Up-to-date: /home/catherine-maglione/yolo_home/src/install/nuturtlebot_msgs/include/nuturtlebot_msgs/nuturtlebot_msgs/msg
[2.381s] -- Up-to-date: /home/catherine-maglione/yolo_home/src/install/nuturtlebot_msgs/include/nuturtlebot_msgs/nuturtlebot_msgs/msg/detail
[2.381s] -- Up-to-date: /home/catherine-maglione/yolo_home/src/install/nuturtlebot_msgs/include/nuturtlebot_msgs/nuturtlebot_msgs/msg/detail/sensor_data__type_support.c
[2.381s] -- Up-to-date: /home/catherine-maglione/yolo_home/src/install/nuturtlebot_msgs/include/nuturtlebot_msgs/nuturtlebot_msgs/msg/detail/wheel_commands__type_support.c
[2.381s] -- Installing: /home/catherine-maglione/yolo_home/src/install/nuturtlebot_msgs/include/nuturtlebot_msgs/nuturtlebot_msgs/msg/detail/sensor_data__rosidl_typesupport_introspection_c.h
[2.381s] -- Installing: /home/catherine-maglione/yolo_home/src/install/nuturtlebot_msgs/include/nuturtlebot_msgs/nuturtlebot_msgs/msg/detail/wheel_commands__rosidl_typesupport_introspection_c.h
[2.381s] -- Installing: /home/catherine-maglione/yolo_home/src/install/nuturtlebot_msgs/include/nuturtlebot_msgs/nuturtlebot_msgs/msg/rosidl_typesupport_introspection_c__visibility_control.h
[2.381s] -- Installing: /home/catherine-maglione/yolo_home/src/install/nuturtlebot_msgs/lib/libnuturtlebot_msgs__rosidl_typesupport_introspection_c.so
[2.381s] -- Set non-toolchain portion of runtime path of "/home/catherine-maglione/yolo_home/src/install/nuturtlebot_msgs/lib/libnuturtlebot_msgs__rosidl_typesupport_introspection_c.so" to ""
[2.381s] -- Installing: /home/catherine-maglione/yolo_home/src/install/nuturtlebot_msgs/lib/libnuturtlebot_msgs__rosidl_typesupport_c.so
[2.382s] -- Set non-toolchain portion of runtime path of "/home/catherine-maglione/yolo_home/src/install/nuturtlebot_msgs/lib/libnuturtlebot_msgs__rosidl_typesupport_c.so" to ""
[2.382s] -- Up-to-date: /home/catherine-maglione/yolo_home/src/install/nuturtlebot_msgs/include/nuturtlebot_msgs/nuturtlebot_msgs
[2.382s] -- Up-to-date: /home/catherine-maglione/yolo_home/src/install/nuturtlebot_msgs/include/nuturtlebot_msgs/nuturtlebot_msgs/msg
[2.382s] -- Up-to-date: /home/catherine-maglione/yolo_home/src/install/nuturtlebot_msgs/include/nuturtlebot_msgs/nuturtlebot_msgs/msg/detail
[2.382s] -- Installing: /home/catherine-maglione/yolo_home/src/install/nuturtlebot_msgs/include/nuturtlebot_msgs/nuturtlebot_msgs/msg/detail/wheel_commands__type_support.cpp
[2.382s] -- Installing: /home/catherine-maglione/yolo_home/src/install/nuturtlebot_msgs/include/nuturtlebot_msgs/nuturtlebot_msgs/msg/detail/sensor_data__rosidl_typesupport_introspection_cpp.hpp
[2.383s] -- Installing: /home/catherine-maglione/yolo_home/src/install/nuturtlebot_msgs/include/nuturtlebot_msgs/nuturtlebot_msgs/msg/detail/wheel_commands__rosidl_typesupport_introspection_cpp.hpp
[2.383s] -- Installing: /home/catherine-maglione/yolo_home/src/install/nuturtlebot_msgs/include/nuturtlebot_msgs/nuturtlebot_msgs/msg/detail/sensor_data__type_support.cpp
[2.383s] -- Installing: /home/catherine-maglione/yolo_home/src/install/nuturtlebot_msgs/lib/libnuturtlebot_msgs__rosidl_typesupport_introspection_cpp.so
[2.383s] -- Set non-toolchain portion of runtime path of "/home/catherine-maglione/yolo_home/src/install/nuturtlebot_msgs/lib/libnuturtlebot_msgs__rosidl_typesupport_introspection_cpp.so" to ""
[2.383s] -- Installing: /home/catherine-maglione/yolo_home/src/install/nuturtlebot_msgs/lib/libnuturtlebot_msgs__rosidl_typesupport_cpp.so
[2.383s] -- Set non-toolchain portion of runtime path of "/home/catherine-maglione/yolo_home/src/install/nuturtlebot_msgs/lib/libnuturtlebot_msgs__rosidl_typesupport_cpp.so" to ""
[2.383s] -- Installing: /home/catherine-maglione/yolo_home/src/install/nuturtlebot_msgs/share/nuturtlebot_msgs/environment/pythonpath.sh
[2.383s] -- Installing: /home/catherine-maglione/yolo_home/src/install/nuturtlebot_msgs/share/nuturtlebot_msgs/environment/pythonpath.dsv
[2.384s] -- Installing: /home/catherine-maglione/yolo_home/src/install/nuturtlebot_msgs/lib/python3.12/site-packages/nuturtlebot_msgs-0.0.2-py3.12.egg-info
[2.384s] -- Installing: /home/catherine-maglione/yolo_home/src/install/nuturtlebot_msgs/lib/python3.12/site-packages/nuturtlebot_msgs-0.0.2-py3.12.egg-info/SOURCES.txt
[2.384s] -- Installing: /home/catherine-maglione/yolo_home/src/install/nuturtlebot_msgs/lib/python3.12/site-packages/nuturtlebot_msgs-0.0.2-py3.12.egg-info/dependency_links.txt
[2.384s] -- Installing: /home/catherine-maglione/yolo_home/src/install/nuturtlebot_msgs/lib/python3.12/site-packages/nuturtlebot_msgs-0.0.2-py3.12.egg-info/PKG-INFO
[2.384s] -- Installing: /home/catherine-maglione/yolo_home/src/install/nuturtlebot_msgs/lib/python3.12/site-packages/nuturtlebot_msgs-0.0.2-py3.12.egg-info/top_level.txt
[2.384s] -- Installing: /home/catherine-maglione/yolo_home/src/install/nuturtlebot_msgs/lib/python3.12/site-packages/nuturtlebot_msgs
[2.384s] -- Installing: /home/catherine-maglione/yolo_home/src/install/nuturtlebot_msgs/lib/python3.12/site-packages/nuturtlebot_msgs/_nuturtlebot_msgs_s.ep.rosidl_typesupport_c.c
[2.384s] -- Installing: /home/catherine-maglione/yolo_home/src/install/nuturtlebot_msgs/lib/python3.12/site-packages/nuturtlebot_msgs/msg
[2.384s] -- Installing: /home/catherine-maglione/yolo_home/src/install/nuturtlebot_msgs/lib/python3.12/site-packages/nuturtlebot_msgs/msg/_sensor_data.py
[2.384s] -- Installing: /home/catherine-maglione/yolo_home/src/install/nuturtlebot_msgs/lib/python3.12/site-packages/nuturtlebot_msgs/msg/_wheel_commands_s.c
[2.384s] -- Installing: /home/catherine-maglione/yolo_home/src/install/nuturtlebot_msgs/lib/python3.12/site-packages/nuturtlebot_msgs/msg/_wheel_commands.py
[2.384s] -- Installing: /home/catherine-maglione/yolo_home/src/install/nuturtlebot_msgs/lib/python3.12/site-packages/nuturtlebot_msgs/msg/_sensor_data_s.c
[2.384s] -- Installing: /home/catherine-maglione/yolo_home/src/install/nuturtlebot_msgs/lib/python3.12/site-packages/nuturtlebot_msgs/msg/__init__.py
[2.385s] -- Installing: /home/catherine-maglione/yolo_home/src/install/nuturtlebot_msgs/lib/python3.12/site-packages/nuturtlebot_msgs/nuturtlebot_msgs_s__rosidl_typesupport_c.so
[2.385s] -- Installing: /home/catherine-maglione/yolo_home/src/install/nuturtlebot_msgs/lib/python3.12/site-packages/nuturtlebot_msgs/nuturtlebot_msgs_s__rosidl_typesupport_introspection_c.so
[2.385s] -- Installing: /home/catherine-maglione/yolo_home/src/install/nuturtlebot_msgs/lib/python3.12/site-packages/nuturtlebot_msgs/nuturtlebot_msgs_s__rosidl_typesupport_fastrtps_c.so
[2.385s] -- Installing: /home/catherine-maglione/yolo_home/src/install/nuturtlebot_msgs/lib/python3.12/site-packages/nuturtlebot_msgs/_nuturtlebot_msgs_s.ep.rosidl_typesupport_introspection_c.c
[2.385s] -- Installing: /home/catherine-maglione/yolo_home/src/install/nuturtlebot_msgs/lib/python3.12/site-packages/nuturtlebot_msgs/__init__.py
[2.385s] -- Installing: /home/catherine-maglione/yolo_home/src/install/nuturtlebot_msgs/lib/python3.12/site-packages/nuturtlebot_msgs/_nuturtlebot_msgs_s.ep.rosidl_typesupport_fastrtps_c.c
[2.416s] Listing '/home/catherine-maglione/yolo_home/src/install/nuturtlebot_msgs/lib/python3.12/site-packages/nuturtlebot_msgs'...
[2.416s] Compiling '/home/catherine-maglione/yolo_home/src/install/nuturtlebot_msgs/lib/python3.12/site-packages/nuturtlebot_msgs/__init__.py'...
[2.416s] Listing '/home/catherine-maglione/yolo_home/src/install/nuturtlebot_msgs/lib/python3.12/site-packages/nuturtlebot_msgs/msg'...
[2.416s] Compiling '/home/catherine-maglione/yolo_home/src/install/nuturtlebot_msgs/lib/python3.12/site-packages/nuturtlebot_msgs/msg/__init__.py'...
[2.416s] Compiling '/home/catherine-maglione/yolo_home/src/install/nuturtlebot_msgs/lib/python3.12/site-packages/nuturtlebot_msgs/msg/_sensor_data.py'...
[2.416s] Compiling '/home/catherine-maglione/yolo_home/src/install/nuturtlebot_msgs/lib/python3.12/site-packages/nuturtlebot_msgs/msg/_wheel_commands.py'...
[2.419s] -- Installing: /home/catherine-maglione/yolo_home/src/install/nuturtlebot_msgs/lib/python3.12/site-packages/nuturtlebot_msgs/nuturtlebot_msgs_s__rosidl_typesupport_fastrtps_c.so
[2.420s] -- Set non-toolchain portion of runtime path of "/home/catherine-maglione/yolo_home/src/install/nuturtlebot_msgs/lib/python3.12/site-packages/nuturtlebot_msgs/nuturtlebot_msgs_s__rosidl_typesupport_fastrtps_c.so" to ""
[2.420s] -- Installing: /home/catherine-maglione/yolo_home/src/install/nuturtlebot_msgs/lib/python3.12/site-packages/nuturtlebot_msgs/nuturtlebot_msgs_s__rosidl_typesupport_introspection_c.so
[2.420s] -- Set non-toolchain portion of runtime path of "/home/catherine-maglione/yolo_home/src/install/nuturtlebot_msgs/lib/python3.12/site-packages/nuturtlebot_msgs/nuturtlebot_msgs_s__rosidl_typesupport_introspection_c.so" to ""
[2.420s] -- Installing: /home/catherine-maglione/yolo_home/src/install/nuturtlebot_msgs/lib/python3.12/site-packages/nuturtlebot_msgs/nuturtlebot_msgs_s__rosidl_typesupport_c.so
[2.420s] -- Set non-toolchain portion of runtime path of "/home/catherine-maglione/yolo_home/src/install/nuturtlebot_msgs/lib/python3.12/site-packages/nuturtlebot_msgs/nuturtlebot_msgs_s__rosidl_typesupport_c.so" to ""
[2.420s] -- Installing: /home/catherine-maglione/yolo_home/src/install/nuturtlebot_msgs/lib/libnuturtlebot_msgs__rosidl_generator_py.so
[2.420s] -- Set non-toolchain portion of runtime path of "/home/catherine-maglione/yolo_home/src/install/nuturtlebot_msgs/lib/libnuturtlebot_msgs__rosidl_generator_py.so" to ""
[2.420s] -- Installing: /home/catherine-maglione/yolo_home/src/install/nuturtlebot_msgs/share/nuturtlebot_msgs/msg/SensorData.idl
[2.420s] -- Installing: /home/catherine-maglione/yolo_home/src/install/nuturtlebot_msgs/share/nuturtlebot_msgs/msg/WheelCommands.idl
[2.420s] -- Installing: /home/catherine-maglione/yolo_home/src/install/nuturtlebot_msgs/share/nuturtlebot_msgs/msg/SensorData.msg
[2.420s] -- Installing: /home/catherine-maglione/yolo_home/src/install/nuturtlebot_msgs/share/nuturtlebot_msgs/msg/WheelCommands.msg
[2.420s] -- Installing: /home/catherine-maglione/yolo_home/src/install/nuturtlebot_msgs/share/ament_index/resource_index/package_run_dependencies/nuturtlebot_msgs
[2.420s] -- Installing: /home/catherine-maglione/yolo_home/src/install/nuturtlebot_msgs/share/ament_index/resource_index/parent_prefix_path/nuturtlebot_msgs
[2.420s] -- Installing: /home/catherine-maglione/yolo_home/src/install/nuturtlebot_msgs/share/nuturtlebot_msgs/environment/ament_prefix_path.sh
[2.420s] -- Installing: /home/catherine-maglione/yolo_home/src/install/nuturtlebot_msgs/share/nuturtlebot_msgs/environment/ament_prefix_path.dsv
[2.420s] -- Installing: /home/catherine-maglione/yolo_home/src/install/nuturtlebot_msgs/share/nuturtlebot_msgs/environment/path.sh
[2.420s] -- Installing: /home/catherine-maglione/yolo_home/src/install/nuturtlebot_msgs/share/nuturtlebot_msgs/environment/path.dsv
[2.420s] -- Installing: /home/catherine-maglione/yolo_home/src/install/nuturtlebot_msgs/share/nuturtlebot_msgs/local_setup.bash
[2.420s] -- Installing: /home/catherine-maglione/yolo_home/src/install/nuturtlebot_msgs/share/nuturtlebot_msgs/local_setup.sh
[2.420s] -- Installing: /home/catherine-maglione/yolo_home/src/install/nuturtlebot_msgs/share/nuturtlebot_msgs/local_setup.zsh
[2.420s] -- Installing: /home/catherine-maglione/yolo_home/src/install/nuturtlebot_msgs/share/nuturtlebot_msgs/local_setup.dsv
[2.420s] -- Up-to-date: /home/catherine-maglione/yolo_home/src/install/nuturtlebot_msgs/share/nuturtlebot_msgs/package.dsv
[2.420s] -- Installing: /home/catherine-maglione/yolo_home/src/install/nuturtlebot_msgs/share/ament_index/resource_index/packages/nuturtlebot_msgs
[2.420s] -- Installing: /home/catherine-maglione/yolo_home/src/install/nuturtlebot_msgs/share/nuturtlebot_msgs/cmake/export_nuturtlebot_msgs__rosidl_generator_cExport.cmake
[2.420s] -- Installing: /home/catherine-maglione/yolo_home/src/install/nuturtlebot_msgs/share/nuturtlebot_msgs/cmake/export_nuturtlebot_msgs__rosidl_generator_cExport-noconfig.cmake
[2.421s] -- Installing: /home/catherine-maglione/yolo_home/src/install/nuturtlebot_msgs/share/nuturtlebot_msgs/cmake/export_nuturtlebot_msgs__rosidl_typesupport_fastrtps_cExport.cmake
[2.421s] -- Installing: /home/catherine-maglione/yolo_home/src/install/nuturtlebot_msgs/share/nuturtlebot_msgs/cmake/export_nuturtlebot_msgs__rosidl_typesupport_fastrtps_cExport-noconfig.cmake
[2.421s] -- Installing: /home/catherine-maglione/yolo_home/src/install/nuturtlebot_msgs/share/nuturtlebot_msgs/cmake/export_nuturtlebot_msgs__rosidl_generator_cppExport.cmake
[2.421s] -- Installing: /home/catherine-maglione/yolo_home/src/install/nuturtlebot_msgs/share/nuturtlebot_msgs/cmake/export_nuturtlebot_msgs__rosidl_typesupport_fastrtps_cppExport.cmake
[2.421s] -- Installing: /home/catherine-maglione/yolo_home/src/install/nuturtlebot_msgs/share/nuturtlebot_msgs/cmake/export_nuturtlebot_msgs__rosidl_typesupport_fastrtps_cppExport-noconfig.cmake
[2.421s] -- Installing: /home/catherine-maglione/yolo_home/src/install/nuturtlebot_msgs/share/nuturtlebot_msgs/cmake/nuturtlebot_msgs__rosidl_typesupport_introspection_cExport.cmake
[2.421s] -- Installing: /home/catherine-maglione/yolo_home/src/install/nuturtlebot_msgs/share/nuturtlebot_msgs/cmake/nuturtlebot_msgs__rosidl_typesupport_introspection_cExport-noconfig.cmake
[2.421s] -- Installing: /home/catherine-maglione/yolo_home/src/install/nuturtlebot_msgs/share/nuturtlebot_msgs/cmake/nuturtlebot_msgs__rosidl_typesupport_cExport.cmake
[2.421s] -- Installing: /home/catherine-maglione/yolo_home/src/install/nuturtlebot_msgs/share/nuturtlebot_msgs/cmake/nuturtlebot_msgs__rosidl_typesupport_cExport-noconfig.cmake
[2.421s] -- Installing: /home/catherine-maglione/yolo_home/src/install/nuturtlebot_msgs/share/nuturtlebot_msgs/cmake/nuturtlebot_msgs__rosidl_typesupport_introspection_cppExport.cmake
[2.421s] -- Installing: /home/catherine-maglione/yolo_home/src/install/nuturtlebot_msgs/share/nuturtlebot_msgs/cmake/nuturtlebot_msgs__rosidl_typesupport_introspection_cppExport-noconfig.cmake
[2.421s] -- Installing: /home/catherine-maglione/yolo_home/src/install/nuturtlebot_msgs/share/nuturtlebot_msgs/cmake/nuturtlebot_msgs__rosidl_typesupport_cppExport.cmake
[2.421s] -- Installing: /home/catherine-maglione/yolo_home/src/install/nuturtlebot_msgs/share/nuturtlebot_msgs/cmake/nuturtlebot_msgs__rosidl_typesupport_cppExport-noconfig.cmake
[2.421s] -- Installing: /home/catherine-maglione/yolo_home/src/install/nuturtlebot_msgs/share/nuturtlebot_msgs/cmake/export_nuturtlebot_msgs__rosidl_generator_pyExport.cmake
[2.421s] -- Installing: /home/catherine-maglione/yolo_home/src/install/nuturtlebot_msgs/share/nuturtlebot_msgs/cmake/export_nuturtlebot_msgs__rosidl_generator_pyExport-noconfig.cmake
[2.421s] -- Installing: /home/catherine-maglione/yolo_home/src/install/nuturtlebot_msgs/share/nuturtlebot_msgs/cmake/rosidl_cmake-extras.cmake
[2.421s] -- Installing: /home/catherine-maglione/yolo_home/src/install/nuturtlebot_msgs/share/nuturtlebot_msgs/cmake/ament_cmake_export_dependencies-extras.cmake
[2.421s] -- Installing: /home/catherine-maglione/yolo_home/src/install/nuturtlebot_msgs/share/nuturtlebot_msgs/cmake/ament_cmake_export_include_directories-extras.cmake
[2.421s] -- Installing: /home/catherine-maglione/yolo_home/src/install/nuturtlebot_msgs/share/nuturtlebot_msgs/cmake/ament_cmake_export_libraries-extras.cmake
[2.421s] -- Installing: /home/catherine-maglione/yolo_home/src/install/nuturtlebot_msgs/share/nuturtlebot_msgs/cmake/ament_cmake_export_targets-extras.cmake
[2.421s] -- Installing: /home/catherine-maglione/yolo_home/src/install/nuturtlebot_msgs/share/nuturtlebot_msgs/cmake/rosidl_cmake_export_typesupport_targets-extras.cmake
[2.421s] -- Installing: /home/catherine-maglione/yolo_home/src/install/nuturtlebot_msgs/share/nuturtlebot_msgs/cmake/rosidl_cmake_export_typesupport_libraries-extras.cmake
[2.421s] -- Installing: /home/catherine-maglione/yolo_home/src/install/nuturtlebot_msgs/share/nuturtlebot_msgs/cmake/nuturtlebot_msgsConfig.cmake
[2.421s] -- Installing: /home/catherine-maglione/yolo_home/src/install/nuturtlebot_msgs/share/nuturtlebot_msgs/cmake/nuturtlebot_msgsConfig-version.cmake
[2.421s] -- Installing: /home/catherine-maglione/yolo_home/src/install/nuturtlebot_msgs/share/nuturtlebot_msgs/package.xml
[2.423s] Invoked command in '/home/catherine-maglione/yolo_home/src/build/nuturtlebot_msgs' returned '0': CMAKE_PREFIX_PATH=${CMAKE_PREFIX_PATH}:/home/catherine-maglione/yolo_home/install/me495_yolo:/opt/ros/jazzy /usr/bin/cmake --install /home/catherine-maglione/yolo_home/src/build/nuturtlebot_msgs
