[0.005s] Invoking command in '/home/catherine-maglione/yolo_home/src/build/nuturtlebot_msgs': CMAKE_PREFIX_PATH=${CMAKE_PREFIX_PATH}:/opt/ros/jazzy /usr/bin/cmake /home/catherine-maglione/yolo_home/src/nuturtlebot_msgs -DCMAKE_INSTALL_PREFIX=/home/catherine-maglione/yolo_home/src/install/nuturtlebot_msgs
[0.070s] -- The C compiler identification is GNU 13.2.0
[0.154s] -- The CXX compiler identification is GNU 13.2.0
[0.166s] -- Detecting C compiler ABI info
[0.262s] -- Detecting C compiler ABI info - done
[0.271s] -- Check for working C compiler: /usr/bin/cc - skipped
[0.271s] -- Detecting C compile features
[0.272s] -- Detecting C compile features - done
[0.280s] -- Detecting CXX compiler ABI info
[0.416s] -- Detecting CXX compiler ABI info - done
[0.424s] -- Check for working CXX compiler: /usr/bin/c++ - skipped
[0.424s] -- Detecting CXX compile features
[0.425s] -- Detecting CXX compile features - done
[0.430s] -- Found ament_cmake: 2.5.2 (/opt/ros/jazzy/share/ament_cmake/cmake)
[0.544s] -- Found Python3: /usr/bin/python3 (found version "3.12.3") found components: Interpreter 
[0.617s] -- Found builtin_interfaces: 2.0.2 (/opt/ros/jazzy/share/builtin_interfaces/cmake)
[0.641s] -- Found rosidl_generator_c: 4.6.3 (/opt/ros/jazzy/share/rosidl_generator_c/cmake)
[0.649s] -- Found rosidl_generator_cpp: 4.6.3 (/opt/ros/jazzy/share/rosidl_generator_cpp/cmake)
[0.659s] -- Using all available rosidl_typesupport_c: rosidl_typesupport_fastrtps_c;rosidl_typesupport_introspection_c
[0.670s] -- Using all available rosidl_typesupport_cpp: rosidl_typesupport_fastrtps_cpp;rosidl_typesupport_introspection_cpp
[0.680s] -- Found rosidl_default_generators: 1.6.0 (/opt/ros/jazzy/share/rosidl_default_generators/cmake)
[0.690s] -- Found rosidl_adapter: 4.6.3 (/opt/ros/jazzy/share/rosidl_adapter/cmake)
[1.082s] -- Found ament_cmake_ros: 0.12.0 (/opt/ros/jazzy/share/ament_cmake_ros/cmake)
[1.643s] -- Using all available rosidl_typesupport_c: rosidl_typesupport_fastrtps_c;rosidl_typesupport_introspection_c
[1.931s] -- Using all available rosidl_typesupport_cpp: rosidl_typesupport_fastrtps_cpp;rosidl_typesupport_introspection_cpp
[1.933s] -- Found python_cmake_module: 0.11.1 (/opt/ros/jazzy/share/python_cmake_module/cmake)
[2.066s] -- Found PythonExtra: /usr/bin/python3  
[2.412s] -- Found Python3: /usr/bin/python3 (found version "3.12.3") found components: Interpreter Development NumPy Development.Module Development.Embed 
[2.431s] -- Configuring done (2.4s)
[2.446s] -- Generating done (0.0s)
[2.447s] -- Build files have been written to: /home/catherine-maglione/yolo_home/src/build/nuturtlebot_msgs
[2.451s] Invoked command in '/home/catherine-maglione/yolo_home/src/build/nuturtlebot_msgs' returned '0': CMAKE_PREFIX_PATH=${CMAKE_PREFIX_PATH}:/opt/ros/jazzy /usr/bin/cmake /home/catherine-maglione/yolo_home/src/nuturtlebot_msgs -DCMAKE_INSTALL_PREFIX=/home/catherine-maglione/yolo_home/src/install/nuturtlebot_msgs
[2.452s] Invoking command in '/home/catherine-maglione/yolo_home/src/build/nuturtlebot_msgs': CMAKE_PREFIX_PATH=${CMAKE_PREFIX_PATH}:/opt/ros/jazzy /usr/bin/cmake --build /home/catherine-maglione/yolo_home/src/build/nuturtlebot_msgs -- -j32 -l32
[2.492s] gmake[2]: *** [CMakeFiles/nuturtlebot_msgs__rosidl_generator_type_description.dir/build.make:76: rosidl_generator_type_description/nuturtlebot_msgs/msg/SensorData.json] Interrupt
[2.493s] gmake[2]: *** [CMakeFiles/ament_cmake_python_copy_nuturtlebot_msgs.dir/build.make:70: CMakeFiles/ament_cmake_python_copy_nuturtlebot_msgs] Interrupt
[2.493s] gmake[1]: *** [CMakeFiles/Makefile2:215: CMakeFiles/nuturtlebot_msgs__rosidl_generator_type_description.dir/all] Interrupt
[2.493s] gmake[1]: *** [CMakeFiles/Makefile2:452: CMakeFiles/ament_cmake_python_copy_nuturtlebot_msgs.dir/all] Interrupt
[2.493s] gmake: *** [Makefile:146: all] Interrupt
[2.495s] Invoked command in '/home/catherine-maglione/yolo_home/src/build/nuturtlebot_msgs' returned '-2': CMAKE_PREFIX_PATH=${CMAKE_PREFIX_PATH}:/opt/ros/jazzy /usr/bin/cmake --build /home/catherine-maglione/yolo_home/src/build/nuturtlebot_msgs -- -j32 -l32
