[0.443s] Invoking command in '/home/catherine-maglione/yolo_home/src/me495_yolo': PYTHONPATH=/home/catherine-maglione/yolo_home/build/me495_yolo/prefix_override:/usr/lib/python3/dist-packages/colcon_core/task/python/colcon_distutils_commands:/home/catherine-maglione/yolo_home/install/me495_yolo/lib/python3.12/site-packages:${PYTHONPATH} /usr/bin/python3 -W ignore:setup.py install is deprecated setup.py egg_info --egg-base ../../build/me495_yolo build --build-base /home/catherine-maglione/yolo_home/build/me495_yolo/build install --record /home/catherine-maglione/yolo_home/build/me495_yolo/install.log --single-version-externally-managed install_data
[0.594s] running egg_info
[0.606s] writing ../../build/me495_yolo/me495_yolo.egg-info/PKG-INFO
[0.606s] writing dependency_links to ../../build/me495_yolo/me495_yolo.egg-info/dependency_links.txt
[0.606s] writing entry points to ../../build/me495_yolo/me495_yolo.egg-info/entry_points.txt
[0.606s] writing requirements to ../../build/me495_yolo/me495_yolo.egg-info/requires.txt
[0.606s] writing top-level names to ../../build/me495_yolo/me495_yolo.egg-info/top_level.txt
[0.631s] reading manifest file '../../build/me495_yolo/me495_yolo.egg-info/SOURCES.txt'
[0.631s] writing manifest file '../../build/me495_yolo/me495_yolo.egg-info/SOURCES.txt'
[0.631s] running build
[0.631s] running build_py
[0.632s] copying me495_yolo/waypoint.py -> /home/catherine-maglione/yolo_home/build/me495_yolo/build/lib/me495_yolo
[0.632s] running install
[0.635s] running install_lib
[0.647s] copying /home/catherine-maglione/yolo_home/build/me495_yolo/build/lib/me495_yolo/waypoint.py -> /home/catherine-maglione/yolo_home/install/me495_yolo/lib/python3.12/site-packages/me495_yolo
[0.648s] byte-compiling /home/catherine-maglione/yolo_home/install/me495_yolo/lib/python3.12/site-packages/me495_yolo/waypoint.py to waypoint.cpython-312.pyc
[0.648s] running install_data
[0.648s] running install_egg_info
[0.661s] removing '/home/catherine-maglione/yolo_home/install/me495_yolo/lib/python3.12/site-packages/me495_yolo-0.0.0-py3.12.egg-info' (and everything under it)
[0.661s] Copying ../../build/me495_yolo/me495_yolo.egg-info to /home/catherine-maglione/yolo_home/install/me495_yolo/lib/python3.12/site-packages/me495_yolo-0.0.0-py3.12.egg-info
[0.661s] running install_scripts
[0.737s] Installing waypoint script to /home/catherine-maglione/yolo_home/install/me495_yolo/lib/me495_yolo
[0.737s] Installing yolo script to /home/catherine-maglione/yolo_home/install/me495_yolo/lib/me495_yolo
[0.737s] writing list of installed files to '/home/catherine-maglione/yolo_home/build/me495_yolo/install.log'
[0.750s] Invoked command in '/home/catherine-maglione/yolo_home/src/me495_yolo' returned '0': PYTHONPATH=/home/catherine-maglione/yolo_home/build/me495_yolo/prefix_override:/usr/lib/python3/dist-packages/colcon_core/task/python/colcon_distutils_commands:/home/catherine-maglione/yolo_home/install/me495_yolo/lib/python3.12/site-packages:${PYTHONPATH} /usr/bin/python3 -W ignore:setup.py install is deprecated setup.py egg_info --egg-base ../../build/me495_yolo build --build-base /home/catherine-maglione/yolo_home/build/me495_yolo/build install --record /home/catherine-maglione/yolo_home/build/me495_yolo/install.log --single-version-externally-managed install_data
