[0.472s] Invoking command in '/home/catherine-maglione/yolo_home/src/me495_yolo': AMENT_PREFIX_PATH=/home/catherine-maglione/yolo_home/src/install/nuturtlebot_msgs:${AMENT_PREFIX_PATH} CMAKE_PREFIX_PATH=/home/catherine-maglione/yolo_home/src/install/nuturtlebot_msgs:${CMAKE_PREFIX_PATH} LD_LIBRARY_PATH=/home/catherine-maglione/yolo_home/src/install/nuturtlebot_msgs/lib:${LD_LIBRARY_PATH} PYTHONPATH=/home/catherine-maglione/yolo_home/src/build/me495_yolo/prefix_override:/usr/lib/python3/dist-packages/colcon_core/task/python/colcon_distutils_commands:/home/catherine-maglione/yolo_home/src/install/me495_yolo/lib/python3.12/site-packages:/home/catherine-maglione/yolo_home/src/install/nuturtlebot_msgs/lib/python3.12/site-packages:${PYTHONPATH} /usr/bin/python3 -W ignore:setup.py install is deprecated setup.py egg_info --egg-base ../build/me495_yolo build --build-base /home/catherine-maglione/yolo_home/src/build/me495_yolo/build install --record /home/catherine-maglione/yolo_home/src/build/me495_yolo/install.log --single-version-externally-managed install_data
[0.640s] running egg_info
[0.640s] creating ../build/me495_yolo/me495_yolo.egg-info
[0.653s] writing ../build/me495_yolo/me495_yolo.egg-info/PKG-INFO
[0.653s] writing dependency_links to ../build/me495_yolo/me495_yolo.egg-info/dependency_links.txt
[0.653s] writing entry points to ../build/me495_yolo/me495_yolo.egg-info/entry_points.txt
[0.653s] writing top-level names to ../build/me495_yolo/me495_yolo.egg-info/top_level.txt
[0.653s] writing manifest file '../build/me495_yolo/me495_yolo.egg-info/SOURCES.txt'
[0.679s] reading manifest file '../build/me495_yolo/me495_yolo.egg-info/SOURCES.txt'
[0.679s] writing manifest file '../build/me495_yolo/me495_yolo.egg-info/SOURCES.txt'
[0.680s] running build
[0.680s] running build_py
[0.680s] creating /home/catherine-maglione/yolo_home/src/build/me495_yolo/build
[0.680s] creating /home/catherine-maglione/yolo_home/src/build/me495_yolo/build/lib
[0.680s] creating /home/catherine-maglione/yolo_home/src/build/me495_yolo/build/lib/me495_yolo
[0.680s] copying me495_yolo/waypoint_follower.py -> /home/catherine-maglione/yolo_home/src/build/me495_yolo/build/lib/me495_yolo
[0.680s] copying me495_yolo/yolo.py -> /home/catherine-maglione/yolo_home/src/build/me495_yolo/build/lib/me495_yolo
[0.680s] copying me495_yolo/__init__.py -> /home/catherine-maglione/yolo_home/src/build/me495_yolo/build/lib/me495_yolo
[0.680s] copying me495_yolo/waypoint.py -> /home/catherine-maglione/yolo_home/src/build/me495_yolo/build/lib/me495_yolo
[0.680s] copying me495_yolo/local_waypoint_follower.py -> /home/catherine-maglione/yolo_home/src/build/me495_yolo/build/lib/me495_yolo
[0.680s] running install
[0.683s] running install_lib
[0.697s] creating /home/catherine-maglione/yolo_home/src/install/me495_yolo/lib/python3.12/site-packages/me495_yolo
[0.697s] copying /home/catherine-maglione/yolo_home/src/build/me495_yolo/build/lib/me495_yolo/waypoint_follower.py -> /home/catherine-maglione/yolo_home/src/install/me495_yolo/lib/python3.12/site-packages/me495_yolo
[0.697s] copying /home/catherine-maglione/yolo_home/src/build/me495_yolo/build/lib/me495_yolo/yolo.py -> /home/catherine-maglione/yolo_home/src/install/me495_yolo/lib/python3.12/site-packages/me495_yolo
[0.697s] copying /home/catherine-maglione/yolo_home/src/build/me495_yolo/build/lib/me495_yolo/__init__.py -> /home/catherine-maglione/yolo_home/src/install/me495_yolo/lib/python3.12/site-packages/me495_yolo
[0.697s] copying /home/catherine-maglione/yolo_home/src/build/me495_yolo/build/lib/me495_yolo/waypoint.py -> /home/catherine-maglione/yolo_home/src/install/me495_yolo/lib/python3.12/site-packages/me495_yolo
[0.697s] copying /home/catherine-maglione/yolo_home/src/build/me495_yolo/build/lib/me495_yolo/local_waypoint_follower.py -> /home/catherine-maglione/yolo_home/src/install/me495_yolo/lib/python3.12/site-packages/me495_yolo
[0.697s] byte-compiling /home/catherine-maglione/yolo_home/src/install/me495_yolo/lib/python3.12/site-packages/me495_yolo/waypoint_follower.py to waypoint_follower.cpython-312.pyc
[0.698s] byte-compiling /home/catherine-maglione/yolo_home/src/install/me495_yolo/lib/python3.12/site-packages/me495_yolo/yolo.py to yolo.cpython-312.pyc
[0.700s] byte-compiling /home/catherine-maglione/yolo_home/src/install/me495_yolo/lib/python3.12/site-packages/me495_yolo/__init__.py to __init__.cpython-312.pyc
[0.700s] byte-compiling /home/catherine-maglione/yolo_home/src/install/me495_yolo/lib/python3.12/site-packages/me495_yolo/waypoint.py to waypoint.cpython-312.pyc
[0.701s] byte-compiling /home/catherine-maglione/yolo_home/src/install/me495_yolo/lib/python3.12/site-packages/me495_yolo/local_waypoint_follower.py to local_waypoint_follower.cpython-312.pyc
[0.701s] running install_data
[0.701s] creating /home/catherine-maglione/yolo_home/src/install/me495_yolo/share/ament_index
[0.701s] creating /home/catherine-maglione/yolo_home/src/install/me495_yolo/share/ament_index/resource_index
[0.701s] creating /home/catherine-maglione/yolo_home/src/install/me495_yolo/share/ament_index/resource_index/packages
[0.701s] copying resource/me495_yolo -> /home/catherine-maglione/yolo_home/src/install/me495_yolo/share/ament_index/resource_index/packages
[0.701s] copying package.xml -> /home/catherine-maglione/yolo_home/src/install/me495_yolo/share/me495_yolo
[0.702s] running install_egg_info
[0.716s] Copying ../build/me495_yolo/me495_yolo.egg-info to /home/catherine-maglione/yolo_home/src/install/me495_yolo/lib/python3.12/site-packages/me495_yolo-0.0.0-py3.12.egg-info
[0.716s] running install_scripts
[0.802s] Installing waypoint script to /home/catherine-maglione/yolo_home/src/install/me495_yolo/lib/me495_yolo
[0.802s] Installing waypoint_follower script to /home/catherine-maglione/yolo_home/src/install/me495_yolo/lib/me495_yolo
[0.802s] Installing yolo script to /home/catherine-maglione/yolo_home/src/install/me495_yolo/lib/me495_yolo
[0.802s] writing list of installed files to '/home/catherine-maglione/yolo_home/src/build/me495_yolo/install.log'
[0.819s] Invoked command in '/home/catherine-maglione/yolo_home/src/me495_yolo' returned '0': AMENT_PREFIX_PATH=/home/catherine-maglione/yolo_home/src/install/nuturtlebot_msgs:${AMENT_PREFIX_PATH} CMAKE_PREFIX_PATH=/home/catherine-maglione/yolo_home/src/install/nuturtlebot_msgs:${CMAKE_PREFIX_PATH} LD_LIBRARY_PATH=/home/catherine-maglione/yolo_home/src/install/nuturtlebot_msgs/lib:${LD_LIBRARY_PATH} PYTHONPATH=/home/catherine-maglione/yolo_home/src/build/me495_yolo/prefix_override:/usr/lib/python3/dist-packages/colcon_core/task/python/colcon_distutils_commands:/home/catherine-maglione/yolo_home/src/install/me495_yolo/lib/python3.12/site-packages:/home/catherine-maglione/yolo_home/src/install/nuturtlebot_msgs/lib/python3.12/site-packages:${PYTHONPATH} /usr/bin/python3 -W ignore:setup.py install is deprecated setup.py egg_info --egg-base ../build/me495_yolo build --build-base /home/catherine-maglione/yolo_home/src/build/me495_yolo/build install --record /home/catherine-maglione/yolo_home/src/build/me495_yolo/install.log --single-version-externally-managed install_data
