[1.341s] Invoking command in '/home/catherine-maglione/yolo_home/src/me495_yolo': PYTHONPATH=/home/catherine-maglione/yolo_home/build/me495_yolo/prefix_override:/usr/lib/python3/dist-packages/colcon_core/task/python/colcon_distutils_commands:/home/catherine-maglione/yolo_home/install/me495_yolo/lib/python3.12/site-packages:${PYTHONPATH} /usr/bin/python3 -W ignore:setup.py install is deprecated setup.py egg_info --egg-base ../../build/me495_yolo build --build-base /home/catherine-maglione/yolo_home/build/me495_yolo/build install --record /home/catherine-maglione/yolo_home/build/me495_yolo/install.log --single-version-externally-managed install_data
[1.838s] running egg_info
[1.871s] writing ../../build/me495_yolo/me495_yolo.egg-info/PKG-INFO
[1.872s] writing dependency_links to ../../build/me495_yolo/me495_yolo.egg-info/dependency_links.txt
[1.872s] writing entry points to ../../build/me495_yolo/me495_yolo.egg-info/entry_points.txt
[1.873s] writing requirements to ../../build/me495_yolo/me495_yolo.egg-info/requires.txt
[1.873s] writing top-level names to ../../build/me495_yolo/me495_yolo.egg-info/top_level.txt
[1.940s] reading manifest file '../../build/me495_yolo/me495_yolo.egg-info/SOURCES.txt'
[1.941s] writing manifest file '../../build/me495_yolo/me495_yolo.egg-info/SOURCES.txt'
[1.942s] running build
[1.942s] running build_py
[1.943s] copying me495_yolo/yolo.py -> /home/catherine-maglione/yolo_home/build/me495_yolo/build/lib/me495_yolo
[1.943s] running install
[1.954s] running install_lib
[1.981s] copying /home/catherine-maglione/yolo_home/build/me495_yolo/build/lib/me495_yolo/yolo.py -> /home/catherine-maglione/yolo_home/install/me495_yolo/lib/python3.12/site-packages/me495_yolo
[1.981s] byte-compiling /home/catherine-maglione/yolo_home/install/me495_yolo/lib/python3.12/site-packages/me495_yolo/yolo.py to yolo.cpython-312.pyc
[1.983s] running install_data
[1.983s] running install_egg_info
[2.023s] removing '/home/catherine-maglione/yolo_home/install/me495_yolo/lib/python3.12/site-packages/me495_yolo-0.0.0-py3.12.egg-info' (and everything under it)
[2.023s] Copying ../../build/me495_yolo/me495_yolo.egg-info to /home/catherine-maglione/yolo_home/install/me495_yolo/lib/python3.12/site-packages/me495_yolo-0.0.0-py3.12.egg-info
[2.024s] running install_scripts
[2.234s] Installing yolo script to /home/catherine-maglione/yolo_home/install/me495_yolo/lib/me495_yolo
[2.234s] writing list of installed files to '/home/catherine-maglione/yolo_home/build/me495_yolo/install.log'
[2.270s] Invoked command in '/home/catherine-maglione/yolo_home/src/me495_yolo' returned '0': PYTHONPATH=/home/catherine-maglione/yolo_home/build/me495_yolo/prefix_override:/usr/lib/python3/dist-packages/colcon_core/task/python/colcon_distutils_commands:/home/catherine-maglione/yolo_home/install/me495_yolo/lib/python3.12/site-packages:${PYTHONPATH} /usr/bin/python3 -W ignore:setup.py install is deprecated setup.py egg_info --egg-base ../../build/me495_yolo build --build-base /home/catherine-maglione/yolo_home/build/me495_yolo/build install --record /home/catherine-maglione/yolo_home/build/me495_yolo/install.log --single-version-externally-managed install_data
