[0.068s] DEBUG:colcon:Command line arguments: ['/usr/bin/colcon', 'build']
[0.068s] DEBUG:colcon:Parsed command line arguments: Namespace(log_base=None, log_level=None, verb_name='build', build_base='build', install_base='install', merge_install=False, symlink_install=False, test_result_base=None, continue_on_error=False, executor='parallel', parallel_workers=32, event_handlers=None, ignore_user_meta=False, metas=['./colcon.meta'], base_paths=['.'], packages_ignore=None, packages_ignore_regex=None, paths=None, packages_up_to=None, packages_up_to_regex=None, packages_above=None, packages_above_and_dependencies=None, packages_above_depth=None, packages_select_by_dep=None, packages_skip_by_dep=None, packages_skip_up_to=None, packages_select_build_failed=False, packages_skip_build_finished=False, packages_select_test_failures=False, packages_skip_test_passed=False, packages_select=None, packages_skip=None, packages_select_regex=None, packages_skip_regex=None, packages_start=None, packages_end=None, allow_overriding=[], cmake_args=None, cmake_target=None, cmake_target_skip_unavailable=False, cmake_clean_cache=False, cmake_clean_first=False, cmake_force_configure=False, ament_cmake_args=None, catkin_cmake_args=None, catkin_skip_building_tests=False, mixin_files=None, mixin=None, verb_parser=<colcon_mixin.mixin.mixin_argument.MixinArgumentDecorator object at 0x7365a30d9010>, verb_extension=<colcon_core.verb.build.BuildVerb object at 0x7365a30d8d10>, main=<bound method BuildVerb.main of <colcon_core.verb.build.BuildVerb object at 0x7365a30d8d10>>, mixin_verb=('build',))
[0.085s] Level 1:colcon.colcon_core.package_discovery:discover_packages(colcon_meta) check parameters
[0.085s] Level 1:colcon.colcon_core.package_discovery:discover_packages(recursive) check parameters
[0.085s] Level 1:colcon.colcon_core.package_discovery:discover_packages(ignore) check parameters
[0.085s] Level 1:colcon.colcon_core.package_discovery:discover_packages(path) check parameters
[0.085s] Level 1:colcon.colcon_core.package_discovery:discover_packages(colcon_meta) discover
[0.085s] Level 1:colcon.colcon_core.package_discovery:discover_packages(recursive) discover
[0.085s] INFO:colcon.colcon_core.package_discovery:Crawling recursively for packages in '/home/catherine-maglione/yolo_home'
[0.085s] Level 1:colcon.colcon_core.package_identification:_identify(.) by extensions ['ignore', 'ignore_ament_install']
[0.085s] Level 1:colcon.colcon_core.package_identification:_identify(.) by extension 'ignore'
[0.085s] Level 1:colcon.colcon_core.package_identification:_identify(.) by extension 'ignore_ament_install'
[0.085s] Level 1:colcon.colcon_core.package_identification:_identify(.) by extensions ['colcon_pkg']
[0.085s] Level 1:colcon.colcon_core.package_identification:_identify(.) by extension 'colcon_pkg'
[0.085s] Level 1:colcon.colcon_core.package_identification:_identify(.) by extensions ['colcon_meta']
[0.085s] Level 1:colcon.colcon_core.package_identification:_identify(.) by extension 'colcon_meta'
[0.085s] Level 1:colcon.colcon_core.package_identification:_identify(.) by extensions ['ros']
[0.085s] Level 1:colcon.colcon_core.package_identification:_identify(.) by extension 'ros'
[0.098s] Level 1:colcon.colcon_core.package_identification:_identify(.) by extensions ['cmake', 'python']
[0.098s] Level 1:colcon.colcon_core.package_identification:_identify(.) by extension 'cmake'
[0.098s] Level 1:colcon.colcon_core.package_identification:_identify(.) by extension 'python'
[0.098s] Level 1:colcon.colcon_core.package_identification:_identify(.) by extensions ['python_setup_py']
[0.098s] Level 1:colcon.colcon_core.package_identification:_identify(.) by extension 'python_setup_py'
[0.098s] Level 1:colcon.colcon_core.package_identification:_identify(aarch64_build) by extensions ['ignore', 'ignore_ament_install']
[0.098s] Level 1:colcon.colcon_core.package_identification:_identify(aarch64_build) by extension 'ignore'
[0.098s] Level 1:colcon.colcon_core.package_identification:_identify(aarch64_build) ignored
[0.098s] Level 1:colcon.colcon_core.package_identification:_identify(aarch64_install) by extensions ['ignore', 'ignore_ament_install']
[0.098s] Level 1:colcon.colcon_core.package_identification:_identify(aarch64_install) by extension 'ignore'
[0.098s] Level 1:colcon.colcon_core.package_identification:_identify(aarch64_install) ignored
[0.098s] Level 1:colcon.colcon_core.package_identification:_identify(build) by extensions ['ignore', 'ignore_ament_install']
[0.098s] Level 1:colcon.colcon_core.package_identification:_identify(build) by extension 'ignore'
[0.098s] Level 1:colcon.colcon_core.package_identification:_identify(build) ignored
[0.098s] Level 1:colcon.colcon_core.package_identification:_identify(install) by extensions ['ignore', 'ignore_ament_install']
[0.098s] Level 1:colcon.colcon_core.package_identification:_identify(install) by extension 'ignore'
[0.098s] Level 1:colcon.colcon_core.package_identification:_identify(install) ignored
[0.098s] Level 1:colcon.colcon_core.package_identification:_identify(log) by extensions ['ignore', 'ignore_ament_install']
[0.098s] Level 1:colcon.colcon_core.package_identification:_identify(log) by extension 'ignore'
[0.098s] Level 1:colcon.colcon_core.package_identification:_identify(log) ignored
[0.098s] Level 1:colcon.colcon_core.package_identification:_identify(src) by extensions ['ignore', 'ignore_ament_install']
[0.098s] Level 1:colcon.colcon_core.package_identification:_identify(src) by extension 'ignore'
[0.098s] Level 1:colcon.colcon_core.package_identification:_identify(src) by extension 'ignore_ament_install'
[0.098s] Level 1:colcon.colcon_core.package_identification:_identify(src) by extensions ['colcon_pkg']
[0.098s] Level 1:colcon.colcon_core.package_identification:_identify(src) by extension 'colcon_pkg'
[0.098s] Level 1:colcon.colcon_core.package_identification:_identify(src) by extensions ['colcon_meta']
[0.098s] Level 1:colcon.colcon_core.package_identification:_identify(src) by extension 'colcon_meta'
[0.098s] Level 1:colcon.colcon_core.package_identification:_identify(src) by extensions ['ros']
[0.098s] Level 1:colcon.colcon_core.package_identification:_identify(src) by extension 'ros'
[0.098s] Level 1:colcon.colcon_core.package_identification:_identify(src) by extensions ['cmake', 'python']
[0.098s] Level 1:colcon.colcon_core.package_identification:_identify(src) by extension 'cmake'
[0.098s] Level 1:colcon.colcon_core.package_identification:_identify(src) by extension 'python'
[0.098s] Level 1:colcon.colcon_core.package_identification:_identify(src) by extensions ['python_setup_py']
[0.098s] Level 1:colcon.colcon_core.package_identification:_identify(src) by extension 'python_setup_py'
[0.098s] Level 1:colcon.colcon_core.package_identification:_identify(src/me495_yolo) by extensions ['ignore', 'ignore_ament_install']
[0.098s] Level 1:colcon.colcon_core.package_identification:_identify(src/me495_yolo) by extension 'ignore'
[0.098s] Level 1:colcon.colcon_core.package_identification:_identify(src/me495_yolo) by extension 'ignore_ament_install'
[0.098s] Level 1:colcon.colcon_core.package_identification:_identify(src/me495_yolo) by extensions ['colcon_pkg']
[0.098s] Level 1:colcon.colcon_core.package_identification:_identify(src/me495_yolo) by extension 'colcon_pkg'
[0.099s] Level 1:colcon.colcon_core.package_identification:_identify(src/me495_yolo) by extensions ['colcon_meta']
[0.099s] Level 1:colcon.colcon_core.package_identification:_identify(src/me495_yolo) by extension 'colcon_meta'
[0.099s] Level 1:colcon.colcon_core.package_identification:_identify(src/me495_yolo) by extensions ['ros']
[0.099s] Level 1:colcon.colcon_core.package_identification:_identify(src/me495_yolo) by extension 'ros'
[0.100s] DEBUG:colcon.colcon_core.package_identification:Package 'src/me495_yolo' with type 'ros.ament_python' and name 'me495_yolo'
[0.100s] Level 1:colcon.colcon_core.package_identification:_identify(src/numsr_turtlebot) by extensions ['ignore', 'ignore_ament_install']
[0.100s] Level 1:colcon.colcon_core.package_identification:_identify(src/numsr_turtlebot) by extension 'ignore'
[0.100s] Level 1:colcon.colcon_core.package_identification:_identify(src/numsr_turtlebot) by extension 'ignore_ament_install'
[0.100s] Level 1:colcon.colcon_core.package_identification:_identify(src/numsr_turtlebot) by extensions ['colcon_pkg']
[0.100s] Level 1:colcon.colcon_core.package_identification:_identify(src/numsr_turtlebot) by extension 'colcon_pkg'
[0.100s] Level 1:colcon.colcon_core.package_identification:_identify(src/numsr_turtlebot) by extensions ['colcon_meta']
[0.100s] Level 1:colcon.colcon_core.package_identification:_identify(src/numsr_turtlebot) by extension 'colcon_meta'
[0.100s] Level 1:colcon.colcon_core.package_identification:_identify(src/numsr_turtlebot) by extensions ['ros']
[0.100s] Level 1:colcon.colcon_core.package_identification:_identify(src/numsr_turtlebot) by extension 'ros'
[0.101s] DEBUG:colcon.colcon_core.package_identification:Package 'src/numsr_turtlebot' with type 'ros.ament_cmake' and name 'numsr_turtlebot'
[0.101s] Level 1:colcon.colcon_core.package_identification:_identify(src/nuturtlebot_msgs) by extensions ['ignore', 'ignore_ament_install']
[0.101s] Level 1:colcon.colcon_core.package_identification:_identify(src/nuturtlebot_msgs) by extension 'ignore'
[0.101s] Level 1:colcon.colcon_core.package_identification:_identify(src/nuturtlebot_msgs) by extension 'ignore_ament_install'
[0.101s] Level 1:colcon.colcon_core.package_identification:_identify(src/nuturtlebot_msgs) by extensions ['colcon_pkg']
[0.101s] Level 1:colcon.colcon_core.package_identification:_identify(src/nuturtlebot_msgs) by extension 'colcon_pkg'
[0.101s] Level 1:colcon.colcon_core.package_identification:_identify(src/nuturtlebot_msgs) by extensions ['colcon_meta']
[0.101s] Level 1:colcon.colcon_core.package_identification:_identify(src/nuturtlebot_msgs) by extension 'colcon_meta'
[0.101s] Level 1:colcon.colcon_core.package_identification:_identify(src/nuturtlebot_msgs) by extensions ['ros']
[0.101s] Level 1:colcon.colcon_core.package_identification:_identify(src/nuturtlebot_msgs) by extension 'ros'
[0.101s] DEBUG:colcon.colcon_core.package_identification:Package 'src/nuturtlebot_msgs' with type 'ros.ament_cmake' and name 'nuturtlebot_msgs'
[0.101s] Level 1:colcon.colcon_core.package_discovery:discover_packages(recursive) using defaults
[0.101s] Level 1:colcon.colcon_core.package_discovery:discover_packages(ignore) discover
[0.101s] Level 1:colcon.colcon_core.package_discovery:discover_packages(ignore) using defaults
[0.101s] Level 1:colcon.colcon_core.package_discovery:discover_packages(path) discover
[0.101s] Level 1:colcon.colcon_core.package_discovery:discover_packages(path) using defaults
[0.109s] Level 1:colcon.colcon_core.package_discovery:discover_packages(prefix_path) check parameters
[0.109s] Level 1:colcon.colcon_core.package_discovery:discover_packages(prefix_path) discover
[0.110s] WARNING:colcon.colcon_core.prefix_path.colcon:The path '/home/catherine-maglione/yolo_home/src/install' in the environment variable COLCON_PREFIX_PATH doesn't exist
[0.110s] WARNING:colcon.colcon_ros.prefix_path.ament:The path '/home/catherine-maglione/yolo_home/src/install/numsr_turtlebot' in the environment variable AMENT_PREFIX_PATH doesn't exist
[0.110s] WARNING:colcon.colcon_ros.prefix_path.ament:The path '/home/catherine-maglione/yolo_home/src/install/me495_yolo' in the environment variable AMENT_PREFIX_PATH doesn't exist
[0.110s] WARNING:colcon.colcon_ros.prefix_path.ament:The path '/home/catherine-maglione/yolo_home/src/install/nuturtlebot_msgs' in the environment variable AMENT_PREFIX_PATH doesn't exist
[0.110s] WARNING:colcon.colcon_ros.prefix_path.ament:The path '/home/catherine-maglione/yolo_home/install/numsr_turtlebot' in the environment variable AMENT_PREFIX_PATH doesn't exist
[0.110s] WARNING:colcon.colcon_ros.prefix_path.ament:The path '/home/catherine-maglione/yolo_home/install/me495_yolo' in the environment variable AMENT_PREFIX_PATH doesn't exist
[0.110s] WARNING:colcon.colcon_ros.prefix_path.ament:The path '/home/catherine-maglione/yolo_home/install/nuturtlebot_msgs' in the environment variable AMENT_PREFIX_PATH doesn't exist
[0.110s] WARNING:colcon.colcon_ros.prefix_path.catkin:The path '/home/catherine-maglione/yolo_home/src/install/numsr_turtlebot' in the environment variable CMAKE_PREFIX_PATH doesn't exist
[0.110s] WARNING:colcon.colcon_ros.prefix_path.catkin:The path '/home/catherine-maglione/yolo_home/src/install/nuturtlebot_msgs' in the environment variable CMAKE_PREFIX_PATH doesn't exist
[0.110s] WARNING:colcon.colcon_ros.prefix_path.catkin:The path '/home/catherine-maglione/yolo_home/install/numsr_turtlebot' in the environment variable CMAKE_PREFIX_PATH doesn't exist
[0.110s] WARNING:colcon.colcon_ros.prefix_path.catkin:The path '/home/catherine-maglione/yolo_home/install/nuturtlebot_msgs' in the environment variable CMAKE_PREFIX_PATH doesn't exist
[0.110s] DEBUG:colcon.colcon_installed_package_information.package_discovery:Found 0 installed packages in /home/catherine-maglione/yolo_home/install
[0.111s] DEBUG:colcon.colcon_installed_package_information.package_discovery:Found 467 installed packages in /opt/ros/jazzy
[0.111s] Level 1:colcon.colcon_core.package_discovery:discover_packages(prefix_path) using defaults
[0.141s] Level 5:colcon.colcon_core.verb:set package 'nuturtlebot_msgs' build argument 'cmake_args' from command line to 'None'
[0.141s] Level 5:colcon.colcon_core.verb:set package 'nuturtlebot_msgs' build argument 'cmake_target' from command line to 'None'
[0.141s] Level 5:colcon.colcon_core.verb:set package 'nuturtlebot_msgs' build argument 'cmake_target_skip_unavailable' from command line to 'False'
[0.141s] Level 5:colcon.colcon_core.verb:set package 'nuturtlebot_msgs' build argument 'cmake_clean_cache' from command line to 'False'
[0.141s] Level 5:colcon.colcon_core.verb:set package 'nuturtlebot_msgs' build argument 'cmake_clean_first' from command line to 'False'
[0.141s] Level 5:colcon.colcon_core.verb:set package 'nuturtlebot_msgs' build argument 'cmake_force_configure' from command line to 'False'
[0.141s] Level 5:colcon.colcon_core.verb:set package 'nuturtlebot_msgs' build argument 'ament_cmake_args' from command line to 'None'
[0.141s] Level 5:colcon.colcon_core.verb:set package 'nuturtlebot_msgs' build argument 'catkin_cmake_args' from command line to 'None'
[0.141s] Level 5:colcon.colcon_core.verb:set package 'nuturtlebot_msgs' build argument 'catkin_skip_building_tests' from command line to 'False'
[0.141s] DEBUG:colcon.colcon_core.verb:Building package 'nuturtlebot_msgs' with the following arguments: {'ament_cmake_args': None, 'build_base': '/home/catherine-maglione/yolo_home/build/nuturtlebot_msgs', 'catkin_cmake_args': None, 'catkin_skip_building_tests': False, 'cmake_args': None, 'cmake_clean_cache': False, 'cmake_clean_first': False, 'cmake_force_configure': False, 'cmake_target': None, 'cmake_target_skip_unavailable': False, 'install_base': '/home/catherine-maglione/yolo_home/install/nuturtlebot_msgs', 'merge_install': False, 'path': '/home/catherine-maglione/yolo_home/src/nuturtlebot_msgs', 'symlink_install': False, 'test_result_base': None}
[0.141s] Level 5:colcon.colcon_core.verb:set package 'me495_yolo' build argument 'cmake_args' from command line to 'None'
[0.141s] Level 5:colcon.colcon_core.verb:set package 'me495_yolo' build argument 'cmake_target' from command line to 'None'
[0.141s] Level 5:colcon.colcon_core.verb:set package 'me495_yolo' build argument 'cmake_target_skip_unavailable' from command line to 'False'
[0.141s] Level 5:colcon.colcon_core.verb:set package 'me495_yolo' build argument 'cmake_clean_cache' from command line to 'False'
[0.141s] Level 5:colcon.colcon_core.verb:set package 'me495_yolo' build argument 'cmake_clean_first' from command line to 'False'
[0.141s] Level 5:colcon.colcon_core.verb:set package 'me495_yolo' build argument 'cmake_force_configure' from command line to 'False'
[0.141s] Level 5:colcon.colcon_core.verb:set package 'me495_yolo' build argument 'ament_cmake_args' from command line to 'None'
[0.141s] Level 5:colcon.colcon_core.verb:set package 'me495_yolo' build argument 'catkin_cmake_args' from command line to 'None'
[0.141s] Level 5:colcon.colcon_core.verb:set package 'me495_yolo' build argument 'catkin_skip_building_tests' from command line to 'False'
[0.141s] DEBUG:colcon.colcon_core.verb:Building package 'me495_yolo' with the following arguments: {'ament_cmake_args': None, 'build_base': '/home/catherine-maglione/yolo_home/build/me495_yolo', 'catkin_cmake_args': None, 'catkin_skip_building_tests': False, 'cmake_args': None, 'cmake_clean_cache': False, 'cmake_clean_first': False, 'cmake_force_configure': False, 'cmake_target': None, 'cmake_target_skip_unavailable': False, 'install_base': '/home/catherine-maglione/yolo_home/install/me495_yolo', 'merge_install': False, 'path': '/home/catherine-maglione/yolo_home/src/me495_yolo', 'symlink_install': False, 'test_result_base': None}
[0.142s] Level 5:colcon.colcon_core.verb:set package 'numsr_turtlebot' build argument 'cmake_args' from command line to 'None'
[0.142s] Level 5:colcon.colcon_core.verb:set package 'numsr_turtlebot' build argument 'cmake_target' from command line to 'None'
[0.142s] Level 5:colcon.colcon_core.verb:set package 'numsr_turtlebot' build argument 'cmake_target_skip_unavailable' from command line to 'False'
[0.142s] Level 5:colcon.colcon_core.verb:set package 'numsr_turtlebot' build argument 'cmake_clean_cache' from command line to 'False'
[0.142s] Level 5:colcon.colcon_core.verb:set package 'numsr_turtlebot' build argument 'cmake_clean_first' from command line to 'False'
[0.142s] Level 5:colcon.colcon_core.verb:set package 'numsr_turtlebot' build argument 'cmake_force_configure' from command line to 'False'
[0.142s] Level 5:colcon.colcon_core.verb:set package 'numsr_turtlebot' build argument 'ament_cmake_args' from command line to 'None'
[0.142s] Level 5:colcon.colcon_core.verb:set package 'numsr_turtlebot' build argument 'catkin_cmake_args' from command line to 'None'
[0.142s] Level 5:colcon.colcon_core.verb:set package 'numsr_turtlebot' build argument 'catkin_skip_building_tests' from command line to 'False'
[0.142s] DEBUG:colcon.colcon_core.verb:Building package 'numsr_turtlebot' with the following arguments: {'ament_cmake_args': None, 'build_base': '/home/catherine-maglione/yolo_home/build/numsr_turtlebot', 'catkin_cmake_args': None, 'catkin_skip_building_tests': False, 'cmake_args': None, 'cmake_clean_cache': False, 'cmake_clean_first': False, 'cmake_force_configure': False, 'cmake_target': None, 'cmake_target_skip_unavailable': False, 'install_base': '/home/catherine-maglione/yolo_home/install/numsr_turtlebot', 'merge_install': False, 'path': '/home/catherine-maglione/yolo_home/src/numsr_turtlebot', 'symlink_install': False, 'test_result_base': None}
[0.142s] INFO:colcon.colcon_core.executor:Executing jobs using 'parallel' executor
[0.142s] DEBUG:colcon.colcon_parallel_executor.executor.parallel:run_until_complete
[0.143s] INFO:colcon.colcon_ros.task.ament_cmake.build:Building ROS package in '/home/catherine-maglione/yolo_home/src/nuturtlebot_msgs' with build type 'ament_cmake'
[0.143s] INFO:colcon.colcon_cmake.task.cmake.build:Building CMake package in '/home/catherine-maglione/yolo_home/src/nuturtlebot_msgs'
[0.144s] INFO:colcon.colcon_core.plugin_system:Skipping extension 'colcon_core.shell.bat': Not used on non-Windows systems
[0.144s] INFO:colcon.colcon_core.shell:Skip shell extension 'powershell' for command environment: Not usable outside of PowerShell
[0.144s] DEBUG:colcon.colcon_core.shell:Skip shell extension 'dsv' for command environment
[0.149s] DEBUG:colcon.colcon_core.event_handler.log_command:Invoking command in '/home/catherine-maglione/yolo_home/build/nuturtlebot_msgs': CMAKE_PREFIX_PATH=${CMAKE_PREFIX_PATH}:/home/catherine-maglione/yolo_home/src/install/me495_yolo:/home/catherine-maglione/yolo_home/install/me495_yolo:/opt/ros/jazzy /usr/bin/cmake /home/catherine-maglione/yolo_home/src/nuturtlebot_msgs -DCMAKE_INSTALL_PREFIX=/home/catherine-maglione/yolo_home/install/nuturtlebot_msgs
[2.519s] DEBUG:colcon.colcon_core.event_handler.log_command:Invoked command in '/home/catherine-maglione/yolo_home/build/nuturtlebot_msgs' returned '0': CMAKE_PREFIX_PATH=${CMAKE_PREFIX_PATH}:/home/catherine-maglione/yolo_home/src/install/me495_yolo:/home/catherine-maglione/yolo_home/install/me495_yolo:/opt/ros/jazzy /usr/bin/cmake /home/catherine-maglione/yolo_home/src/nuturtlebot_msgs -DCMAKE_INSTALL_PREFIX=/home/catherine-maglione/yolo_home/install/nuturtlebot_msgs
[2.520s] DEBUG:colcon.colcon_core.event_handler.log_command:Invoking command in '/home/catherine-maglione/yolo_home/build/nuturtlebot_msgs': CMAKE_PREFIX_PATH=${CMAKE_PREFIX_PATH}:/home/catherine-maglione/yolo_home/src/install/me495_yolo:/home/catherine-maglione/yolo_home/install/me495_yolo:/opt/ros/jazzy /usr/bin/cmake --build /home/catherine-maglione/yolo_home/build/nuturtlebot_msgs -- -j32 -l32
[4.056s] DEBUG:colcon.colcon_core.event_handler.log_command:Invoked command in '/home/catherine-maglione/yolo_home/build/nuturtlebot_msgs' returned '0': CMAKE_PREFIX_PATH=${CMAKE_PREFIX_PATH}:/home/catherine-maglione/yolo_home/src/install/me495_yolo:/home/catherine-maglione/yolo_home/install/me495_yolo:/opt/ros/jazzy /usr/bin/cmake --build /home/catherine-maglione/yolo_home/build/nuturtlebot_msgs -- -j32 -l32
[4.214s] DEBUG:colcon.colcon_core.event_handler.log_command:Invoking command in '/home/catherine-maglione/yolo_home/build/nuturtlebot_msgs': CMAKE_PREFIX_PATH=${CMAKE_PREFIX_PATH}:/home/catherine-maglione/yolo_home/src/install/me495_yolo:/home/catherine-maglione/yolo_home/install/me495_yolo:/opt/ros/jazzy /usr/bin/cmake --install /home/catherine-maglione/yolo_home/build/nuturtlebot_msgs
[4.277s] Level 1:colcon.colcon_core.environment:create_environment_scripts_only(nuturtlebot_msgs)
[4.277s] DEBUG:colcon.colcon_core.event_handler.log_command:Invoked command in '/home/catherine-maglione/yolo_home/build/nuturtlebot_msgs' returned '0': CMAKE_PREFIX_PATH=${CMAKE_PREFIX_PATH}:/home/catherine-maglione/yolo_home/src/install/me495_yolo:/home/catherine-maglione/yolo_home/install/me495_yolo:/opt/ros/jazzy /usr/bin/cmake --install /home/catherine-maglione/yolo_home/build/nuturtlebot_msgs
[4.278s] Level 1:colcon.colcon_core.environment:checking '/home/catherine-maglione/yolo_home/install/nuturtlebot_msgs' for CMake module files
[4.278s] Level 1:colcon.colcon_core.environment:checking '/home/catherine-maglione/yolo_home/install/nuturtlebot_msgs' for CMake config files
[4.278s] Level 1:colcon.colcon_core.shell:create_environment_hook('nuturtlebot_msgs', 'cmake_prefix_path')
[4.278s] INFO:colcon.colcon_core.shell:Creating environment hook '/home/catherine-maglione/yolo_home/install/nuturtlebot_msgs/share/nuturtlebot_msgs/hook/cmake_prefix_path.ps1'
[4.278s] INFO:colcon.colcon_core.shell:Creating environment descriptor '/home/catherine-maglione/yolo_home/install/nuturtlebot_msgs/share/nuturtlebot_msgs/hook/cmake_prefix_path.dsv'
[4.278s] INFO:colcon.colcon_core.shell:Creating environment hook '/home/catherine-maglione/yolo_home/install/nuturtlebot_msgs/share/nuturtlebot_msgs/hook/cmake_prefix_path.sh'
[4.279s] Level 1:colcon.colcon_core.environment:checking '/home/catherine-maglione/yolo_home/install/nuturtlebot_msgs/lib'
[4.279s] Level 1:colcon.colcon_core.shell:create_environment_hook('nuturtlebot_msgs', 'ld_library_path_lib')
[4.279s] INFO:colcon.colcon_core.shell:Creating environment hook '/home/catherine-maglione/yolo_home/install/nuturtlebot_msgs/share/nuturtlebot_msgs/hook/ld_library_path_lib.ps1'
[4.279s] INFO:colcon.colcon_core.shell:Creating environment descriptor '/home/catherine-maglione/yolo_home/install/nuturtlebot_msgs/share/nuturtlebot_msgs/hook/ld_library_path_lib.dsv'
[4.279s] INFO:colcon.colcon_core.shell:Creating environment hook '/home/catherine-maglione/yolo_home/install/nuturtlebot_msgs/share/nuturtlebot_msgs/hook/ld_library_path_lib.sh'
[4.279s] Level 1:colcon.colcon_core.environment:checking '/home/catherine-maglione/yolo_home/install/nuturtlebot_msgs/bin'
[4.279s] Level 1:colcon.colcon_core.environment:checking '/home/catherine-maglione/yolo_home/install/nuturtlebot_msgs/lib/pkgconfig/nuturtlebot_msgs.pc'
[4.279s] Level 1:colcon.colcon_core.environment:checking '/home/catherine-maglione/yolo_home/install/nuturtlebot_msgs/lib/python3.12/site-packages'
[4.279s] Level 1:colcon.colcon_core.shell:create_environment_hook('nuturtlebot_msgs', 'pythonpath')
[4.280s] INFO:colcon.colcon_core.shell:Creating environment hook '/home/catherine-maglione/yolo_home/install/nuturtlebot_msgs/share/nuturtlebot_msgs/hook/pythonpath.ps1'
[4.280s] INFO:colcon.colcon_core.shell:Creating environment descriptor '/home/catherine-maglione/yolo_home/install/nuturtlebot_msgs/share/nuturtlebot_msgs/hook/pythonpath.dsv'
[4.280s] INFO:colcon.colcon_core.shell:Creating environment hook '/home/catherine-maglione/yolo_home/install/nuturtlebot_msgs/share/nuturtlebot_msgs/hook/pythonpath.sh'
[4.280s] Level 1:colcon.colcon_core.environment:checking '/home/catherine-maglione/yolo_home/install/nuturtlebot_msgs/bin'
[4.280s] INFO:colcon.colcon_core.shell:Creating package script '/home/catherine-maglione/yolo_home/install/nuturtlebot_msgs/share/nuturtlebot_msgs/package.ps1'
[4.280s] INFO:colcon.colcon_core.shell:Creating package descriptor '/home/catherine-maglione/yolo_home/install/nuturtlebot_msgs/share/nuturtlebot_msgs/package.dsv'
[4.281s] INFO:colcon.colcon_core.shell:Creating package script '/home/catherine-maglione/yolo_home/install/nuturtlebot_msgs/share/nuturtlebot_msgs/package.sh'
[4.281s] INFO:colcon.colcon_core.shell:Creating package script '/home/catherine-maglione/yolo_home/install/nuturtlebot_msgs/share/nuturtlebot_msgs/package.bash'
[4.281s] INFO:colcon.colcon_core.shell:Creating package script '/home/catherine-maglione/yolo_home/install/nuturtlebot_msgs/share/nuturtlebot_msgs/package.zsh'
[4.281s] Level 1:colcon.colcon_core.environment:create_file_with_runtime_dependencies(/home/catherine-maglione/yolo_home/install/nuturtlebot_msgs/share/colcon-core/packages/nuturtlebot_msgs)
[4.422s] Level 1:colcon.colcon_core.environment:create_environment_scripts_only(nuturtlebot_msgs)
[4.422s] Level 1:colcon.colcon_core.environment:checking '/home/catherine-maglione/yolo_home/install/nuturtlebot_msgs' for CMake module files
[4.423s] Level 1:colcon.colcon_core.environment:checking '/home/catherine-maglione/yolo_home/install/nuturtlebot_msgs' for CMake config files
[4.423s] Level 1:colcon.colcon_core.shell:create_environment_hook('nuturtlebot_msgs', 'cmake_prefix_path')
[4.424s] INFO:colcon.colcon_core.shell:Creating environment hook '/home/catherine-maglione/yolo_home/install/nuturtlebot_msgs/share/nuturtlebot_msgs/hook/cmake_prefix_path.ps1'
[4.424s] INFO:colcon.colcon_core.shell:Creating environment descriptor '/home/catherine-maglione/yolo_home/install/nuturtlebot_msgs/share/nuturtlebot_msgs/hook/cmake_prefix_path.dsv'
[4.424s] INFO:colcon.colcon_core.shell:Creating environment hook '/home/catherine-maglione/yolo_home/install/nuturtlebot_msgs/share/nuturtlebot_msgs/hook/cmake_prefix_path.sh'
[4.425s] Level 1:colcon.colcon_core.environment:checking '/home/catherine-maglione/yolo_home/install/nuturtlebot_msgs/lib'
[4.425s] Level 1:colcon.colcon_core.shell:create_environment_hook('nuturtlebot_msgs', 'ld_library_path_lib')
[4.425s] INFO:colcon.colcon_core.shell:Creating environment hook '/home/catherine-maglione/yolo_home/install/nuturtlebot_msgs/share/nuturtlebot_msgs/hook/ld_library_path_lib.ps1'
[4.426s] INFO:colcon.colcon_core.shell:Creating environment descriptor '/home/catherine-maglione/yolo_home/install/nuturtlebot_msgs/share/nuturtlebot_msgs/hook/ld_library_path_lib.dsv'
[4.426s] INFO:colcon.colcon_core.shell:Creating environment hook '/home/catherine-maglione/yolo_home/install/nuturtlebot_msgs/share/nuturtlebot_msgs/hook/ld_library_path_lib.sh'
[4.426s] Level 1:colcon.colcon_core.environment:checking '/home/catherine-maglione/yolo_home/install/nuturtlebot_msgs/bin'
[4.426s] Level 1:colcon.colcon_core.environment:checking '/home/catherine-maglione/yolo_home/install/nuturtlebot_msgs/lib/pkgconfig/nuturtlebot_msgs.pc'
[4.427s] Level 1:colcon.colcon_core.environment:checking '/home/catherine-maglione/yolo_home/install/nuturtlebot_msgs/lib/python3.12/site-packages'
[4.427s] Level 1:colcon.colcon_core.shell:create_environment_hook('nuturtlebot_msgs', 'pythonpath')
[4.427s] INFO:colcon.colcon_core.shell:Creating environment hook '/home/catherine-maglione/yolo_home/install/nuturtlebot_msgs/share/nuturtlebot_msgs/hook/pythonpath.ps1'
[4.428s] INFO:colcon.colcon_core.shell:Creating environment descriptor '/home/catherine-maglione/yolo_home/install/nuturtlebot_msgs/share/nuturtlebot_msgs/hook/pythonpath.dsv'
[4.428s] INFO:colcon.colcon_core.shell:Creating environment hook '/home/catherine-maglione/yolo_home/install/nuturtlebot_msgs/share/nuturtlebot_msgs/hook/pythonpath.sh'
[4.428s] Level 1:colcon.colcon_core.environment:checking '/home/catherine-maglione/yolo_home/install/nuturtlebot_msgs/bin'
[4.429s] INFO:colcon.colcon_core.shell:Creating package script '/home/catherine-maglione/yolo_home/install/nuturtlebot_msgs/share/nuturtlebot_msgs/package.ps1'
[4.429s] INFO:colcon.colcon_core.shell:Creating package descriptor '/home/catherine-maglione/yolo_home/install/nuturtlebot_msgs/share/nuturtlebot_msgs/package.dsv'
[4.430s] INFO:colcon.colcon_core.shell:Creating package script '/home/catherine-maglione/yolo_home/install/nuturtlebot_msgs/share/nuturtlebot_msgs/package.sh'
[4.430s] INFO:colcon.colcon_core.shell:Creating package script '/home/catherine-maglione/yolo_home/install/nuturtlebot_msgs/share/nuturtlebot_msgs/package.bash'
[4.431s] INFO:colcon.colcon_core.shell:Creating package script '/home/catherine-maglione/yolo_home/install/nuturtlebot_msgs/share/nuturtlebot_msgs/package.zsh'
[4.431s] Level 1:colcon.colcon_core.environment:create_file_with_runtime_dependencies(/home/catherine-maglione/yolo_home/install/nuturtlebot_msgs/share/colcon-core/packages/nuturtlebot_msgs)
[4.431s] INFO:colcon.colcon_ros.task.ament_python.build:Building ROS package in '/home/catherine-maglione/yolo_home/src/me495_yolo' with build type 'ament_python'
[4.431s] Level 1:colcon.colcon_core.shell:create_environment_hook('me495_yolo', 'ament_prefix_path')
[4.432s] INFO:colcon.colcon_core.shell:Creating environment hook '/home/catherine-maglione/yolo_home/install/me495_yolo/share/me495_yolo/hook/ament_prefix_path.ps1'
[4.433s] INFO:colcon.colcon_core.shell:Creating environment descriptor '/home/catherine-maglione/yolo_home/install/me495_yolo/share/me495_yolo/hook/ament_prefix_path.dsv'
[4.433s] INFO:colcon.colcon_core.shell:Creating environment hook '/home/catherine-maglione/yolo_home/install/me495_yolo/share/me495_yolo/hook/ament_prefix_path.sh'
[4.434s] INFO:colcon.colcon_core.shell:Skip shell extension 'powershell' for command environment: Not usable outside of PowerShell
[4.434s] DEBUG:colcon.colcon_core.shell:Skip shell extension 'dsv' for command environment
[4.438s] INFO:colcon.colcon_ros.task.ament_cmake.build:Building ROS package in '/home/catherine-maglione/yolo_home/src/numsr_turtlebot' with build type 'ament_cmake'
[4.438s] INFO:colcon.colcon_cmake.task.cmake.build:Building CMake package in '/home/catherine-maglione/yolo_home/src/numsr_turtlebot'
[4.438s] INFO:colcon.colcon_core.shell:Skip shell extension 'powershell' for command environment: Not usable outside of PowerShell
[4.438s] DEBUG:colcon.colcon_core.shell:Skip shell extension 'dsv' for command environment
[4.565s] INFO:colcon.colcon_core.task.python.build:Building Python package in '/home/catherine-maglione/yolo_home/src/me495_yolo'
[4.565s] INFO:colcon.colcon_core.shell:Skip shell extension 'powershell' for command environment: Not usable outside of PowerShell
[4.565s] DEBUG:colcon.colcon_core.shell:Skip shell extension 'dsv' for command environment
[4.568s] DEBUG:colcon.colcon_core.event_handler.log_command:Invoking command in '/home/catherine-maglione/yolo_home/build/numsr_turtlebot': CMAKE_PREFIX_PATH=/home/catherine-maglione/yolo_home/install/nuturtlebot_msgs:/home/catherine-maglione/yolo_home/src/install/numsr_turtlebot:/home/catherine-maglione/yolo_home/src/install/nuturtlebot_msgs:/home/catherine-maglione/yolo_home/install/numsr_turtlebot:/opt/ros/jazzy/opt/gz_sim_vendor:/opt/ros/jazzy/opt/gz_sensors_vendor:/opt/ros/jazzy/opt/gz_physics_vendor:/opt/ros/jazzy/opt/sdformat_vendor:/opt/ros/jazzy/opt/gz_gui_vendor:/opt/ros/jazzy/opt/gz_transport_vendor:/opt/ros/jazzy/opt/gz_rendering_vendor:/opt/ros/jazzy/opt/gz_plugin_vendor:/opt/ros/jazzy/opt/gz_fuel_tools_vendor:/opt/ros/jazzy/opt/gz_msgs_vendor:/opt/ros/jazzy/opt/gz_common_vendor:/opt/ros/jazzy/opt/gz_math_vendor:/opt/ros/jazzy/opt/gz_utils_vendor:/opt/ros/jazzy/opt/gz_tools_vendor:/opt/ros/jazzy/opt/gz_ogre_next_vendor:/opt/ros/jazzy/opt/gz_dartsim_vendor:/opt/ros/jazzy/opt/gz_cmake_vendor:/home/catherine-maglione/yolo_home/src/install/me495_yolo:/home/catherine-maglione/yolo_home/install/me495_yolo:/opt/ros/jazzy LD_LIBRARY_PATH=/home/catherine-maglione/yolo_home/install/nuturtlebot_msgs/lib:/home/catherine-maglione/yolo_home/src/install/nuturtlebot_msgs/lib:/opt/ros/jazzy/opt/gz_sim_vendor/lib:/opt/ros/jazzy/opt/gz_sensors_vendor/lib:/opt/ros/jazzy/opt/gz_physics_vendor/lib:/opt/ros/jazzy/opt/sdformat_vendor/lib:/opt/ros/jazzy/opt/rviz_ogre_vendor/lib:/opt/ros/jazzy/lib/x86_64-linux-gnu:/opt/ros/jazzy/opt/gz_gui_vendor/lib:/opt/ros/jazzy/opt/gz_transport_vendor/lib:/opt/ros/jazzy/opt/gz_rendering_vendor/lib:/opt/ros/jazzy/opt/gz_plugin_vendor/lib:/opt/ros/jazzy/opt/gz_fuel_tools_vendor/lib:/opt/ros/jazzy/opt/gz_msgs_vendor/lib:/opt/ros/jazzy/opt/gz_common_vendor/lib:/opt/ros/jazzy/opt/gz_math_vendor/lib:/opt/ros/jazzy/opt/gz_utils_vendor/lib:/opt/ros/jazzy/opt/gz_tools_vendor/lib:/opt/ros/jazzy/opt/gz_ogre_next_vendor/lib:/opt/ros/jazzy/opt/gz_dartsim_vendor/lib:/opt/ros/jazzy/opt/gz_cmake_vendor/lib:/opt/ros/jazzy/lib PYTHONPATH=/home/catherine-maglione/yolo_home/install/nuturtlebot_msgs/lib/python3.12/site-packages:/home/catherine-maglione/yolo_home/src/install/me495_yolo/lib/python3.12/site-packages:/home/catherine-maglione/yolo_home/src/install/nuturtlebot_msgs/lib/python3.12/site-packages:/home/catherine-maglione/yolo_home/install/me495_yolo/lib/python3.12/site-packages:/opt/ros/jazzy/lib/python3.12/site-packages /usr/bin/cmake /home/catherine-maglione/yolo_home/src/numsr_turtlebot -DCMAKE_INSTALL_PREFIX=/home/catherine-maglione/yolo_home/install/numsr_turtlebot
[4.905s] DEBUG:colcon.colcon_core.event_handler.log_command:Invoking command in '/home/catherine-maglione/yolo_home/src/me495_yolo': CMAKE_PREFIX_PATH=/home/catherine-maglione/yolo_home/install/nuturtlebot_msgs:/home/catherine-maglione/yolo_home/src/install/numsr_turtlebot:/home/catherine-maglione/yolo_home/src/install/nuturtlebot_msgs:/home/catherine-maglione/yolo_home/install/numsr_turtlebot:/opt/ros/jazzy/opt/gz_sim_vendor:/opt/ros/jazzy/opt/gz_sensors_vendor:/opt/ros/jazzy/opt/gz_physics_vendor:/opt/ros/jazzy/opt/sdformat_vendor:/opt/ros/jazzy/opt/gz_gui_vendor:/opt/ros/jazzy/opt/gz_transport_vendor:/opt/ros/jazzy/opt/gz_rendering_vendor:/opt/ros/jazzy/opt/gz_plugin_vendor:/opt/ros/jazzy/opt/gz_fuel_tools_vendor:/opt/ros/jazzy/opt/gz_msgs_vendor:/opt/ros/jazzy/opt/gz_common_vendor:/opt/ros/jazzy/opt/gz_math_vendor:/opt/ros/jazzy/opt/gz_utils_vendor:/opt/ros/jazzy/opt/gz_tools_vendor:/opt/ros/jazzy/opt/gz_ogre_next_vendor:/opt/ros/jazzy/opt/gz_dartsim_vendor:/opt/ros/jazzy/opt/gz_cmake_vendor LD_LIBRARY_PATH=/home/catherine-maglione/yolo_home/install/nuturtlebot_msgs/lib:/home/catherine-maglione/yolo_home/src/install/nuturtlebot_msgs/lib:/opt/ros/jazzy/opt/gz_sim_vendor/lib:/opt/ros/jazzy/opt/gz_sensors_vendor/lib:/opt/ros/jazzy/opt/gz_physics_vendor/lib:/opt/ros/jazzy/opt/sdformat_vendor/lib:/opt/ros/jazzy/opt/rviz_ogre_vendor/lib:/opt/ros/jazzy/lib/x86_64-linux-gnu:/opt/ros/jazzy/opt/gz_gui_vendor/lib:/opt/ros/jazzy/opt/gz_transport_vendor/lib:/opt/ros/jazzy/opt/gz_rendering_vendor/lib:/opt/ros/jazzy/opt/gz_plugin_vendor/lib:/opt/ros/jazzy/opt/gz_fuel_tools_vendor/lib:/opt/ros/jazzy/opt/gz_msgs_vendor/lib:/opt/ros/jazzy/opt/gz_common_vendor/lib:/opt/ros/jazzy/opt/gz_math_vendor/lib:/opt/ros/jazzy/opt/gz_utils_vendor/lib:/opt/ros/jazzy/opt/gz_tools_vendor/lib:/opt/ros/jazzy/opt/gz_ogre_next_vendor/lib:/opt/ros/jazzy/opt/gz_dartsim_vendor/lib:/opt/ros/jazzy/opt/gz_cmake_vendor/lib:/opt/ros/jazzy/lib PYTHONPATH=/home/catherine-maglione/yolo_home/build/me495_yolo/prefix_override:/usr/lib/python3/dist-packages/colcon_core/task/python/colcon_distutils_commands:/home/catherine-maglione/yolo_home/install/me495_yolo/lib/python3.12/site-packages:/home/catherine-maglione/yolo_home/install/nuturtlebot_msgs/lib/python3.12/site-packages:/home/catherine-maglione/yolo_home/src/install/me495_yolo/lib/python3.12/site-packages:/home/catherine-maglione/yolo_home/src/install/nuturtlebot_msgs/lib/python3.12/site-packages:/home/catherine-maglione/yolo_home/install/me495_yolo/lib/python3.12/site-packages:/opt/ros/jazzy/lib/python3.12/site-packages /usr/bin/python3 -W ignore:setup.py install is deprecated setup.py egg_info --egg-base ../../build/me495_yolo build --build-base /home/catherine-maglione/yolo_home/build/me495_yolo/build install --record /home/catherine-maglione/yolo_home/build/me495_yolo/install.log --single-version-externally-managed install_data
[5.219s] Level 1:colcon.colcon_core.environment:checking '/home/catherine-maglione/yolo_home/install/me495_yolo' for CMake module files
[5.220s] DEBUG:colcon.colcon_core.event_handler.log_command:Invoked command in '/home/catherine-maglione/yolo_home/src/me495_yolo' returned '0': CMAKE_PREFIX_PATH=/home/catherine-maglione/yolo_home/install/nuturtlebot_msgs:/home/catherine-maglione/yolo_home/src/install/numsr_turtlebot:/home/catherine-maglione/yolo_home/src/install/nuturtlebot_msgs:/home/catherine-maglione/yolo_home/install/numsr_turtlebot:/opt/ros/jazzy/opt/gz_sim_vendor:/opt/ros/jazzy/opt/gz_sensors_vendor:/opt/ros/jazzy/opt/gz_physics_vendor:/opt/ros/jazzy/opt/sdformat_vendor:/opt/ros/jazzy/opt/gz_gui_vendor:/opt/ros/jazzy/opt/gz_transport_vendor:/opt/ros/jazzy/opt/gz_rendering_vendor:/opt/ros/jazzy/opt/gz_plugin_vendor:/opt/ros/jazzy/opt/gz_fuel_tools_vendor:/opt/ros/jazzy/opt/gz_msgs_vendor:/opt/ros/jazzy/opt/gz_common_vendor:/opt/ros/jazzy/opt/gz_math_vendor:/opt/ros/jazzy/opt/gz_utils_vendor:/opt/ros/jazzy/opt/gz_tools_vendor:/opt/ros/jazzy/opt/gz_ogre_next_vendor:/opt/ros/jazzy/opt/gz_dartsim_vendor:/opt/ros/jazzy/opt/gz_cmake_vendor LD_LIBRARY_PATH=/home/catherine-maglione/yolo_home/install/nuturtlebot_msgs/lib:/home/catherine-maglione/yolo_home/src/install/nuturtlebot_msgs/lib:/opt/ros/jazzy/opt/gz_sim_vendor/lib:/opt/ros/jazzy/opt/gz_sensors_vendor/lib:/opt/ros/jazzy/opt/gz_physics_vendor/lib:/opt/ros/jazzy/opt/sdformat_vendor/lib:/opt/ros/jazzy/opt/rviz_ogre_vendor/lib:/opt/ros/jazzy/lib/x86_64-linux-gnu:/opt/ros/jazzy/opt/gz_gui_vendor/lib:/opt/ros/jazzy/opt/gz_transport_vendor/lib:/opt/ros/jazzy/opt/gz_rendering_vendor/lib:/opt/ros/jazzy/opt/gz_plugin_vendor/lib:/opt/ros/jazzy/opt/gz_fuel_tools_vendor/lib:/opt/ros/jazzy/opt/gz_msgs_vendor/lib:/opt/ros/jazzy/opt/gz_common_vendor/lib:/opt/ros/jazzy/opt/gz_math_vendor/lib:/opt/ros/jazzy/opt/gz_utils_vendor/lib:/opt/ros/jazzy/opt/gz_tools_vendor/lib:/opt/ros/jazzy/opt/gz_ogre_next_vendor/lib:/opt/ros/jazzy/opt/gz_dartsim_vendor/lib:/opt/ros/jazzy/opt/gz_cmake_vendor/lib:/opt/ros/jazzy/lib PYTHONPATH=/home/catherine-maglione/yolo_home/build/me495_yolo/prefix_override:/usr/lib/python3/dist-packages/colcon_core/task/python/colcon_distutils_commands:/home/catherine-maglione/yolo_home/install/me495_yolo/lib/python3.12/site-packages:/home/catherine-maglione/yolo_home/install/nuturtlebot_msgs/lib/python3.12/site-packages:/home/catherine-maglione/yolo_home/src/install/me495_yolo/lib/python3.12/site-packages:/home/catherine-maglione/yolo_home/src/install/nuturtlebot_msgs/lib/python3.12/site-packages:/home/catherine-maglione/yolo_home/install/me495_yolo/lib/python3.12/site-packages:/opt/ros/jazzy/lib/python3.12/site-packages /usr/bin/python3 -W ignore:setup.py install is deprecated setup.py egg_info --egg-base ../../build/me495_yolo build --build-base /home/catherine-maglione/yolo_home/build/me495_yolo/build install --record /home/catherine-maglione/yolo_home/build/me495_yolo/install.log --single-version-externally-managed install_data
[5.220s] Level 1:colcon.colcon_core.environment:checking '/home/catherine-maglione/yolo_home/install/me495_yolo' for CMake config files
[5.220s] Level 1:colcon.colcon_core.environment:checking '/home/catherine-maglione/yolo_home/install/me495_yolo/lib'
[5.220s] Level 1:colcon.colcon_core.environment:checking '/home/catherine-maglione/yolo_home/install/me495_yolo/bin'
[5.220s] Level 1:colcon.colcon_core.environment:checking '/home/catherine-maglione/yolo_home/install/me495_yolo/lib/pkgconfig/me495_yolo.pc'
[5.220s] Level 1:colcon.colcon_core.environment:checking '/home/catherine-maglione/yolo_home/install/me495_yolo/lib/python3.12/site-packages'
[5.220s] Level 1:colcon.colcon_core.shell:create_environment_hook('me495_yolo', 'pythonpath')
[5.220s] INFO:colcon.colcon_core.shell:Creating environment hook '/home/catherine-maglione/yolo_home/install/me495_yolo/share/me495_yolo/hook/pythonpath.ps1'
[5.220s] INFO:colcon.colcon_core.shell:Creating environment descriptor '/home/catherine-maglione/yolo_home/install/me495_yolo/share/me495_yolo/hook/pythonpath.dsv'
[5.221s] INFO:colcon.colcon_core.shell:Creating environment hook '/home/catherine-maglione/yolo_home/install/me495_yolo/share/me495_yolo/hook/pythonpath.sh'
[5.221s] Level 1:colcon.colcon_core.environment:checking '/home/catherine-maglione/yolo_home/install/me495_yolo/bin'
[5.221s] Level 1:colcon.colcon_core.environment:create_environment_scripts_only(me495_yolo)
[5.221s] INFO:colcon.colcon_core.shell:Creating package script '/home/catherine-maglione/yolo_home/install/me495_yolo/share/me495_yolo/package.ps1'
[5.221s] INFO:colcon.colcon_core.shell:Creating package descriptor '/home/catherine-maglione/yolo_home/install/me495_yolo/share/me495_yolo/package.dsv'
[5.221s] INFO:colcon.colcon_core.shell:Creating package script '/home/catherine-maglione/yolo_home/install/me495_yolo/share/me495_yolo/package.sh'
[5.221s] INFO:colcon.colcon_core.shell:Creating package script '/home/catherine-maglione/yolo_home/install/me495_yolo/share/me495_yolo/package.bash'
[5.221s] INFO:colcon.colcon_core.shell:Creating package script '/home/catherine-maglione/yolo_home/install/me495_yolo/share/me495_yolo/package.zsh'
[5.221s] Level 1:colcon.colcon_core.environment:create_file_with_runtime_dependencies(/home/catherine-maglione/yolo_home/install/me495_yolo/share/colcon-core/packages/me495_yolo)
[5.336s] DEBUG:colcon.colcon_core.event_handler.log_command:Invoked command in '/home/catherine-maglione/yolo_home/build/numsr_turtlebot' returned '0': CMAKE_PREFIX_PATH=/home/catherine-maglione/yolo_home/install/nuturtlebot_msgs:/home/catherine-maglione/yolo_home/src/install/numsr_turtlebot:/home/catherine-maglione/yolo_home/src/install/nuturtlebot_msgs:/home/catherine-maglione/yolo_home/install/numsr_turtlebot:/opt/ros/jazzy/opt/gz_sim_vendor:/opt/ros/jazzy/opt/gz_sensors_vendor:/opt/ros/jazzy/opt/gz_physics_vendor:/opt/ros/jazzy/opt/sdformat_vendor:/opt/ros/jazzy/opt/gz_gui_vendor:/opt/ros/jazzy/opt/gz_transport_vendor:/opt/ros/jazzy/opt/gz_rendering_vendor:/opt/ros/jazzy/opt/gz_plugin_vendor:/opt/ros/jazzy/opt/gz_fuel_tools_vendor:/opt/ros/jazzy/opt/gz_msgs_vendor:/opt/ros/jazzy/opt/gz_common_vendor:/opt/ros/jazzy/opt/gz_math_vendor:/opt/ros/jazzy/opt/gz_utils_vendor:/opt/ros/jazzy/opt/gz_tools_vendor:/opt/ros/jazzy/opt/gz_ogre_next_vendor:/opt/ros/jazzy/opt/gz_dartsim_vendor:/opt/ros/jazzy/opt/gz_cmake_vendor:/home/catherine-maglione/yolo_home/src/install/me495_yolo:/home/catherine-maglione/yolo_home/install/me495_yolo:/opt/ros/jazzy LD_LIBRARY_PATH=/home/catherine-maglione/yolo_home/install/nuturtlebot_msgs/lib:/home/catherine-maglione/yolo_home/src/install/nuturtlebot_msgs/lib:/opt/ros/jazzy/opt/gz_sim_vendor/lib:/opt/ros/jazzy/opt/gz_sensors_vendor/lib:/opt/ros/jazzy/opt/gz_physics_vendor/lib:/opt/ros/jazzy/opt/sdformat_vendor/lib:/opt/ros/jazzy/opt/rviz_ogre_vendor/lib:/opt/ros/jazzy/lib/x86_64-linux-gnu:/opt/ros/jazzy/opt/gz_gui_vendor/lib:/opt/ros/jazzy/opt/gz_transport_vendor/lib:/opt/ros/jazzy/opt/gz_rendering_vendor/lib:/opt/ros/jazzy/opt/gz_plugin_vendor/lib:/opt/ros/jazzy/opt/gz_fuel_tools_vendor/lib:/opt/ros/jazzy/opt/gz_msgs_vendor/lib:/opt/ros/jazzy/opt/gz_common_vendor/lib:/opt/ros/jazzy/opt/gz_math_vendor/lib:/opt/ros/jazzy/opt/gz_utils_vendor/lib:/opt/ros/jazzy/opt/gz_tools_vendor/lib:/opt/ros/jazzy/opt/gz_ogre_next_vendor/lib:/opt/ros/jazzy/opt/gz_dartsim_vendor/lib:/opt/ros/jazzy/opt/gz_cmake_vendor/lib:/opt/ros/jazzy/lib PYTHONPATH=/home/catherine-maglione/yolo_home/install/nuturtlebot_msgs/lib/python3.12/site-packages:/home/catherine-maglione/yolo_home/src/install/me495_yolo/lib/python3.12/site-packages:/home/catherine-maglione/yolo_home/src/install/nuturtlebot_msgs/lib/python3.12/site-packages:/home/catherine-maglione/yolo_home/install/me495_yolo/lib/python3.12/site-packages:/opt/ros/jazzy/lib/python3.12/site-packages /usr/bin/cmake /home/catherine-maglione/yolo_home/src/numsr_turtlebot -DCMAKE_INSTALL_PREFIX=/home/catherine-maglione/yolo_home/install/numsr_turtlebot
[5.336s] DEBUG:colcon.colcon_core.event_handler.log_command:Invoking command in '/home/catherine-maglione/yolo_home/build/numsr_turtlebot': CMAKE_PREFIX_PATH=/home/catherine-maglione/yolo_home/install/nuturtlebot_msgs:/home/catherine-maglione/yolo_home/src/install/numsr_turtlebot:/home/catherine-maglione/yolo_home/src/install/nuturtlebot_msgs:/home/catherine-maglione/yolo_home/install/numsr_turtlebot:/opt/ros/jazzy/opt/gz_sim_vendor:/opt/ros/jazzy/opt/gz_sensors_vendor:/opt/ros/jazzy/opt/gz_physics_vendor:/opt/ros/jazzy/opt/sdformat_vendor:/opt/ros/jazzy/opt/gz_gui_vendor:/opt/ros/jazzy/opt/gz_transport_vendor:/opt/ros/jazzy/opt/gz_rendering_vendor:/opt/ros/jazzy/opt/gz_plugin_vendor:/opt/ros/jazzy/opt/gz_fuel_tools_vendor:/opt/ros/jazzy/opt/gz_msgs_vendor:/opt/ros/jazzy/opt/gz_common_vendor:/opt/ros/jazzy/opt/gz_math_vendor:/opt/ros/jazzy/opt/gz_utils_vendor:/opt/ros/jazzy/opt/gz_tools_vendor:/opt/ros/jazzy/opt/gz_ogre_next_vendor:/opt/ros/jazzy/opt/gz_dartsim_vendor:/opt/ros/jazzy/opt/gz_cmake_vendor:/home/catherine-maglione/yolo_home/src/install/me495_yolo:/home/catherine-maglione/yolo_home/install/me495_yolo:/opt/ros/jazzy LD_LIBRARY_PATH=/home/catherine-maglione/yolo_home/install/nuturtlebot_msgs/lib:/home/catherine-maglione/yolo_home/src/install/nuturtlebot_msgs/lib:/opt/ros/jazzy/opt/gz_sim_vendor/lib:/opt/ros/jazzy/opt/gz_sensors_vendor/lib:/opt/ros/jazzy/opt/gz_physics_vendor/lib:/opt/ros/jazzy/opt/sdformat_vendor/lib:/opt/ros/jazzy/opt/rviz_ogre_vendor/lib:/opt/ros/jazzy/lib/x86_64-linux-gnu:/opt/ros/jazzy/opt/gz_gui_vendor/lib:/opt/ros/jazzy/opt/gz_transport_vendor/lib:/opt/ros/jazzy/opt/gz_rendering_vendor/lib:/opt/ros/jazzy/opt/gz_plugin_vendor/lib:/opt/ros/jazzy/opt/gz_fuel_tools_vendor/lib:/opt/ros/jazzy/opt/gz_msgs_vendor/lib:/opt/ros/jazzy/opt/gz_common_vendor/lib:/opt/ros/jazzy/opt/gz_math_vendor/lib:/opt/ros/jazzy/opt/gz_utils_vendor/lib:/opt/ros/jazzy/opt/gz_tools_vendor/lib:/opt/ros/jazzy/opt/gz_ogre_next_vendor/lib:/opt/ros/jazzy/opt/gz_dartsim_vendor/lib:/opt/ros/jazzy/opt/gz_cmake_vendor/lib:/opt/ros/jazzy/lib PYTHONPATH=/home/catherine-maglione/yolo_home/install/nuturtlebot_msgs/lib/python3.12/site-packages:/home/catherine-maglione/yolo_home/src/install/me495_yolo/lib/python3.12/site-packages:/home/catherine-maglione/yolo_home/src/install/nuturtlebot_msgs/lib/python3.12/site-packages:/home/catherine-maglione/yolo_home/install/me495_yolo/lib/python3.12/site-packages:/opt/ros/jazzy/lib/python3.12/site-packages /usr/bin/cmake --build /home/catherine-maglione/yolo_home/build/numsr_turtlebot -- -j32 -l32
[10.194s] DEBUG:colcon.colcon_core.event_handler.log_command:Invoked command in '/home/catherine-maglione/yolo_home/build/numsr_turtlebot' returned '0': CMAKE_PREFIX_PATH=/home/catherine-maglione/yolo_home/install/nuturtlebot_msgs:/home/catherine-maglione/yolo_home/src/install/numsr_turtlebot:/home/catherine-maglione/yolo_home/src/install/nuturtlebot_msgs:/home/catherine-maglione/yolo_home/install/numsr_turtlebot:/opt/ros/jazzy/opt/gz_sim_vendor:/opt/ros/jazzy/opt/gz_sensors_vendor:/opt/ros/jazzy/opt/gz_physics_vendor:/opt/ros/jazzy/opt/sdformat_vendor:/opt/ros/jazzy/opt/gz_gui_vendor:/opt/ros/jazzy/opt/gz_transport_vendor:/opt/ros/jazzy/opt/gz_rendering_vendor:/opt/ros/jazzy/opt/gz_plugin_vendor:/opt/ros/jazzy/opt/gz_fuel_tools_vendor:/opt/ros/jazzy/opt/gz_msgs_vendor:/opt/ros/jazzy/opt/gz_common_vendor:/opt/ros/jazzy/opt/gz_math_vendor:/opt/ros/jazzy/opt/gz_utils_vendor:/opt/ros/jazzy/opt/gz_tools_vendor:/opt/ros/jazzy/opt/gz_ogre_next_vendor:/opt/ros/jazzy/opt/gz_dartsim_vendor:/opt/ros/jazzy/opt/gz_cmake_vendor:/home/catherine-maglione/yolo_home/src/install/me495_yolo:/home/catherine-maglione/yolo_home/install/me495_yolo:/opt/ros/jazzy LD_LIBRARY_PATH=/home/catherine-maglione/yolo_home/install/nuturtlebot_msgs/lib:/home/catherine-maglione/yolo_home/src/install/nuturtlebot_msgs/lib:/opt/ros/jazzy/opt/gz_sim_vendor/lib:/opt/ros/jazzy/opt/gz_sensors_vendor/lib:/opt/ros/jazzy/opt/gz_physics_vendor/lib:/opt/ros/jazzy/opt/sdformat_vendor/lib:/opt/ros/jazzy/opt/rviz_ogre_vendor/lib:/opt/ros/jazzy/lib/x86_64-linux-gnu:/opt/ros/jazzy/opt/gz_gui_vendor/lib:/opt/ros/jazzy/opt/gz_transport_vendor/lib:/opt/ros/jazzy/opt/gz_rendering_vendor/lib:/opt/ros/jazzy/opt/gz_plugin_vendor/lib:/opt/ros/jazzy/opt/gz_fuel_tools_vendor/lib:/opt/ros/jazzy/opt/gz_msgs_vendor/lib:/opt/ros/jazzy/opt/gz_common_vendor/lib:/opt/ros/jazzy/opt/gz_math_vendor/lib:/opt/ros/jazzy/opt/gz_utils_vendor/lib:/opt/ros/jazzy/opt/gz_tools_vendor/lib:/opt/ros/jazzy/opt/gz_ogre_next_vendor/lib:/opt/ros/jazzy/opt/gz_dartsim_vendor/lib:/opt/ros/jazzy/opt/gz_cmake_vendor/lib:/opt/ros/jazzy/lib PYTHONPATH=/home/catherine-maglione/yolo_home/install/nuturtlebot_msgs/lib/python3.12/site-packages:/home/catherine-maglione/yolo_home/src/install/me495_yolo/lib/python3.12/site-packages:/home/catherine-maglione/yolo_home/src/install/nuturtlebot_msgs/lib/python3.12/site-packages:/home/catherine-maglione/yolo_home/install/me495_yolo/lib/python3.12/site-packages:/opt/ros/jazzy/lib/python3.12/site-packages /usr/bin/cmake --build /home/catherine-maglione/yolo_home/build/numsr_turtlebot -- -j32 -l32
[10.241s] DEBUG:colcon.colcon_core.event_handler.log_command:Invoking command in '/home/catherine-maglione/yolo_home/build/numsr_turtlebot': CMAKE_PREFIX_PATH=/home/catherine-maglione/yolo_home/install/nuturtlebot_msgs:/home/catherine-maglione/yolo_home/src/install/numsr_turtlebot:/home/catherine-maglione/yolo_home/src/install/nuturtlebot_msgs:/home/catherine-maglione/yolo_home/install/numsr_turtlebot:/opt/ros/jazzy/opt/gz_sim_vendor:/opt/ros/jazzy/opt/gz_sensors_vendor:/opt/ros/jazzy/opt/gz_physics_vendor:/opt/ros/jazzy/opt/sdformat_vendor:/opt/ros/jazzy/opt/gz_gui_vendor:/opt/ros/jazzy/opt/gz_transport_vendor:/opt/ros/jazzy/opt/gz_rendering_vendor:/opt/ros/jazzy/opt/gz_plugin_vendor:/opt/ros/jazzy/opt/gz_fuel_tools_vendor:/opt/ros/jazzy/opt/gz_msgs_vendor:/opt/ros/jazzy/opt/gz_common_vendor:/opt/ros/jazzy/opt/gz_math_vendor:/opt/ros/jazzy/opt/gz_utils_vendor:/opt/ros/jazzy/opt/gz_tools_vendor:/opt/ros/jazzy/opt/gz_ogre_next_vendor:/opt/ros/jazzy/opt/gz_dartsim_vendor:/opt/ros/jazzy/opt/gz_cmake_vendor:/home/catherine-maglione/yolo_home/src/install/me495_yolo:/home/catherine-maglione/yolo_home/install/me495_yolo:/opt/ros/jazzy LD_LIBRARY_PATH=/home/catherine-maglione/yolo_home/install/nuturtlebot_msgs/lib:/home/catherine-maglione/yolo_home/src/install/nuturtlebot_msgs/lib:/opt/ros/jazzy/opt/gz_sim_vendor/lib:/opt/ros/jazzy/opt/gz_sensors_vendor/lib:/opt/ros/jazzy/opt/gz_physics_vendor/lib:/opt/ros/jazzy/opt/sdformat_vendor/lib:/opt/ros/jazzy/opt/rviz_ogre_vendor/lib:/opt/ros/jazzy/lib/x86_64-linux-gnu:/opt/ros/jazzy/opt/gz_gui_vendor/lib:/opt/ros/jazzy/opt/gz_transport_vendor/lib:/opt/ros/jazzy/opt/gz_rendering_vendor/lib:/opt/ros/jazzy/opt/gz_plugin_vendor/lib:/opt/ros/jazzy/opt/gz_fuel_tools_vendor/lib:/opt/ros/jazzy/opt/gz_msgs_vendor/lib:/opt/ros/jazzy/opt/gz_common_vendor/lib:/opt/ros/jazzy/opt/gz_math_vendor/lib:/opt/ros/jazzy/opt/gz_utils_vendor/lib:/opt/ros/jazzy/opt/gz_tools_vendor/lib:/opt/ros/jazzy/opt/gz_ogre_next_vendor/lib:/opt/ros/jazzy/opt/gz_dartsim_vendor/lib:/opt/ros/jazzy/opt/gz_cmake_vendor/lib:/opt/ros/jazzy/lib PYTHONPATH=/home/catherine-maglione/yolo_home/install/nuturtlebot_msgs/lib/python3.12/site-packages:/home/catherine-maglione/yolo_home/src/install/me495_yolo/lib/python3.12/site-packages:/home/catherine-maglione/yolo_home/src/install/nuturtlebot_msgs/lib/python3.12/site-packages:/home/catherine-maglione/yolo_home/install/me495_yolo/lib/python3.12/site-packages:/opt/ros/jazzy/lib/python3.12/site-packages /usr/bin/cmake --install /home/catherine-maglione/yolo_home/build/numsr_turtlebot
[10.259s] Level 1:colcon.colcon_core.environment:create_environment_scripts_only(numsr_turtlebot)
[10.260s] DEBUG:colcon.colcon_core.event_handler.log_command:Invoked command in '/home/catherine-maglione/yolo_home/build/numsr_turtlebot' returned '0': CMAKE_PREFIX_PATH=/home/catherine-maglione/yolo_home/install/nuturtlebot_msgs:/home/catherine-maglione/yolo_home/src/install/numsr_turtlebot:/home/catherine-maglione/yolo_home/src/install/nuturtlebot_msgs:/home/catherine-maglione/yolo_home/install/numsr_turtlebot:/opt/ros/jazzy/opt/gz_sim_vendor:/opt/ros/jazzy/opt/gz_sensors_vendor:/opt/ros/jazzy/opt/gz_physics_vendor:/opt/ros/jazzy/opt/sdformat_vendor:/opt/ros/jazzy/opt/gz_gui_vendor:/opt/ros/jazzy/opt/gz_transport_vendor:/opt/ros/jazzy/opt/gz_rendering_vendor:/opt/ros/jazzy/opt/gz_plugin_vendor:/opt/ros/jazzy/opt/gz_fuel_tools_vendor:/opt/ros/jazzy/opt/gz_msgs_vendor:/opt/ros/jazzy/opt/gz_common_vendor:/opt/ros/jazzy/opt/gz_math_vendor:/opt/ros/jazzy/opt/gz_utils_vendor:/opt/ros/jazzy/opt/gz_tools_vendor:/opt/ros/jazzy/opt/gz_ogre_next_vendor:/opt/ros/jazzy/opt/gz_dartsim_vendor:/opt/ros/jazzy/opt/gz_cmake_vendor:/home/catherine-maglione/yolo_home/src/install/me495_yolo:/home/catherine-maglione/yolo_home/install/me495_yolo:/opt/ros/jazzy LD_LIBRARY_PATH=/home/catherine-maglione/yolo_home/install/nuturtlebot_msgs/lib:/home/catherine-maglione/yolo_home/src/install/nuturtlebot_msgs/lib:/opt/ros/jazzy/opt/gz_sim_vendor/lib:/opt/ros/jazzy/opt/gz_sensors_vendor/lib:/opt/ros/jazzy/opt/gz_physics_vendor/lib:/opt/ros/jazzy/opt/sdformat_vendor/lib:/opt/ros/jazzy/opt/rviz_ogre_vendor/lib:/opt/ros/jazzy/lib/x86_64-linux-gnu:/opt/ros/jazzy/opt/gz_gui_vendor/lib:/opt/ros/jazzy/opt/gz_transport_vendor/lib:/opt/ros/jazzy/opt/gz_rendering_vendor/lib:/opt/ros/jazzy/opt/gz_plugin_vendor/lib:/opt/ros/jazzy/opt/gz_fuel_tools_vendor/lib:/opt/ros/jazzy/opt/gz_msgs_vendor/lib:/opt/ros/jazzy/opt/gz_common_vendor/lib:/opt/ros/jazzy/opt/gz_math_vendor/lib:/opt/ros/jazzy/opt/gz_utils_vendor/lib:/opt/ros/jazzy/opt/gz_tools_vendor/lib:/opt/ros/jazzy/opt/gz_ogre_next_vendor/lib:/opt/ros/jazzy/opt/gz_dartsim_vendor/lib:/opt/ros/jazzy/opt/gz_cmake_vendor/lib:/opt/ros/jazzy/lib PYTHONPATH=/home/catherine-maglione/yolo_home/install/nuturtlebot_msgs/lib/python3.12/site-packages:/home/catherine-maglione/yolo_home/src/install/me495_yolo/lib/python3.12/site-packages:/home/catherine-maglione/yolo_home/src/install/nuturtlebot_msgs/lib/python3.12/site-packages:/home/catherine-maglione/yolo_home/install/me495_yolo/lib/python3.12/site-packages:/opt/ros/jazzy/lib/python3.12/site-packages /usr/bin/cmake --install /home/catherine-maglione/yolo_home/build/numsr_turtlebot
[10.260s] Level 1:colcon.colcon_core.environment:checking '/home/catherine-maglione/yolo_home/install/numsr_turtlebot' for CMake module files
[10.261s] Level 1:colcon.colcon_core.environment:checking '/home/catherine-maglione/yolo_home/install/numsr_turtlebot' for CMake config files
[10.261s] Level 1:colcon.colcon_core.shell:create_environment_hook('numsr_turtlebot', 'cmake_prefix_path')
[10.261s] INFO:colcon.colcon_core.shell:Creating environment hook '/home/catherine-maglione/yolo_home/install/numsr_turtlebot/share/numsr_turtlebot/hook/cmake_prefix_path.ps1'
[10.262s] INFO:colcon.colcon_core.shell:Creating environment descriptor '/home/catherine-maglione/yolo_home/install/numsr_turtlebot/share/numsr_turtlebot/hook/cmake_prefix_path.dsv'
[10.262s] INFO:colcon.colcon_core.shell:Creating environment hook '/home/catherine-maglione/yolo_home/install/numsr_turtlebot/share/numsr_turtlebot/hook/cmake_prefix_path.sh'
[10.262s] Level 1:colcon.colcon_core.environment:checking '/home/catherine-maglione/yolo_home/install/numsr_turtlebot/lib'
[10.262s] Level 1:colcon.colcon_core.environment:checking '/home/catherine-maglione/yolo_home/install/numsr_turtlebot/bin'
[10.263s] Level 1:colcon.colcon_core.environment:checking '/home/catherine-maglione/yolo_home/install/numsr_turtlebot/lib/pkgconfig/numsr_turtlebot.pc'
[10.263s] Level 1:colcon.colcon_core.environment:checking '/home/catherine-maglione/yolo_home/install/numsr_turtlebot/lib/python3.12/site-packages'
[10.263s] Level 1:colcon.colcon_core.environment:checking '/home/catherine-maglione/yolo_home/install/numsr_turtlebot/bin'
[10.263s] INFO:colcon.colcon_core.shell:Creating package script '/home/catherine-maglione/yolo_home/install/numsr_turtlebot/share/numsr_turtlebot/package.ps1'
[10.264s] INFO:colcon.colcon_core.shell:Creating package descriptor '/home/catherine-maglione/yolo_home/install/numsr_turtlebot/share/numsr_turtlebot/package.dsv'
[10.264s] INFO:colcon.colcon_core.shell:Creating package script '/home/catherine-maglione/yolo_home/install/numsr_turtlebot/share/numsr_turtlebot/package.sh'
[10.264s] INFO:colcon.colcon_core.shell:Creating package script '/home/catherine-maglione/yolo_home/install/numsr_turtlebot/share/numsr_turtlebot/package.bash'
[10.264s] INFO:colcon.colcon_core.shell:Creating package script '/home/catherine-maglione/yolo_home/install/numsr_turtlebot/share/numsr_turtlebot/package.zsh'
[10.264s] Level 1:colcon.colcon_core.environment:create_file_with_runtime_dependencies(/home/catherine-maglione/yolo_home/install/numsr_turtlebot/share/colcon-core/packages/numsr_turtlebot)
[10.309s] Level 1:colcon.colcon_core.environment:create_environment_scripts_only(numsr_turtlebot)
[10.309s] Level 1:colcon.colcon_core.environment:checking '/home/catherine-maglione/yolo_home/install/numsr_turtlebot' for CMake module files
[10.310s] Level 1:colcon.colcon_core.environment:checking '/home/catherine-maglione/yolo_home/install/numsr_turtlebot' for CMake config files
[10.310s] Level 1:colcon.colcon_core.shell:create_environment_hook('numsr_turtlebot', 'cmake_prefix_path')
[10.310s] INFO:colcon.colcon_core.shell:Creating environment hook '/home/catherine-maglione/yolo_home/install/numsr_turtlebot/share/numsr_turtlebot/hook/cmake_prefix_path.ps1'
[10.311s] INFO:colcon.colcon_core.shell:Creating environment descriptor '/home/catherine-maglione/yolo_home/install/numsr_turtlebot/share/numsr_turtlebot/hook/cmake_prefix_path.dsv'
[10.311s] INFO:colcon.colcon_core.shell:Creating environment hook '/home/catherine-maglione/yolo_home/install/numsr_turtlebot/share/numsr_turtlebot/hook/cmake_prefix_path.sh'
[10.312s] Level 1:colcon.colcon_core.environment:checking '/home/catherine-maglione/yolo_home/install/numsr_turtlebot/lib'
[10.312s] Level 1:colcon.colcon_core.environment:checking '/home/catherine-maglione/yolo_home/install/numsr_turtlebot/bin'
[10.312s] Level 1:colcon.colcon_core.environment:checking '/home/catherine-maglione/yolo_home/install/numsr_turtlebot/lib/pkgconfig/numsr_turtlebot.pc'
[10.312s] Level 1:colcon.colcon_core.environment:checking '/home/catherine-maglione/yolo_home/install/numsr_turtlebot/lib/python3.12/site-packages'
[10.313s] Level 1:colcon.colcon_core.environment:checking '/home/catherine-maglione/yolo_home/install/numsr_turtlebot/bin'
[10.313s] INFO:colcon.colcon_core.shell:Creating package script '/home/catherine-maglione/yolo_home/install/numsr_turtlebot/share/numsr_turtlebot/package.ps1'
[10.314s] INFO:colcon.colcon_core.shell:Creating package descriptor '/home/catherine-maglione/yolo_home/install/numsr_turtlebot/share/numsr_turtlebot/package.dsv'
[10.314s] INFO:colcon.colcon_core.shell:Creating package script '/home/catherine-maglione/yolo_home/install/numsr_turtlebot/share/numsr_turtlebot/package.sh'
[10.314s] INFO:colcon.colcon_core.shell:Creating package script '/home/catherine-maglione/yolo_home/install/numsr_turtlebot/share/numsr_turtlebot/package.bash'
[10.315s] INFO:colcon.colcon_core.shell:Creating package script '/home/catherine-maglione/yolo_home/install/numsr_turtlebot/share/numsr_turtlebot/package.zsh'
[10.315s] Level 1:colcon.colcon_core.environment:create_file_with_runtime_dependencies(/home/catherine-maglione/yolo_home/install/numsr_turtlebot/share/colcon-core/packages/numsr_turtlebot)
[10.315s] DEBUG:colcon.colcon_parallel_executor.executor.parallel:closing loop
[10.316s] DEBUG:colcon.colcon_parallel_executor.executor.parallel:loop closed
[10.317s] DEBUG:colcon.colcon_parallel_executor.executor.parallel:run_until_complete finished with '0'
[10.317s] DEBUG:colcon.colcon_core.event_reactor:joining thread
[10.323s] INFO:colcon.colcon_core.plugin_system:Skipping extension 'colcon_notification.desktop_notification.terminal_notifier': Not used on non-Darwin systems
[10.323s] INFO:colcon.colcon_core.plugin_system:Skipping extension 'colcon_notification.desktop_notification.win32': Not used on non-Windows systems
[10.323s] INFO:colcon.colcon_notification.desktop_notification:Sending desktop notification using 'notify2'
[10.341s] DEBUG:colcon.colcon_core.event_reactor:joined thread
[10.341s] INFO:colcon.colcon_core.shell:Creating prefix script '/home/catherine-maglione/yolo_home/install/local_setup.ps1'
[10.342s] INFO:colcon.colcon_core.shell:Creating prefix util module '/home/catherine-maglione/yolo_home/install/_local_setup_util_ps1.py'
[10.343s] INFO:colcon.colcon_core.shell:Creating prefix chain script '/home/catherine-maglione/yolo_home/install/setup.ps1'
[10.343s] INFO:colcon.colcon_core.shell:Creating prefix script '/home/catherine-maglione/yolo_home/install/local_setup.sh'
[10.343s] INFO:colcon.colcon_core.shell:Creating prefix util module '/home/catherine-maglione/yolo_home/install/_local_setup_util_sh.py'
[10.344s] INFO:colcon.colcon_core.shell:Creating prefix chain script '/home/catherine-maglione/yolo_home/install/setup.sh'
[10.344s] INFO:colcon.colcon_core.shell:Creating prefix script '/home/catherine-maglione/yolo_home/install/local_setup.bash'
[10.344s] INFO:colcon.colcon_core.shell:Creating prefix chain script '/home/catherine-maglione/yolo_home/install/setup.bash'
[10.345s] INFO:colcon.colcon_core.shell:Creating prefix script '/home/catherine-maglione/yolo_home/install/local_setup.zsh'
[10.345s] INFO:colcon.colcon_core.shell:Creating prefix chain script '/home/catherine-maglione/yolo_home/install/setup.zsh'
