[0.006s] Invoking command in '/home/catherine-maglione/yolo_home/build/nuturtlebot_msgs': CMAKE_PREFIX_PATH=${CMAKE_PREFIX_PATH}:/home/catherine-maglione/yolo_home/src/install/me495_yolo:/home/catherine-maglione/yolo_home/install/me495_yolo:/opt/ros/jazzy /usr/bin/cmake /home/catherine-maglione/yolo_home/src/nuturtlebot_msgs -DCMAKE_INSTALL_PREFIX=/home/catherine-maglione/yolo_home/install/nuturtlebot_msgs
[0.051s] -- The C compiler identification is GNU 13.2.0
[0.110s] -- The CXX compiler identification is GNU 13.2.0
[0.129s] -- Detecting C compiler ABI info
[0.244s] -- Detecting C compiler ABI info - done
[0.250s] -- Check for working C compiler: /usr/bin/cc - skipped
[0.250s] -- Detecting C compile features
[0.250s] -- Detecting C compile features - done
[0.262s] -- Detecting CXX compiler ABI info
[0.390s] -- Detecting CXX compiler ABI info - done
[0.400s] -- Check for working CXX compiler: /usr/bin/c++ - skipped
[0.400s] -- Detecting CXX compile features
[0.401s] -- Detecting CXX compile features - done
[0.405s] -- Found ament_cmake: 2.5.2 (/opt/ros/jazzy/share/ament_cmake/cmake)
[0.523s] -- Found Python3: /usr/bin/python3 (found version "3.12.3") found components: Interpreter 
[0.597s] -- Found builtin_interfaces: 2.0.2 (/opt/ros/jazzy/share/builtin_interfaces/cmake)
[0.625s] -- Found rosidl_generator_c: 4.6.3 (/opt/ros/jazzy/share/rosidl_generator_c/cmake)
[0.634s] -- Found rosidl_generator_cpp: 4.6.3 (/opt/ros/jazzy/share/rosidl_generator_cpp/cmake)
[0.644s] -- Using all available rosidl_typesupport_c: rosidl_typesupport_fastrtps_c;rosidl_typesupport_introspection_c
[0.655s] -- Using all available rosidl_typesupport_cpp: rosidl_typesupport_fastrtps_cpp;rosidl_typesupport_introspection_cpp
[0.665s] -- Found rosidl_default_generators: 1.6.0 (/opt/ros/jazzy/share/rosidl_default_generators/cmake)
[0.674s] -- Found rosidl_adapter: 4.6.3 (/opt/ros/jazzy/share/rosidl_adapter/cmake)
[1.084s] -- Found ament_cmake_ros: 0.12.0 (/opt/ros/jazzy/share/ament_cmake_ros/cmake)
[1.702s] -- Using all available rosidl_typesupport_c: rosidl_typesupport_fastrtps_c;rosidl_typesupport_introspection_c
[1.928s] -- Using all available rosidl_typesupport_cpp: rosidl_typesupport_fastrtps_cpp;rosidl_typesupport_introspection_cpp
[1.930s] -- Found python_cmake_module: 0.11.1 (/opt/ros/jazzy/share/python_cmake_module/cmake)
[2.045s] -- Found PythonExtra: /usr/bin/python3  
[2.337s] -- Found Python3: /usr/bin/python3 (found version "3.12.3") found components: Interpreter Development NumPy Development.Module Development.Embed 
[2.357s] -- Configuring done (2.3s)
[2.372s] -- Generating done (0.0s)
[2.373s] -- Build files have been written to: /home/catherine-maglione/yolo_home/build/nuturtlebot_msgs
[2.377s] Invoked command in '/home/catherine-maglione/yolo_home/build/nuturtlebot_msgs' returned '0': CMAKE_PREFIX_PATH=${CMAKE_PREFIX_PATH}:/home/catherine-maglione/yolo_home/src/install/me495_yolo:/home/catherine-maglione/yolo_home/install/me495_yolo:/opt/ros/jazzy /usr/bin/cmake /home/catherine-maglione/yolo_home/src/nuturtlebot_msgs -DCMAKE_INSTALL_PREFIX=/home/catherine-maglione/yolo_home/install/nuturtlebot_msgs
[2.377s] Invoking command in '/home/catherine-maglione/yolo_home/build/nuturtlebot_msgs': CMAKE_PREFIX_PATH=${CMAKE_PREFIX_PATH}:/home/catherine-maglione/yolo_home/src/install/me495_yolo:/home/catherine-maglione/yolo_home/install/me495_yolo:/opt/ros/jazzy /usr/bin/cmake --build /home/catherine-maglione/yolo_home/build/nuturtlebot_msgs -- -j32 -l32
[2.434s] [  2%] [34m[1mGenerating type hashes for ROS interfaces[0m
[2.439s] [  2%] Built target ament_cmake_python_copy_nuturtlebot_msgs
[2.580s] running egg_info
[2.580s] creating nuturtlebot_msgs.egg-info
[2.584s] [  2%] Built target nuturtlebot_msgs__rosidl_generator_type_description
[2.592s] [  4%] [34m[1mGenerating C code for ROS interfaces[0m
[2.593s] writing nuturtlebot_msgs.egg-info/PKG-INFO
[2.593s] writing dependency_links to nuturtlebot_msgs.egg-info/dependency_links.txt
[2.593s] writing top-level names to nuturtlebot_msgs.egg-info/top_level.txt
[2.593s] writing manifest file 'nuturtlebot_msgs.egg-info/SOURCES.txt'
[2.598s] [  6%] [34m[1mGenerating C++ code for ROS interfaces[0m
[2.629s] reading manifest file 'nuturtlebot_msgs.egg-info/SOURCES.txt'
[2.629s] writing manifest file 'nuturtlebot_msgs.egg-info/SOURCES.txt'
[2.646s] [  6%] Built target ament_cmake_python_build_nuturtlebot_msgs_egg
[2.770s] [  6%] Built target nuturtlebot_msgs__cpp
[2.784s] [  9%] [32mBuilding C object CMakeFiles/nuturtlebot_msgs__rosidl_generator_c.dir/rosidl_generator_c/nuturtlebot_msgs/msg/detail/sensor_data__type_support.c.o[0m
[2.784s] [ 11%] [32mBuilding C object CMakeFiles/nuturtlebot_msgs__rosidl_generator_c.dir/rosidl_generator_c/nuturtlebot_msgs/msg/detail/wheel_commands__functions.c.o[0m
[2.784s] [ 13%] [32mBuilding C object CMakeFiles/nuturtlebot_msgs__rosidl_generator_c.dir/rosidl_generator_c/nuturtlebot_msgs/msg/detail/sensor_data__description.c.o[0m
[2.785s] [ 15%] [32mBuilding C object CMakeFiles/nuturtlebot_msgs__rosidl_generator_c.dir/rosidl_generator_c/nuturtlebot_msgs/msg/detail/sensor_data__functions.c.o[0m
[2.785s] [ 20%] [32mBuilding C object CMakeFiles/nuturtlebot_msgs__rosidl_generator_c.dir/rosidl_generator_c/nuturtlebot_msgs/msg/detail/wheel_commands__type_support.c.o[0m
[2.785s] [ 20%] [32mBuilding C object CMakeFiles/nuturtlebot_msgs__rosidl_generator_c.dir/rosidl_generator_c/nuturtlebot_msgs/msg/detail/wheel_commands__description.c.o[0m
[2.813s] [ 22%] [32m[1mLinking C shared library libnuturtlebot_msgs__rosidl_generator_c.so[0m
[2.840s] [ 22%] Built target nuturtlebot_msgs__rosidl_generator_c
[2.852s] [ 25%] [34m[1mGenerating C type support for eProsima Fast-RTPS[0m
[2.853s] [ 27%] [34m[1mGenerating C++ type support dispatch for ROS interfaces[0m
[2.853s] [ 29%] [34m[1mGenerating C++ introspection for ROS interfaces[0m
[2.853s] [ 31%] [34m[1mGenerating C introspection for ROS interfaces[0m
[2.854s] [ 34%] [34m[1mGenerating C type support dispatch for ROS interfaces[0m
[2.854s] [ 36%] [34m[1mGenerating C++ type support for eProsima Fast-RTPS[0m
[3.023s] [ 38%] [32mBuilding CXX object CMakeFiles/nuturtlebot_msgs__rosidl_typesupport_cpp.dir/rosidl_typesupport_cpp/nuturtlebot_msgs/msg/wheel_commands__type_support.cpp.o[0m
[3.024s] [ 40%] [32mBuilding CXX object CMakeFiles/nuturtlebot_msgs__rosidl_typesupport_c.dir/rosidl_typesupport_c/nuturtlebot_msgs/msg/sensor_data__type_support.cpp.o[0m
[3.024s] [ 45%] [32mBuilding CXX object CMakeFiles/nuturtlebot_msgs__rosidl_typesupport_c.dir/rosidl_typesupport_c/nuturtlebot_msgs/msg/wheel_commands__type_support.cpp.o[0m
[3.024s] [ 45%] [32mBuilding CXX object CMakeFiles/nuturtlebot_msgs__rosidl_typesupport_cpp.dir/rosidl_typesupport_cpp/nuturtlebot_msgs/msg/sensor_data__type_support.cpp.o[0m
[3.033s] [ 50%] [32mBuilding CXX object CMakeFiles/nuturtlebot_msgs__rosidl_typesupport_introspection_cpp.dir/rosidl_typesupport_introspection_cpp/nuturtlebot_msgs/msg/detail/sensor_data__type_support.cpp.o[0m
[3.033s] [ 50%] [32mBuilding CXX object CMakeFiles/nuturtlebot_msgs__rosidl_typesupport_introspection_cpp.dir/rosidl_typesupport_introspection_cpp/nuturtlebot_msgs/msg/detail/wheel_commands__type_support.cpp.o[0m
[3.041s] [ 52%] [32mBuilding C object CMakeFiles/nuturtlebot_msgs__rosidl_typesupport_introspection_c.dir/rosidl_typesupport_introspection_c/nuturtlebot_msgs/msg/detail/wheel_commands__type_support.c.o[0m
[3.043s] [ 54%] [32mBuilding C object CMakeFiles/nuturtlebot_msgs__rosidl_typesupport_introspection_c.dir/rosidl_typesupport_introspection_c/nuturtlebot_msgs/msg/detail/sensor_data__type_support.c.o[0m
[3.054s] [ 56%] [32mBuilding CXX object CMakeFiles/nuturtlebot_msgs__rosidl_typesupport_fastrtps_c.dir/rosidl_typesupport_fastrtps_c/nuturtlebot_msgs/msg/detail/wheel_commands__type_support_c.cpp.o[0m
[3.055s] [ 59%] [32mBuilding CXX object CMakeFiles/nuturtlebot_msgs__rosidl_typesupport_fastrtps_cpp.dir/rosidl_typesupport_fastrtps_cpp/nuturtlebot_msgs/msg/detail/dds_fastrtps/wheel_commands__type_support.cpp.o[0m
[3.056s] [ 61%] [32mBuilding CXX object CMakeFiles/nuturtlebot_msgs__rosidl_typesupport_fastrtps_c.dir/rosidl_typesupport_fastrtps_c/nuturtlebot_msgs/msg/detail/sensor_data__type_support_c.cpp.o[0m
[3.056s] [ 63%] [32mBuilding CXX object CMakeFiles/nuturtlebot_msgs__rosidl_typesupport_fastrtps_cpp.dir/rosidl_typesupport_fastrtps_cpp/nuturtlebot_msgs/msg/detail/dds_fastrtps/sensor_data__type_support.cpp.o[0m
[3.057s] [ 65%] [32m[1mLinking CXX shared library libnuturtlebot_msgs__rosidl_typesupport_c.so[0m
[3.073s] [ 68%] [32m[1mLinking C shared library libnuturtlebot_msgs__rosidl_typesupport_introspection_c.so[0m
[3.085s] [ 68%] Built target nuturtlebot_msgs__rosidl_typesupport_c
[3.100s] [ 68%] Built target nuturtlebot_msgs__rosidl_typesupport_introspection_c
[3.210s] [ 70%] [32m[1mLinking CXX shared library libnuturtlebot_msgs__rosidl_typesupport_introspection_cpp.so[0m
[3.244s] [ 72%] [32m[1mLinking CXX shared library libnuturtlebot_msgs__rosidl_typesupport_cpp.so[0m
[3.252s] [ 72%] Built target nuturtlebot_msgs__rosidl_typesupport_introspection_cpp
[3.272s] [ 72%] Built target nuturtlebot_msgs__rosidl_typesupport_cpp
[3.340s] [ 75%] [32m[1mLinking CXX shared library libnuturtlebot_msgs__rosidl_typesupport_fastrtps_cpp.so[0m
[3.346s] [ 77%] [32m[1mLinking CXX shared library libnuturtlebot_msgs__rosidl_typesupport_fastrtps_c.so[0m
[3.369s] [ 77%] Built target nuturtlebot_msgs__rosidl_typesupport_fastrtps_cpp
[3.373s] [ 77%] Built target nuturtlebot_msgs__rosidl_typesupport_fastrtps_c
[3.402s] [ 77%] Built target nuturtlebot_msgs
[3.428s] [ 79%] [34m[1mGenerating Python code for ROS interfaces[0m
[3.679s] [ 79%] Built target nuturtlebot_msgs__py
[3.695s] [ 81%] [32mBuilding C object CMakeFiles/nuturtlebot_msgs__rosidl_generator_py.dir/rosidl_generator_py/nuturtlebot_msgs/msg/_sensor_data_s.c.o[0m
[3.695s] [ 84%] [32mBuilding C object CMakeFiles/nuturtlebot_msgs__rosidl_generator_py.dir/rosidl_generator_py/nuturtlebot_msgs/msg/_wheel_commands_s.c.o[0m
[3.765s] [ 86%] [32m[1mLinking C shared library libnuturtlebot_msgs__rosidl_generator_py.so[0m
[3.802s] [ 86%] Built target nuturtlebot_msgs__rosidl_generator_py
[3.827s] [ 90%] [32mBuilding C object CMakeFiles/nuturtlebot_msgs_s__rosidl_typesupport_introspection_c.dir/rosidl_generator_py/nuturtlebot_msgs/_nuturtlebot_msgs_s.ep.rosidl_typesupport_introspection_c.c.o[0m
[3.827s] [ 90%] [32mBuilding C object CMakeFiles/nuturtlebot_msgs_s__rosidl_typesupport_c.dir/rosidl_generator_py/nuturtlebot_msgs/_nuturtlebot_msgs_s.ep.rosidl_typesupport_c.c.o[0m
[3.827s] [ 93%] [32mBuilding C object CMakeFiles/nuturtlebot_msgs_s__rosidl_typesupport_fastrtps_c.dir/rosidl_generator_py/nuturtlebot_msgs/_nuturtlebot_msgs_s.ep.rosidl_typesupport_fastrtps_c.c.o[0m
[3.884s] [ 95%] [32m[1mLinking C shared module rosidl_generator_py/nuturtlebot_msgs/nuturtlebot_msgs_s__rosidl_typesupport_c.so[0m
[3.884s] [ 97%] [32m[1mLinking C shared module rosidl_generator_py/nuturtlebot_msgs/nuturtlebot_msgs_s__rosidl_typesupport_fastrtps_c.so[0m
[3.884s] [100%] [32m[1mLinking C shared module rosidl_generator_py/nuturtlebot_msgs/nuturtlebot_msgs_s__rosidl_typesupport_introspection_c.so[0m
[3.905s] [100%] Built target nuturtlebot_msgs_s__rosidl_typesupport_fastrtps_c
[3.905s] [100%] Built target nuturtlebot_msgs_s__rosidl_typesupport_c
[3.906s] [100%] Built target nuturtlebot_msgs_s__rosidl_typesupport_introspection_c
[3.914s] Invoked command in '/home/catherine-maglione/yolo_home/build/nuturtlebot_msgs' returned '0': CMAKE_PREFIX_PATH=${CMAKE_PREFIX_PATH}:/home/catherine-maglione/yolo_home/src/install/me495_yolo:/home/catherine-maglione/yolo_home/install/me495_yolo:/opt/ros/jazzy /usr/bin/cmake --build /home/catherine-maglione/yolo_home/build/nuturtlebot_msgs -- -j32 -l32
[4.071s] Invoking command in '/home/catherine-maglione/yolo_home/build/nuturtlebot_msgs': CMAKE_PREFIX_PATH=${CMAKE_PREFIX_PATH}:/home/catherine-maglione/yolo_home/src/install/me495_yolo:/home/catherine-maglione/yolo_home/install/me495_yolo:/opt/ros/jazzy /usr/bin/cmake --install /home/catherine-maglione/yolo_home/build/nuturtlebot_msgs
[4.084s] -- Install configuration: ""
[4.085s] -- Installing: /home/catherine-maglione/yolo_home/install/nuturtlebot_msgs/share/ament_index/resource_index/rosidl_interfaces/nuturtlebot_msgs
[4.085s] -- Installing: /home/catherine-maglione/yolo_home/install/nuturtlebot_msgs/share/nuturtlebot_msgs/msg/SensorData.json
[4.085s] -- Installing: /home/catherine-maglione/yolo_home/install/nuturtlebot_msgs/share/nuturtlebot_msgs/msg/WheelCommands.json
[4.086s] -- Installing: /home/catherine-maglione/yolo_home/install/nuturtlebot_msgs/include/nuturtlebot_msgs/nuturtlebot_msgs
[4.086s] -- Installing: /home/catherine-maglione/yolo_home/install/nuturtlebot_msgs/include/nuturtlebot_msgs/nuturtlebot_msgs/msg
[4.086s] -- Installing: /home/catherine-maglione/yolo_home/install/nuturtlebot_msgs/include/nuturtlebot_msgs/nuturtlebot_msgs/msg/rosidl_generator_c__visibility_control.h
[4.086s] -- Installing: /home/catherine-maglione/yolo_home/install/nuturtlebot_msgs/include/nuturtlebot_msgs/nuturtlebot_msgs/msg/detail
[4.086s] -- Installing: /home/catherine-maglione/yolo_home/install/nuturtlebot_msgs/include/nuturtlebot_msgs/nuturtlebot_msgs/msg/detail/sensor_data__type_support.c
[4.086s] -- Installing: /home/catherine-maglione/yolo_home/install/nuturtlebot_msgs/include/nuturtlebot_msgs/nuturtlebot_msgs/msg/detail/sensor_data__struct.h
[4.086s] -- Installing: /home/catherine-maglione/yolo_home/install/nuturtlebot_msgs/include/nuturtlebot_msgs/nuturtlebot_msgs/msg/detail/sensor_data__description.c
[4.087s] -- Installing: /home/catherine-maglione/yolo_home/install/nuturtlebot_msgs/include/nuturtlebot_msgs/nuturtlebot_msgs/msg/detail/wheel_commands__type_support.c
[4.087s] -- Installing: /home/catherine-maglione/yolo_home/install/nuturtlebot_msgs/include/nuturtlebot_msgs/nuturtlebot_msgs/msg/detail/sensor_data__functions.c
[4.087s] -- Installing: /home/catherine-maglione/yolo_home/install/nuturtlebot_msgs/include/nuturtlebot_msgs/nuturtlebot_msgs/msg/detail/wheel_commands__functions.h
[4.087s] -- Installing: /home/catherine-maglione/yolo_home/install/nuturtlebot_msgs/include/nuturtlebot_msgs/nuturtlebot_msgs/msg/detail/sensor_data__functions.h
[4.087s] -- Installing: /home/catherine-maglione/yolo_home/install/nuturtlebot_msgs/include/nuturtlebot_msgs/nuturtlebot_msgs/msg/detail/wheel_commands__description.c
[4.087s] -- Installing: /home/catherine-maglione/yolo_home/install/nuturtlebot_msgs/include/nuturtlebot_msgs/nuturtlebot_msgs/msg/detail/wheel_commands__struct.h
[4.088s] -- Installing: /home/catherine-maglione/yolo_home/install/nuturtlebot_msgs/include/nuturtlebot_msgs/nuturtlebot_msgs/msg/detail/sensor_data__type_support.h
[4.088s] -- Installing: /home/catherine-maglione/yolo_home/install/nuturtlebot_msgs/include/nuturtlebot_msgs/nuturtlebot_msgs/msg/detail/wheel_commands__type_support.h
[4.088s] -- Installing: /home/catherine-maglione/yolo_home/install/nuturtlebot_msgs/include/nuturtlebot_msgs/nuturtlebot_msgs/msg/detail/wheel_commands__functions.c
[4.088s] -- Installing: /home/catherine-maglione/yolo_home/install/nuturtlebot_msgs/include/nuturtlebot_msgs/nuturtlebot_msgs/msg/sensor_data.h
[4.088s] -- Installing: /home/catherine-maglione/yolo_home/install/nuturtlebot_msgs/include/nuturtlebot_msgs/nuturtlebot_msgs/msg/wheel_commands.h
[4.088s] -- Installing: /home/catherine-maglione/yolo_home/install/nuturtlebot_msgs/share/nuturtlebot_msgs/environment/library_path.sh
[4.088s] -- Installing: /home/catherine-maglione/yolo_home/install/nuturtlebot_msgs/share/nuturtlebot_msgs/environment/library_path.dsv
[4.088s] -- Installing: /home/catherine-maglione/yolo_home/install/nuturtlebot_msgs/lib/libnuturtlebot_msgs__rosidl_generator_c.so
[4.088s] -- Set non-toolchain portion of runtime path of "/home/catherine-maglione/yolo_home/install/nuturtlebot_msgs/lib/libnuturtlebot_msgs__rosidl_generator_c.so" to ""
[4.088s] -- Up-to-date: /home/catherine-maglione/yolo_home/install/nuturtlebot_msgs/include/nuturtlebot_msgs/nuturtlebot_msgs
[4.088s] -- Up-to-date: /home/catherine-maglione/yolo_home/install/nuturtlebot_msgs/include/nuturtlebot_msgs/nuturtlebot_msgs/msg
[4.088s] -- Up-to-date: /home/catherine-maglione/yolo_home/install/nuturtlebot_msgs/include/nuturtlebot_msgs/nuturtlebot_msgs/msg/detail
[4.089s] -- Installing: /home/catherine-maglione/yolo_home/install/nuturtlebot_msgs/include/nuturtlebot_msgs/nuturtlebot_msgs/msg/detail/wheel_commands__rosidl_typesupport_fastrtps_c.h
[4.089s] -- Installing: /home/catherine-maglione/yolo_home/install/nuturtlebot_msgs/include/nuturtlebot_msgs/nuturtlebot_msgs/msg/detail/sensor_data__rosidl_typesupport_fastrtps_c.h
[4.089s] -- Installing: /home/catherine-maglione/yolo_home/install/nuturtlebot_msgs/include/nuturtlebot_msgs/nuturtlebot_msgs/msg/rosidl_typesupport_fastrtps_c__visibility_control.h
[4.089s] -- Installing: /home/catherine-maglione/yolo_home/install/nuturtlebot_msgs/lib/libnuturtlebot_msgs__rosidl_typesupport_fastrtps_c.so
[4.090s] -- Set non-toolchain portion of runtime path of "/home/catherine-maglione/yolo_home/install/nuturtlebot_msgs/lib/libnuturtlebot_msgs__rosidl_typesupport_fastrtps_c.so" to ""
[4.090s] -- Up-to-date: /home/catherine-maglione/yolo_home/install/nuturtlebot_msgs/include/nuturtlebot_msgs/nuturtlebot_msgs
[4.090s] -- Up-to-date: /home/catherine-maglione/yolo_home/install/nuturtlebot_msgs/include/nuturtlebot_msgs/nuturtlebot_msgs/msg
[4.090s] -- Up-to-date: /home/catherine-maglione/yolo_home/install/nuturtlebot_msgs/include/nuturtlebot_msgs/nuturtlebot_msgs/msg/detail
[4.090s] -- Installing: /home/catherine-maglione/yolo_home/install/nuturtlebot_msgs/include/nuturtlebot_msgs/nuturtlebot_msgs/msg/detail/wheel_commands__type_support.hpp
[4.090s] -- Installing: /home/catherine-maglione/yolo_home/install/nuturtlebot_msgs/include/nuturtlebot_msgs/nuturtlebot_msgs/msg/detail/wheel_commands__builder.hpp
[4.090s] -- Installing: /home/catherine-maglione/yolo_home/install/nuturtlebot_msgs/include/nuturtlebot_msgs/nuturtlebot_msgs/msg/detail/sensor_data__traits.hpp
[4.090s] -- Installing: /home/catherine-maglione/yolo_home/install/nuturtlebot_msgs/include/nuturtlebot_msgs/nuturtlebot_msgs/msg/detail/sensor_data__type_support.hpp
[4.091s] -- Installing: /home/catherine-maglione/yolo_home/install/nuturtlebot_msgs/include/nuturtlebot_msgs/nuturtlebot_msgs/msg/detail/wheel_commands__struct.hpp
[4.091s] -- Installing: /home/catherine-maglione/yolo_home/install/nuturtlebot_msgs/include/nuturtlebot_msgs/nuturtlebot_msgs/msg/detail/wheel_commands__traits.hpp
[4.091s] -- Installing: /home/catherine-maglione/yolo_home/install/nuturtlebot_msgs/include/nuturtlebot_msgs/nuturtlebot_msgs/msg/detail/sensor_data__struct.hpp
[4.091s] -- Installing: /home/catherine-maglione/yolo_home/install/nuturtlebot_msgs/include/nuturtlebot_msgs/nuturtlebot_msgs/msg/detail/sensor_data__builder.hpp
[4.091s] -- Installing: /home/catherine-maglione/yolo_home/install/nuturtlebot_msgs/include/nuturtlebot_msgs/nuturtlebot_msgs/msg/rosidl_generator_cpp__visibility_control.hpp
[4.091s] -- Installing: /home/catherine-maglione/yolo_home/install/nuturtlebot_msgs/include/nuturtlebot_msgs/nuturtlebot_msgs/msg/wheel_commands.hpp
[4.091s] -- Installing: /home/catherine-maglione/yolo_home/install/nuturtlebot_msgs/include/nuturtlebot_msgs/nuturtlebot_msgs/msg/sensor_data.hpp
[4.091s] -- Up-to-date: /home/catherine-maglione/yolo_home/install/nuturtlebot_msgs/include/nuturtlebot_msgs/nuturtlebot_msgs
[4.092s] -- Up-to-date: /home/catherine-maglione/yolo_home/install/nuturtlebot_msgs/include/nuturtlebot_msgs/nuturtlebot_msgs/msg
[4.092s] -- Up-to-date: /home/catherine-maglione/yolo_home/install/nuturtlebot_msgs/include/nuturtlebot_msgs/nuturtlebot_msgs/msg/detail
[4.092s] -- Installing: /home/catherine-maglione/yolo_home/install/nuturtlebot_msgs/include/nuturtlebot_msgs/nuturtlebot_msgs/msg/detail/dds_fastrtps
[4.092s] -- Installing: /home/catherine-maglione/yolo_home/install/nuturtlebot_msgs/include/nuturtlebot_msgs/nuturtlebot_msgs/msg/detail/wheel_commands__rosidl_typesupport_fastrtps_cpp.hpp
[4.092s] -- Installing: /home/catherine-maglione/yolo_home/install/nuturtlebot_msgs/include/nuturtlebot_msgs/nuturtlebot_msgs/msg/detail/sensor_data__rosidl_typesupport_fastrtps_cpp.hpp
[4.092s] -- Installing: /home/catherine-maglione/yolo_home/install/nuturtlebot_msgs/include/nuturtlebot_msgs/nuturtlebot_msgs/msg/rosidl_typesupport_fastrtps_cpp__visibility_control.h
[4.092s] -- Installing: /home/catherine-maglione/yolo_home/install/nuturtlebot_msgs/lib/libnuturtlebot_msgs__rosidl_typesupport_fastrtps_cpp.so
[4.092s] -- Set non-toolchain portion of runtime path of "/home/catherine-maglione/yolo_home/install/nuturtlebot_msgs/lib/libnuturtlebot_msgs__rosidl_typesupport_fastrtps_cpp.so" to ""
[4.092s] -- Up-to-date: /home/catherine-maglione/yolo_home/install/nuturtlebot_msgs/include/nuturtlebot_msgs/nuturtlebot_msgs
[4.092s] -- Up-to-date: /home/catherine-maglione/yolo_home/install/nuturtlebot_msgs/include/nuturtlebot_msgs/nuturtlebot_msgs/msg
[4.093s] -- Up-to-date: /home/catherine-maglione/yolo_home/install/nuturtlebot_msgs/include/nuturtlebot_msgs/nuturtlebot_msgs/msg/detail
[4.093s] -- Up-to-date: /home/catherine-maglione/yolo_home/install/nuturtlebot_msgs/include/nuturtlebot_msgs/nuturtlebot_msgs/msg/detail/sensor_data__type_support.c
[4.093s] -- Up-to-date: /home/catherine-maglione/yolo_home/install/nuturtlebot_msgs/include/nuturtlebot_msgs/nuturtlebot_msgs/msg/detail/wheel_commands__type_support.c
[4.093s] -- Installing: /home/catherine-maglione/yolo_home/install/nuturtlebot_msgs/include/nuturtlebot_msgs/nuturtlebot_msgs/msg/detail/sensor_data__rosidl_typesupport_introspection_c.h
[4.093s] -- Installing: /home/catherine-maglione/yolo_home/install/nuturtlebot_msgs/include/nuturtlebot_msgs/nuturtlebot_msgs/msg/detail/wheel_commands__rosidl_typesupport_introspection_c.h
[4.093s] -- Installing: /home/catherine-maglione/yolo_home/install/nuturtlebot_msgs/include/nuturtlebot_msgs/nuturtlebot_msgs/msg/rosidl_typesupport_introspection_c__visibility_control.h
[4.093s] -- Installing: /home/catherine-maglione/yolo_home/install/nuturtlebot_msgs/lib/libnuturtlebot_msgs__rosidl_typesupport_introspection_c.so
[4.093s] -- Set non-toolchain portion of runtime path of "/home/catherine-maglione/yolo_home/install/nuturtlebot_msgs/lib/libnuturtlebot_msgs__rosidl_typesupport_introspection_c.so" to ""
[4.093s] -- Installing: /home/catherine-maglione/yolo_home/install/nuturtlebot_msgs/lib/libnuturtlebot_msgs__rosidl_typesupport_c.so
[4.093s] -- Set non-toolchain portion of runtime path of "/home/catherine-maglione/yolo_home/install/nuturtlebot_msgs/lib/libnuturtlebot_msgs__rosidl_typesupport_c.so" to ""
[4.093s] -- Up-to-date: /home/catherine-maglione/yolo_home/install/nuturtlebot_msgs/include/nuturtlebot_msgs/nuturtlebot_msgs
[4.094s] -- Up-to-date: /home/catherine-maglione/yolo_home/install/nuturtlebot_msgs/include/nuturtlebot_msgs/nuturtlebot_msgs/msg
[4.094s] -- Up-to-date: /home/catherine-maglione/yolo_home/install/nuturtlebot_msgs/include/nuturtlebot_msgs/nuturtlebot_msgs/msg/detail
[4.094s] -- Installing: /home/catherine-maglione/yolo_home/install/nuturtlebot_msgs/include/nuturtlebot_msgs/nuturtlebot_msgs/msg/detail/wheel_commands__type_support.cpp
[4.094s] -- Installing: /home/catherine-maglione/yolo_home/install/nuturtlebot_msgs/include/nuturtlebot_msgs/nuturtlebot_msgs/msg/detail/sensor_data__rosidl_typesupport_introspection_cpp.hpp
[4.094s] -- Installing: /home/catherine-maglione/yolo_home/install/nuturtlebot_msgs/include/nuturtlebot_msgs/nuturtlebot_msgs/msg/detail/wheel_commands__rosidl_typesupport_introspection_cpp.hpp
[4.094s] -- Installing: /home/catherine-maglione/yolo_home/install/nuturtlebot_msgs/include/nuturtlebot_msgs/nuturtlebot_msgs/msg/detail/sensor_data__type_support.cpp
[4.094s] -- Installing: /home/catherine-maglione/yolo_home/install/nuturtlebot_msgs/lib/libnuturtlebot_msgs__rosidl_typesupport_introspection_cpp.so
[4.094s] -- Set non-toolchain portion of runtime path of "/home/catherine-maglione/yolo_home/install/nuturtlebot_msgs/lib/libnuturtlebot_msgs__rosidl_typesupport_introspection_cpp.so" to ""
[4.094s] -- Installing: /home/catherine-maglione/yolo_home/install/nuturtlebot_msgs/lib/libnuturtlebot_msgs__rosidl_typesupport_cpp.so
[4.094s] -- Set non-toolchain portion of runtime path of "/home/catherine-maglione/yolo_home/install/nuturtlebot_msgs/lib/libnuturtlebot_msgs__rosidl_typesupport_cpp.so" to ""
[4.094s] -- Installing: /home/catherine-maglione/yolo_home/install/nuturtlebot_msgs/share/nuturtlebot_msgs/environment/pythonpath.sh
[4.094s] -- Installing: /home/catherine-maglione/yolo_home/install/nuturtlebot_msgs/share/nuturtlebot_msgs/environment/pythonpath.dsv
[4.094s] -- Installing: /home/catherine-maglione/yolo_home/install/nuturtlebot_msgs/lib/python3.12/site-packages/nuturtlebot_msgs-0.0.2-py3.12.egg-info
[4.095s] -- Installing: /home/catherine-maglione/yolo_home/install/nuturtlebot_msgs/lib/python3.12/site-packages/nuturtlebot_msgs-0.0.2-py3.12.egg-info/SOURCES.txt
[4.095s] -- Installing: /home/catherine-maglione/yolo_home/install/nuturtlebot_msgs/lib/python3.12/site-packages/nuturtlebot_msgs-0.0.2-py3.12.egg-info/dependency_links.txt
[4.095s] -- Installing: /home/catherine-maglione/yolo_home/install/nuturtlebot_msgs/lib/python3.12/site-packages/nuturtlebot_msgs-0.0.2-py3.12.egg-info/PKG-INFO
[4.095s] -- Installing: /home/catherine-maglione/yolo_home/install/nuturtlebot_msgs/lib/python3.12/site-packages/nuturtlebot_msgs-0.0.2-py3.12.egg-info/top_level.txt
[4.095s] -- Installing: /home/catherine-maglione/yolo_home/install/nuturtlebot_msgs/lib/python3.12/site-packages/nuturtlebot_msgs
[4.095s] -- Installing: /home/catherine-maglione/yolo_home/install/nuturtlebot_msgs/lib/python3.12/site-packages/nuturtlebot_msgs/_nuturtlebot_msgs_s.ep.rosidl_typesupport_c.c
[4.095s] -- Installing: /home/catherine-maglione/yolo_home/install/nuturtlebot_msgs/lib/python3.12/site-packages/nuturtlebot_msgs/msg
[4.095s] -- Installing: /home/catherine-maglione/yolo_home/install/nuturtlebot_msgs/lib/python3.12/site-packages/nuturtlebot_msgs/msg/_sensor_data.py
[4.095s] -- Installing: /home/catherine-maglione/yolo_home/install/nuturtlebot_msgs/lib/python3.12/site-packages/nuturtlebot_msgs/msg/_wheel_commands_s.c
[4.095s] -- Installing: /home/catherine-maglione/yolo_home/install/nuturtlebot_msgs/lib/python3.12/site-packages/nuturtlebot_msgs/msg/_wheel_commands.py
[4.095s] -- Installing: /home/catherine-maglione/yolo_home/install/nuturtlebot_msgs/lib/python3.12/site-packages/nuturtlebot_msgs/msg/_sensor_data_s.c
[4.095s] -- Installing: /home/catherine-maglione/yolo_home/install/nuturtlebot_msgs/lib/python3.12/site-packages/nuturtlebot_msgs/msg/__init__.py
[4.095s] -- Installing: /home/catherine-maglione/yolo_home/install/nuturtlebot_msgs/lib/python3.12/site-packages/nuturtlebot_msgs/nuturtlebot_msgs_s__rosidl_typesupport_c.so
[4.095s] -- Installing: /home/catherine-maglione/yolo_home/install/nuturtlebot_msgs/lib/python3.12/site-packages/nuturtlebot_msgs/nuturtlebot_msgs_s__rosidl_typesupport_introspection_c.so
[4.096s] -- Installing: /home/catherine-maglione/yolo_home/install/nuturtlebot_msgs/lib/python3.12/site-packages/nuturtlebot_msgs/nuturtlebot_msgs_s__rosidl_typesupport_fastrtps_c.so
[4.096s] -- Installing: /home/catherine-maglione/yolo_home/install/nuturtlebot_msgs/lib/python3.12/site-packages/nuturtlebot_msgs/_nuturtlebot_msgs_s.ep.rosidl_typesupport_introspection_c.c
[4.096s] -- Installing: /home/catherine-maglione/yolo_home/install/nuturtlebot_msgs/lib/python3.12/site-packages/nuturtlebot_msgs/__init__.py
[4.096s] -- Installing: /home/catherine-maglione/yolo_home/install/nuturtlebot_msgs/lib/python3.12/site-packages/nuturtlebot_msgs/_nuturtlebot_msgs_s.ep.rosidl_typesupport_fastrtps_c.c
[4.128s] Listing '/home/catherine-maglione/yolo_home/install/nuturtlebot_msgs/lib/python3.12/site-packages/nuturtlebot_msgs'...
[4.128s] Compiling '/home/catherine-maglione/yolo_home/install/nuturtlebot_msgs/lib/python3.12/site-packages/nuturtlebot_msgs/__init__.py'...
[4.128s] Listing '/home/catherine-maglione/yolo_home/install/nuturtlebot_msgs/lib/python3.12/site-packages/nuturtlebot_msgs/msg'...
[4.128s] Compiling '/home/catherine-maglione/yolo_home/install/nuturtlebot_msgs/lib/python3.12/site-packages/nuturtlebot_msgs/msg/__init__.py'...
[4.128s] Compiling '/home/catherine-maglione/yolo_home/install/nuturtlebot_msgs/lib/python3.12/site-packages/nuturtlebot_msgs/msg/_sensor_data.py'...
[4.128s] Compiling '/home/catherine-maglione/yolo_home/install/nuturtlebot_msgs/lib/python3.12/site-packages/nuturtlebot_msgs/msg/_wheel_commands.py'...
[4.131s] -- Installing: /home/catherine-maglione/yolo_home/install/nuturtlebot_msgs/lib/python3.12/site-packages/nuturtlebot_msgs/nuturtlebot_msgs_s__rosidl_typesupport_fastrtps_c.so
[4.131s] -- Set non-toolchain portion of runtime path of "/home/catherine-maglione/yolo_home/install/nuturtlebot_msgs/lib/python3.12/site-packages/nuturtlebot_msgs/nuturtlebot_msgs_s__rosidl_typesupport_fastrtps_c.so" to ""
[4.131s] -- Installing: /home/catherine-maglione/yolo_home/install/nuturtlebot_msgs/lib/python3.12/site-packages/nuturtlebot_msgs/nuturtlebot_msgs_s__rosidl_typesupport_introspection_c.so
[4.131s] -- Set non-toolchain portion of runtime path of "/home/catherine-maglione/yolo_home/install/nuturtlebot_msgs/lib/python3.12/site-packages/nuturtlebot_msgs/nuturtlebot_msgs_s__rosidl_typesupport_introspection_c.so" to ""
[4.131s] -- Installing: /home/catherine-maglione/yolo_home/install/nuturtlebot_msgs/lib/python3.12/site-packages/nuturtlebot_msgs/nuturtlebot_msgs_s__rosidl_typesupport_c.so
[4.131s] -- Set non-toolchain portion of runtime path of "/home/catherine-maglione/yolo_home/install/nuturtlebot_msgs/lib/python3.12/site-packages/nuturtlebot_msgs/nuturtlebot_msgs_s__rosidl_typesupport_c.so" to ""
[4.131s] -- Installing: /home/catherine-maglione/yolo_home/install/nuturtlebot_msgs/lib/libnuturtlebot_msgs__rosidl_generator_py.so
[4.131s] -- Set non-toolchain portion of runtime path of "/home/catherine-maglione/yolo_home/install/nuturtlebot_msgs/lib/libnuturtlebot_msgs__rosidl_generator_py.so" to ""
[4.131s] -- Installing: /home/catherine-maglione/yolo_home/install/nuturtlebot_msgs/share/nuturtlebot_msgs/msg/SensorData.idl
[4.132s] -- Installing: /home/catherine-maglione/yolo_home/install/nuturtlebot_msgs/share/nuturtlebot_msgs/msg/WheelCommands.idl
[4.132s] -- Installing: /home/catherine-maglione/yolo_home/install/nuturtlebot_msgs/share/nuturtlebot_msgs/msg/SensorData.msg
[4.132s] -- Installing: /home/catherine-maglione/yolo_home/install/nuturtlebot_msgs/share/nuturtlebot_msgs/msg/WheelCommands.msg
[4.132s] -- Installing: /home/catherine-maglione/yolo_home/install/nuturtlebot_msgs/share/ament_index/resource_index/package_run_dependencies/nuturtlebot_msgs
[4.132s] -- Installing: /home/catherine-maglione/yolo_home/install/nuturtlebot_msgs/share/ament_index/resource_index/parent_prefix_path/nuturtlebot_msgs
[4.132s] -- Installing: /home/catherine-maglione/yolo_home/install/nuturtlebot_msgs/share/nuturtlebot_msgs/environment/ament_prefix_path.sh
[4.132s] -- Installing: /home/catherine-maglione/yolo_home/install/nuturtlebot_msgs/share/nuturtlebot_msgs/environment/ament_prefix_path.dsv
[4.132s] -- Installing: /home/catherine-maglione/yolo_home/install/nuturtlebot_msgs/share/nuturtlebot_msgs/environment/path.sh
[4.132s] -- Installing: /home/catherine-maglione/yolo_home/install/nuturtlebot_msgs/share/nuturtlebot_msgs/environment/path.dsv
[4.132s] -- Installing: /home/catherine-maglione/yolo_home/install/nuturtlebot_msgs/share/nuturtlebot_msgs/local_setup.bash
[4.132s] -- Installing: /home/catherine-maglione/yolo_home/install/nuturtlebot_msgs/share/nuturtlebot_msgs/local_setup.sh
[4.132s] -- Installing: /home/catherine-maglione/yolo_home/install/nuturtlebot_msgs/share/nuturtlebot_msgs/local_setup.zsh
[4.132s] -- Installing: /home/catherine-maglione/yolo_home/install/nuturtlebot_msgs/share/nuturtlebot_msgs/local_setup.dsv
[4.132s] -- Installing: /home/catherine-maglione/yolo_home/install/nuturtlebot_msgs/share/nuturtlebot_msgs/package.dsv
[4.132s] -- Installing: /home/catherine-maglione/yolo_home/install/nuturtlebot_msgs/share/ament_index/resource_index/packages/nuturtlebot_msgs
[4.132s] -- Installing: /home/catherine-maglione/yolo_home/install/nuturtlebot_msgs/share/nuturtlebot_msgs/cmake/export_nuturtlebot_msgs__rosidl_generator_cExport.cmake
[4.132s] -- Installing: /home/catherine-maglione/yolo_home/install/nuturtlebot_msgs/share/nuturtlebot_msgs/cmake/export_nuturtlebot_msgs__rosidl_generator_cExport-noconfig.cmake
[4.132s] -- Installing: /home/catherine-maglione/yolo_home/install/nuturtlebot_msgs/share/nuturtlebot_msgs/cmake/export_nuturtlebot_msgs__rosidl_typesupport_fastrtps_cExport.cmake
[4.132s] -- Installing: /home/catherine-maglione/yolo_home/install/nuturtlebot_msgs/share/nuturtlebot_msgs/cmake/export_nuturtlebot_msgs__rosidl_typesupport_fastrtps_cExport-noconfig.cmake
[4.132s] -- Installing: /home/catherine-maglione/yolo_home/install/nuturtlebot_msgs/share/nuturtlebot_msgs/cmake/export_nuturtlebot_msgs__rosidl_generator_cppExport.cmake
[4.132s] -- Installing: /home/catherine-maglione/yolo_home/install/nuturtlebot_msgs/share/nuturtlebot_msgs/cmake/export_nuturtlebot_msgs__rosidl_typesupport_fastrtps_cppExport.cmake
[4.132s] -- Installing: /home/catherine-maglione/yolo_home/install/nuturtlebot_msgs/share/nuturtlebot_msgs/cmake/export_nuturtlebot_msgs__rosidl_typesupport_fastrtps_cppExport-noconfig.cmake
[4.132s] -- Installing: /home/catherine-maglione/yolo_home/install/nuturtlebot_msgs/share/nuturtlebot_msgs/cmake/nuturtlebot_msgs__rosidl_typesupport_introspection_cExport.cmake
[4.132s] -- Installing: /home/catherine-maglione/yolo_home/install/nuturtlebot_msgs/share/nuturtlebot_msgs/cmake/nuturtlebot_msgs__rosidl_typesupport_introspection_cExport-noconfig.cmake
[4.132s] -- Installing: /home/catherine-maglione/yolo_home/install/nuturtlebot_msgs/share/nuturtlebot_msgs/cmake/nuturtlebot_msgs__rosidl_typesupport_cExport.cmake
[4.132s] -- Installing: /home/catherine-maglione/yolo_home/install/nuturtlebot_msgs/share/nuturtlebot_msgs/cmake/nuturtlebot_msgs__rosidl_typesupport_cExport-noconfig.cmake
[4.132s] -- Installing: /home/catherine-maglione/yolo_home/install/nuturtlebot_msgs/share/nuturtlebot_msgs/cmake/nuturtlebot_msgs__rosidl_typesupport_introspection_cppExport.cmake
[4.132s] -- Installing: /home/catherine-maglione/yolo_home/install/nuturtlebot_msgs/share/nuturtlebot_msgs/cmake/nuturtlebot_msgs__rosidl_typesupport_introspection_cppExport-noconfig.cmake
[4.132s] -- Installing: /home/catherine-maglione/yolo_home/install/nuturtlebot_msgs/share/nuturtlebot_msgs/cmake/nuturtlebot_msgs__rosidl_typesupport_cppExport.cmake
[4.132s] -- Installing: /home/catherine-maglione/yolo_home/install/nuturtlebot_msgs/share/nuturtlebot_msgs/cmake/nuturtlebot_msgs__rosidl_typesupport_cppExport-noconfig.cmake
[4.132s] -- Installing: /home/catherine-maglione/yolo_home/install/nuturtlebot_msgs/share/nuturtlebot_msgs/cmake/export_nuturtlebot_msgs__rosidl_generator_pyExport.cmake
[4.132s] -- Installing: /home/catherine-maglione/yolo_home/install/nuturtlebot_msgs/share/nuturtlebot_msgs/cmake/export_nuturtlebot_msgs__rosidl_generator_pyExport-noconfig.cmake
[4.132s] -- Installing: /home/catherine-maglione/yolo_home/install/nuturtlebot_msgs/share/nuturtlebot_msgs/cmake/rosidl_cmake-extras.cmake
[4.132s] -- Installing: /home/catherine-maglione/yolo_home/install/nuturtlebot_msgs/share/nuturtlebot_msgs/cmake/ament_cmake_export_dependencies-extras.cmake
[4.132s] -- Installing: /home/catherine-maglione/yolo_home/install/nuturtlebot_msgs/share/nuturtlebot_msgs/cmake/ament_cmake_export_include_directories-extras.cmake
[4.133s] -- Installing: /home/catherine-maglione/yolo_home/install/nuturtlebot_msgs/share/nuturtlebot_msgs/cmake/ament_cmake_export_libraries-extras.cmake
[4.133s] -- Installing: /home/catherine-maglione/yolo_home/install/nuturtlebot_msgs/share/nuturtlebot_msgs/cmake/ament_cmake_export_targets-extras.cmake
[4.133s] -- Installing: /home/catherine-maglione/yolo_home/install/nuturtlebot_msgs/share/nuturtlebot_msgs/cmake/rosidl_cmake_export_typesupport_targets-extras.cmake
[4.133s] -- Installing: /home/catherine-maglione/yolo_home/install/nuturtlebot_msgs/share/nuturtlebot_msgs/cmake/rosidl_cmake_export_typesupport_libraries-extras.cmake
[4.133s] -- Installing: /home/catherine-maglione/yolo_home/install/nuturtlebot_msgs/share/nuturtlebot_msgs/cmake/nuturtlebot_msgsConfig.cmake
[4.133s] -- Installing: /home/catherine-maglione/yolo_home/install/nuturtlebot_msgs/share/nuturtlebot_msgs/cmake/nuturtlebot_msgsConfig-version.cmake
[4.133s] -- Installing: /home/catherine-maglione/yolo_home/install/nuturtlebot_msgs/share/nuturtlebot_msgs/package.xml
[4.134s] Invoked command in '/home/catherine-maglione/yolo_home/build/nuturtlebot_msgs' returned '0': CMAKE_PREFIX_PATH=${CMAKE_PREFIX_PATH}:/home/catherine-maglione/yolo_home/src/install/me495_yolo:/home/catherine-maglione/yolo_home/install/me495_yolo:/opt/ros/jazzy /usr/bin/cmake --install /home/catherine-maglione/yolo_home/build/nuturtlebot_msgs
