[0.152s] DEBUG:colcon:Command line arguments: ['/usr/bin/colcon', 'build']
[0.152s] DEBUG:colcon:Parsed command line arguments: Namespace(log_base=None, log_level=None, verb_name='build', build_base='build', install_base='install', merge_install=False, symlink_install=False, test_result_base=None, continue_on_error=False, executor='parallel', parallel_workers=32, event_handlers=None, ignore_user_meta=False, metas=['./colcon.meta'], base_paths=['.'], packages_ignore=None, packages_ignore_regex=None, paths=None, packages_up_to=None, packages_up_to_regex=None, packages_above=None, packages_above_and_dependencies=None, packages_above_depth=None, packages_select_by_dep=None, packages_skip_by_dep=None, packages_skip_up_to=None, packages_select_build_failed=False, packages_skip_build_finished=False, packages_select_test_failures=False, packages_skip_test_passed=False, packages_select=None, packages_skip=None, packages_select_regex=None, packages_skip_regex=None, packages_start=None, packages_end=None, allow_overriding=[], cmake_args=None, cmake_target=None, cmake_target_skip_unavailable=False, cmake_clean_cache=False, cmake_clean_first=False, cmake_force_configure=False, ament_cmake_args=None, catkin_cmake_args=None, catkin_skip_building_tests=False, mixin_files=None, mixin=None, verb_parser=<colcon_mixin.mixin.mixin_argument.MixinArgumentDecorator object at 0x7da987e24dd0>, verb_extension=<colcon_core.verb.build.BuildVerb object at 0x7da987e24b30>, main=<bound method BuildVerb.main of <colcon_core.verb.build.BuildVerb object at 0x7da987e24b30>>, mixin_verb=('build',))
[0.189s] Level 1:colcon.colcon_core.package_discovery:discover_packages(colcon_meta) check parameters
[0.189s] Level 1:colcon.colcon_core.package_discovery:discover_packages(recursive) check parameters
[0.189s] Level 1:colcon.colcon_core.package_discovery:discover_packages(ignore) check parameters
[0.189s] Level 1:colcon.colcon_core.package_discovery:discover_packages(path) check parameters
[0.189s] Level 1:colcon.colcon_core.package_discovery:discover_packages(colcon_meta) discover
[0.189s] Level 1:colcon.colcon_core.package_discovery:discover_packages(recursive) discover
[0.189s] INFO:colcon.colcon_core.package_discovery:Crawling recursively for packages in '/home/catherine-maglione/yolo_home'
[0.189s] Level 1:colcon.colcon_core.package_identification:_identify(.) by extensions ['ignore', 'ignore_ament_install']
[0.189s] Level 1:colcon.colcon_core.package_identification:_identify(.) by extension 'ignore'
[0.189s] Level 1:colcon.colcon_core.package_identification:_identify(.) by extension 'ignore_ament_install'
[0.189s] Level 1:colcon.colcon_core.package_identification:_identify(.) by extensions ['colcon_pkg']
[0.190s] Level 1:colcon.colcon_core.package_identification:_identify(.) by extension 'colcon_pkg'
[0.190s] Level 1:colcon.colcon_core.package_identification:_identify(.) by extensions ['colcon_meta']
[0.190s] Level 1:colcon.colcon_core.package_identification:_identify(.) by extension 'colcon_meta'
[0.190s] Level 1:colcon.colcon_core.package_identification:_identify(.) by extensions ['ros']
[0.190s] Level 1:colcon.colcon_core.package_identification:_identify(.) by extension 'ros'
[0.213s] Level 1:colcon.colcon_core.package_identification:_identify(.) by extensions ['cmake', 'python']
[0.213s] Level 1:colcon.colcon_core.package_identification:_identify(.) by extension 'cmake'
[0.213s] Level 1:colcon.colcon_core.package_identification:_identify(.) by extension 'python'
[0.213s] Level 1:colcon.colcon_core.package_identification:_identify(.) by extensions ['python_setup_py']
[0.213s] Level 1:colcon.colcon_core.package_identification:_identify(.) by extension 'python_setup_py'
[0.213s] Level 1:colcon.colcon_core.package_identification:_identify(aarch64_build) by extensions ['ignore', 'ignore_ament_install']
[0.214s] Level 1:colcon.colcon_core.package_identification:_identify(aarch64_build) by extension 'ignore'
[0.214s] Level 1:colcon.colcon_core.package_identification:_identify(aarch64_build) ignored
[0.214s] Level 1:colcon.colcon_core.package_identification:_identify(aarch64_install) by extensions ['ignore', 'ignore_ament_install']
[0.214s] Level 1:colcon.colcon_core.package_identification:_identify(aarch64_install) by extension 'ignore'
[0.214s] Level 1:colcon.colcon_core.package_identification:_identify(aarch64_install) ignored
[0.214s] Level 1:colcon.colcon_core.package_identification:_identify(build) by extensions ['ignore', 'ignore_ament_install']
[0.214s] Level 1:colcon.colcon_core.package_identification:_identify(build) by extension 'ignore'
[0.214s] Level 1:colcon.colcon_core.package_identification:_identify(build) ignored
[0.215s] Level 1:colcon.colcon_core.package_identification:_identify(build_me495_yolo) by extensions ['ignore', 'ignore_ament_install']
[0.215s] Level 1:colcon.colcon_core.package_identification:_identify(build_me495_yolo) by extension 'ignore'
[0.215s] Level 1:colcon.colcon_core.package_identification:_identify(build_me495_yolo) ignored
[0.215s] Level 1:colcon.colcon_core.package_identification:_identify(install) by extensions ['ignore', 'ignore_ament_install']
[0.215s] Level 1:colcon.colcon_core.package_identification:_identify(install) by extension 'ignore'
[0.215s] Level 1:colcon.colcon_core.package_identification:_identify(install) ignored
[0.215s] Level 1:colcon.colcon_core.package_identification:_identify(install_me495_yolo) by extensions ['ignore', 'ignore_ament_install']
[0.215s] Level 1:colcon.colcon_core.package_identification:_identify(install_me495_yolo) by extension 'ignore'
[0.215s] Level 1:colcon.colcon_core.package_identification:_identify(install_me495_yolo) ignored
[0.215s] Level 1:colcon.colcon_core.package_identification:_identify(log) by extensions ['ignore', 'ignore_ament_install']
[0.215s] Level 1:colcon.colcon_core.package_identification:_identify(log) by extension 'ignore'
[0.216s] Level 1:colcon.colcon_core.package_identification:_identify(log) ignored
[0.216s] Level 1:colcon.colcon_core.package_identification:_identify(src) by extensions ['ignore', 'ignore_ament_install']
[0.216s] Level 1:colcon.colcon_core.package_identification:_identify(src) by extension 'ignore'
[0.216s] Level 1:colcon.colcon_core.package_identification:_identify(src) by extension 'ignore_ament_install'
[0.216s] Level 1:colcon.colcon_core.package_identification:_identify(src) by extensions ['colcon_pkg']
[0.216s] Level 1:colcon.colcon_core.package_identification:_identify(src) by extension 'colcon_pkg'
[0.216s] Level 1:colcon.colcon_core.package_identification:_identify(src) by extensions ['colcon_meta']
[0.216s] Level 1:colcon.colcon_core.package_identification:_identify(src) by extension 'colcon_meta'
[0.216s] Level 1:colcon.colcon_core.package_identification:_identify(src) by extensions ['ros']
[0.216s] Level 1:colcon.colcon_core.package_identification:_identify(src) by extension 'ros'
[0.216s] Level 1:colcon.colcon_core.package_identification:_identify(src) by extensions ['cmake', 'python']
[0.216s] Level 1:colcon.colcon_core.package_identification:_identify(src) by extension 'cmake'
[0.216s] Level 1:colcon.colcon_core.package_identification:_identify(src) by extension 'python'
[0.216s] Level 1:colcon.colcon_core.package_identification:_identify(src) by extensions ['python_setup_py']
[0.216s] Level 1:colcon.colcon_core.package_identification:_identify(src) by extension 'python_setup_py'
[0.217s] Level 1:colcon.colcon_core.package_identification:_identify(src/me495_yolo) by extensions ['ignore', 'ignore_ament_install']
[0.217s] Level 1:colcon.colcon_core.package_identification:_identify(src/me495_yolo) by extension 'ignore'
[0.217s] Level 1:colcon.colcon_core.package_identification:_identify(src/me495_yolo) by extension 'ignore_ament_install'
[0.217s] Level 1:colcon.colcon_core.package_identification:_identify(src/me495_yolo) by extensions ['colcon_pkg']
[0.217s] Level 1:colcon.colcon_core.package_identification:_identify(src/me495_yolo) by extension 'colcon_pkg'
[0.217s] Level 1:colcon.colcon_core.package_identification:_identify(src/me495_yolo) by extensions ['colcon_meta']
[0.217s] Level 1:colcon.colcon_core.package_identification:_identify(src/me495_yolo) by extension 'colcon_meta'
[0.217s] Level 1:colcon.colcon_core.package_identification:_identify(src/me495_yolo) by extensions ['ros']
[0.217s] Level 1:colcon.colcon_core.package_identification:_identify(src/me495_yolo) by extension 'ros'
[0.221s] DEBUG:colcon.colcon_core.package_identification:Package 'src/me495_yolo' with type 'ros.ament_python' and name 'me495_yolo'
[0.222s] Level 1:colcon.colcon_core.package_identification:_identify(src/numsr_turtlebot) by extensions ['ignore', 'ignore_ament_install']
[0.222s] Level 1:colcon.colcon_core.package_identification:_identify(src/numsr_turtlebot) by extension 'ignore'
[0.222s] Level 1:colcon.colcon_core.package_identification:_identify(src/numsr_turtlebot) by extension 'ignore_ament_install'
[0.222s] Level 1:colcon.colcon_core.package_identification:_identify(src/numsr_turtlebot) by extensions ['colcon_pkg']
[0.222s] Level 1:colcon.colcon_core.package_identification:_identify(src/numsr_turtlebot) by extension 'colcon_pkg'
[0.222s] Level 1:colcon.colcon_core.package_identification:_identify(src/numsr_turtlebot) by extensions ['colcon_meta']
[0.222s] Level 1:colcon.colcon_core.package_identification:_identify(src/numsr_turtlebot) by extension 'colcon_meta'
[0.222s] Level 1:colcon.colcon_core.package_identification:_identify(src/numsr_turtlebot) by extensions ['ros']
[0.222s] Level 1:colcon.colcon_core.package_identification:_identify(src/numsr_turtlebot) by extension 'ros'
[0.223s] DEBUG:colcon.colcon_core.package_identification:Package 'src/numsr_turtlebot' with type 'ros.ament_cmake' and name 'numsr_turtlebot'
[0.223s] Level 1:colcon.colcon_core.package_identification:_identify(src/nuturtlebot_msgs) by extensions ['ignore', 'ignore_ament_install']
[0.223s] Level 1:colcon.colcon_core.package_identification:_identify(src/nuturtlebot_msgs) by extension 'ignore'
[0.223s] Level 1:colcon.colcon_core.package_identification:_identify(src/nuturtlebot_msgs) by extension 'ignore_ament_install'
[0.223s] Level 1:colcon.colcon_core.package_identification:_identify(src/nuturtlebot_msgs) by extensions ['colcon_pkg']
[0.223s] Level 1:colcon.colcon_core.package_identification:_identify(src/nuturtlebot_msgs) by extension 'colcon_pkg'
[0.223s] Level 1:colcon.colcon_core.package_identification:_identify(src/nuturtlebot_msgs) by extensions ['colcon_meta']
[0.223s] Level 1:colcon.colcon_core.package_identification:_identify(src/nuturtlebot_msgs) by extension 'colcon_meta'
[0.223s] Level 1:colcon.colcon_core.package_identification:_identify(src/nuturtlebot_msgs) by extensions ['ros']
[0.223s] Level 1:colcon.colcon_core.package_identification:_identify(src/nuturtlebot_msgs) by extension 'ros'
[0.224s] DEBUG:colcon.colcon_core.package_identification:Package 'src/nuturtlebot_msgs' with type 'ros.ament_cmake' and name 'nuturtlebot_msgs'
[0.224s] Level 1:colcon.colcon_core.package_discovery:discover_packages(recursive) using defaults
[0.224s] Level 1:colcon.colcon_core.package_discovery:discover_packages(ignore) discover
[0.224s] Level 1:colcon.colcon_core.package_discovery:discover_packages(ignore) using defaults
[0.224s] Level 1:colcon.colcon_core.package_discovery:discover_packages(path) discover
[0.224s] Level 1:colcon.colcon_core.package_discovery:discover_packages(path) using defaults
[0.241s] Level 1:colcon.colcon_core.package_discovery:discover_packages(prefix_path) check parameters
[0.242s] Level 1:colcon.colcon_core.package_discovery:discover_packages(prefix_path) discover
[0.244s] DEBUG:colcon.colcon_installed_package_information.package_discovery:Found 3 installed packages in /home/catherine-maglione/yolo_home/install
[0.247s] DEBUG:colcon.colcon_installed_package_information.package_discovery:Found 467 installed packages in /opt/ros/jazzy
[0.249s] Level 1:colcon.colcon_core.package_discovery:discover_packages(prefix_path) using defaults
[0.315s] Level 5:colcon.colcon_core.verb:set package 'nuturtlebot_msgs' build argument 'cmake_args' from command line to 'None'
[0.315s] Level 5:colcon.colcon_core.verb:set package 'nuturtlebot_msgs' build argument 'cmake_target' from command line to 'None'
[0.315s] Level 5:colcon.colcon_core.verb:set package 'nuturtlebot_msgs' build argument 'cmake_target_skip_unavailable' from command line to 'False'
[0.315s] Level 5:colcon.colcon_core.verb:set package 'nuturtlebot_msgs' build argument 'cmake_clean_cache' from command line to 'False'
[0.315s] Level 5:colcon.colcon_core.verb:set package 'nuturtlebot_msgs' build argument 'cmake_clean_first' from command line to 'False'
[0.315s] Level 5:colcon.colcon_core.verb:set package 'nuturtlebot_msgs' build argument 'cmake_force_configure' from command line to 'False'
[0.315s] Level 5:colcon.colcon_core.verb:set package 'nuturtlebot_msgs' build argument 'ament_cmake_args' from command line to 'None'
[0.315s] Level 5:colcon.colcon_core.verb:set package 'nuturtlebot_msgs' build argument 'catkin_cmake_args' from command line to 'None'
[0.315s] Level 5:colcon.colcon_core.verb:set package 'nuturtlebot_msgs' build argument 'catkin_skip_building_tests' from command line to 'False'
[0.315s] DEBUG:colcon.colcon_core.verb:Building package 'nuturtlebot_msgs' with the following arguments: {'ament_cmake_args': None, 'build_base': '/home/catherine-maglione/yolo_home/build/nuturtlebot_msgs', 'catkin_cmake_args': None, 'catkin_skip_building_tests': False, 'cmake_args': None, 'cmake_clean_cache': False, 'cmake_clean_first': False, 'cmake_force_configure': False, 'cmake_target': None, 'cmake_target_skip_unavailable': False, 'install_base': '/home/catherine-maglione/yolo_home/install/nuturtlebot_msgs', 'merge_install': False, 'path': '/home/catherine-maglione/yolo_home/src/nuturtlebot_msgs', 'symlink_install': False, 'test_result_base': None}
[0.316s] Level 5:colcon.colcon_core.verb:set package 'me495_yolo' build argument 'cmake_args' from command line to 'None'
[0.316s] Level 5:colcon.colcon_core.verb:set package 'me495_yolo' build argument 'cmake_target' from command line to 'None'
[0.316s] Level 5:colcon.colcon_core.verb:set package 'me495_yolo' build argument 'cmake_target_skip_unavailable' from command line to 'False'
[0.316s] Level 5:colcon.colcon_core.verb:set package 'me495_yolo' build argument 'cmake_clean_cache' from command line to 'False'
[0.316s] Level 5:colcon.colcon_core.verb:set package 'me495_yolo' build argument 'cmake_clean_first' from command line to 'False'
[0.316s] Level 5:colcon.colcon_core.verb:set package 'me495_yolo' build argument 'cmake_force_configure' from command line to 'False'
[0.316s] Level 5:colcon.colcon_core.verb:set package 'me495_yolo' build argument 'ament_cmake_args' from command line to 'None'
[0.316s] Level 5:colcon.colcon_core.verb:set package 'me495_yolo' build argument 'catkin_cmake_args' from command line to 'None'
[0.316s] Level 5:colcon.colcon_core.verb:set package 'me495_yolo' build argument 'catkin_skip_building_tests' from command line to 'False'
[0.316s] DEBUG:colcon.colcon_core.verb:Building package 'me495_yolo' with the following arguments: {'ament_cmake_args': None, 'build_base': '/home/catherine-maglione/yolo_home/build/me495_yolo', 'catkin_cmake_args': None, 'catkin_skip_building_tests': False, 'cmake_args': None, 'cmake_clean_cache': False, 'cmake_clean_first': False, 'cmake_force_configure': False, 'cmake_target': None, 'cmake_target_skip_unavailable': False, 'install_base': '/home/catherine-maglione/yolo_home/install/me495_yolo', 'merge_install': False, 'path': '/home/catherine-maglione/yolo_home/src/me495_yolo', 'symlink_install': False, 'test_result_base': None}
[0.316s] Level 5:colcon.colcon_core.verb:set package 'numsr_turtlebot' build argument 'cmake_args' from command line to 'None'
[0.316s] Level 5:colcon.colcon_core.verb:set package 'numsr_turtlebot' build argument 'cmake_target' from command line to 'None'
[0.316s] Level 5:colcon.colcon_core.verb:set package 'numsr_turtlebot' build argument 'cmake_target_skip_unavailable' from command line to 'False'
[0.316s] Level 5:colcon.colcon_core.verb:set package 'numsr_turtlebot' build argument 'cmake_clean_cache' from command line to 'False'
[0.316s] Level 5:colcon.colcon_core.verb:set package 'numsr_turtlebot' build argument 'cmake_clean_first' from command line to 'False'
[0.316s] Level 5:colcon.colcon_core.verb:set package 'numsr_turtlebot' build argument 'cmake_force_configure' from command line to 'False'
[0.316s] Level 5:colcon.colcon_core.verb:set package 'numsr_turtlebot' build argument 'ament_cmake_args' from command line to 'None'
[0.316s] Level 5:colcon.colcon_core.verb:set package 'numsr_turtlebot' build argument 'catkin_cmake_args' from command line to 'None'
[0.316s] Level 5:colcon.colcon_core.verb:set package 'numsr_turtlebot' build argument 'catkin_skip_building_tests' from command line to 'False'
[0.316s] DEBUG:colcon.colcon_core.verb:Building package 'numsr_turtlebot' with the following arguments: {'ament_cmake_args': None, 'build_base': '/home/catherine-maglione/yolo_home/build/numsr_turtlebot', 'catkin_cmake_args': None, 'catkin_skip_building_tests': False, 'cmake_args': None, 'cmake_clean_cache': False, 'cmake_clean_first': False, 'cmake_force_configure': False, 'cmake_target': None, 'cmake_target_skip_unavailable': False, 'install_base': '/home/catherine-maglione/yolo_home/install/numsr_turtlebot', 'merge_install': False, 'path': '/home/catherine-maglione/yolo_home/src/numsr_turtlebot', 'symlink_install': False, 'test_result_base': None}
[0.316s] INFO:colcon.colcon_core.executor:Executing jobs using 'parallel' executor
[0.318s] DEBUG:colcon.colcon_parallel_executor.executor.parallel:run_until_complete
[0.319s] INFO:colcon.colcon_ros.task.ament_cmake.build:Building ROS package in '/home/catherine-maglione/yolo_home/src/nuturtlebot_msgs' with build type 'ament_cmake'
[0.319s] INFO:colcon.colcon_cmake.task.cmake.build:Building CMake package in '/home/catherine-maglione/yolo_home/src/nuturtlebot_msgs'
[0.322s] INFO:colcon.colcon_core.plugin_system:Skipping extension 'colcon_core.shell.bat': Not used on non-Windows systems
[0.322s] INFO:colcon.colcon_core.shell:Skip shell extension 'powershell' for command environment: Not usable outside of PowerShell
[0.322s] DEBUG:colcon.colcon_core.shell:Skip shell extension 'dsv' for command environment
[0.337s] DEBUG:colcon.colcon_core.event_handler.log_command:Invoking command in '/home/catherine-maglione/yolo_home/build/nuturtlebot_msgs': CMAKE_PREFIX_PATH=${CMAKE_PREFIX_PATH}:/home/catherine-maglione/yolo_home/install/me495_yolo:/opt/ros/jazzy /usr/bin/cmake --build /home/catherine-maglione/yolo_home/build/nuturtlebot_msgs -- -j32 -l32
[0.988s] DEBUG:colcon.colcon_core.event_handler.log_command:Invoked command in '/home/catherine-maglione/yolo_home/build/nuturtlebot_msgs' returned '0': CMAKE_PREFIX_PATH=${CMAKE_PREFIX_PATH}:/home/catherine-maglione/yolo_home/install/me495_yolo:/opt/ros/jazzy /usr/bin/cmake --build /home/catherine-maglione/yolo_home/build/nuturtlebot_msgs -- -j32 -l32
[1.185s] DEBUG:colcon.colcon_core.event_handler.log_command:Invoking command in '/home/catherine-maglione/yolo_home/build/nuturtlebot_msgs': CMAKE_PREFIX_PATH=${CMAKE_PREFIX_PATH}:/home/catherine-maglione/yolo_home/install/me495_yolo:/opt/ros/jazzy /usr/bin/cmake --install /home/catherine-maglione/yolo_home/build/nuturtlebot_msgs
[1.272s] Level 1:colcon.colcon_core.environment:create_environment_scripts_only(nuturtlebot_msgs)
[1.273s] DEBUG:colcon.colcon_core.event_handler.log_command:Invoked command in '/home/catherine-maglione/yolo_home/build/nuturtlebot_msgs' returned '0': CMAKE_PREFIX_PATH=${CMAKE_PREFIX_PATH}:/home/catherine-maglione/yolo_home/install/me495_yolo:/opt/ros/jazzy /usr/bin/cmake --install /home/catherine-maglione/yolo_home/build/nuturtlebot_msgs
[1.277s] Level 1:colcon.colcon_core.environment:checking '/home/catherine-maglione/yolo_home/install/nuturtlebot_msgs' for CMake module files
[1.277s] Level 1:colcon.colcon_core.environment:checking '/home/catherine-maglione/yolo_home/install/nuturtlebot_msgs' for CMake config files
[1.278s] Level 1:colcon.colcon_core.shell:create_environment_hook('nuturtlebot_msgs', 'cmake_prefix_path')
[1.278s] INFO:colcon.colcon_core.shell:Creating environment hook '/home/catherine-maglione/yolo_home/install/nuturtlebot_msgs/share/nuturtlebot_msgs/hook/cmake_prefix_path.ps1'
[1.279s] INFO:colcon.colcon_core.shell:Creating environment descriptor '/home/catherine-maglione/yolo_home/install/nuturtlebot_msgs/share/nuturtlebot_msgs/hook/cmake_prefix_path.dsv'
[1.279s] INFO:colcon.colcon_core.shell:Creating environment hook '/home/catherine-maglione/yolo_home/install/nuturtlebot_msgs/share/nuturtlebot_msgs/hook/cmake_prefix_path.sh'
[1.280s] Level 1:colcon.colcon_core.environment:checking '/home/catherine-maglione/yolo_home/install/nuturtlebot_msgs/lib'
[1.280s] Level 1:colcon.colcon_core.shell:create_environment_hook('nuturtlebot_msgs', 'ld_library_path_lib')
[1.280s] INFO:colcon.colcon_core.shell:Creating environment hook '/home/catherine-maglione/yolo_home/install/nuturtlebot_msgs/share/nuturtlebot_msgs/hook/ld_library_path_lib.ps1'
[1.281s] INFO:colcon.colcon_core.shell:Creating environment descriptor '/home/catherine-maglione/yolo_home/install/nuturtlebot_msgs/share/nuturtlebot_msgs/hook/ld_library_path_lib.dsv'
[1.281s] INFO:colcon.colcon_core.shell:Creating environment hook '/home/catherine-maglione/yolo_home/install/nuturtlebot_msgs/share/nuturtlebot_msgs/hook/ld_library_path_lib.sh'
[1.281s] Level 1:colcon.colcon_core.environment:checking '/home/catherine-maglione/yolo_home/install/nuturtlebot_msgs/bin'
[1.281s] Level 1:colcon.colcon_core.environment:checking '/home/catherine-maglione/yolo_home/install/nuturtlebot_msgs/lib/pkgconfig/nuturtlebot_msgs.pc'
[1.282s] Level 1:colcon.colcon_core.environment:checking '/home/catherine-maglione/yolo_home/install/nuturtlebot_msgs/lib/python3.12/site-packages'
[1.282s] Level 1:colcon.colcon_core.shell:create_environment_hook('nuturtlebot_msgs', 'pythonpath')
[1.282s] INFO:colcon.colcon_core.shell:Creating environment hook '/home/catherine-maglione/yolo_home/install/nuturtlebot_msgs/share/nuturtlebot_msgs/hook/pythonpath.ps1'
[1.282s] INFO:colcon.colcon_core.shell:Creating environment descriptor '/home/catherine-maglione/yolo_home/install/nuturtlebot_msgs/share/nuturtlebot_msgs/hook/pythonpath.dsv'
[1.283s] INFO:colcon.colcon_core.shell:Creating environment hook '/home/catherine-maglione/yolo_home/install/nuturtlebot_msgs/share/nuturtlebot_msgs/hook/pythonpath.sh'
[1.283s] Level 1:colcon.colcon_core.environment:checking '/home/catherine-maglione/yolo_home/install/nuturtlebot_msgs/bin'
[1.284s] INFO:colcon.colcon_core.shell:Creating package script '/home/catherine-maglione/yolo_home/install/nuturtlebot_msgs/share/nuturtlebot_msgs/package.ps1'
[1.285s] INFO:colcon.colcon_core.shell:Creating package descriptor '/home/catherine-maglione/yolo_home/install/nuturtlebot_msgs/share/nuturtlebot_msgs/package.dsv'
[1.285s] INFO:colcon.colcon_core.shell:Creating package script '/home/catherine-maglione/yolo_home/install/nuturtlebot_msgs/share/nuturtlebot_msgs/package.sh'
[1.286s] INFO:colcon.colcon_core.shell:Creating package script '/home/catherine-maglione/yolo_home/install/nuturtlebot_msgs/share/nuturtlebot_msgs/package.bash'
[1.286s] INFO:colcon.colcon_core.shell:Creating package script '/home/catherine-maglione/yolo_home/install/nuturtlebot_msgs/share/nuturtlebot_msgs/package.zsh'
[1.287s] Level 1:colcon.colcon_core.environment:create_file_with_runtime_dependencies(/home/catherine-maglione/yolo_home/install/nuturtlebot_msgs/share/colcon-core/packages/nuturtlebot_msgs)
[1.483s] Level 1:colcon.colcon_core.environment:create_environment_scripts_only(nuturtlebot_msgs)
[1.483s] Level 1:colcon.colcon_core.environment:checking '/home/catherine-maglione/yolo_home/install/nuturtlebot_msgs' for CMake module files
[1.485s] Level 1:colcon.colcon_core.environment:checking '/home/catherine-maglione/yolo_home/install/nuturtlebot_msgs' for CMake config files
[1.485s] Level 1:colcon.colcon_core.shell:create_environment_hook('nuturtlebot_msgs', 'cmake_prefix_path')
[1.486s] INFO:colcon.colcon_core.shell:Creating environment hook '/home/catherine-maglione/yolo_home/install/nuturtlebot_msgs/share/nuturtlebot_msgs/hook/cmake_prefix_path.ps1'
[1.486s] INFO:colcon.colcon_core.shell:Creating environment descriptor '/home/catherine-maglione/yolo_home/install/nuturtlebot_msgs/share/nuturtlebot_msgs/hook/cmake_prefix_path.dsv'
[1.487s] INFO:colcon.colcon_core.shell:Creating environment hook '/home/catherine-maglione/yolo_home/install/nuturtlebot_msgs/share/nuturtlebot_msgs/hook/cmake_prefix_path.sh'
[1.488s] Level 1:colcon.colcon_core.environment:checking '/home/catherine-maglione/yolo_home/install/nuturtlebot_msgs/lib'
[1.488s] Level 1:colcon.colcon_core.shell:create_environment_hook('nuturtlebot_msgs', 'ld_library_path_lib')
[1.489s] INFO:colcon.colcon_core.shell:Creating environment hook '/home/catherine-maglione/yolo_home/install/nuturtlebot_msgs/share/nuturtlebot_msgs/hook/ld_library_path_lib.ps1'
[1.489s] INFO:colcon.colcon_core.shell:Creating environment descriptor '/home/catherine-maglione/yolo_home/install/nuturtlebot_msgs/share/nuturtlebot_msgs/hook/ld_library_path_lib.dsv'
[1.490s] INFO:colcon.colcon_core.shell:Creating environment hook '/home/catherine-maglione/yolo_home/install/nuturtlebot_msgs/share/nuturtlebot_msgs/hook/ld_library_path_lib.sh'
[1.490s] Level 1:colcon.colcon_core.environment:checking '/home/catherine-maglione/yolo_home/install/nuturtlebot_msgs/bin'
[1.490s] Level 1:colcon.colcon_core.environment:checking '/home/catherine-maglione/yolo_home/install/nuturtlebot_msgs/lib/pkgconfig/nuturtlebot_msgs.pc'
[1.490s] Level 1:colcon.colcon_core.environment:checking '/home/catherine-maglione/yolo_home/install/nuturtlebot_msgs/lib/python3.12/site-packages'
[1.491s] Level 1:colcon.colcon_core.shell:create_environment_hook('nuturtlebot_msgs', 'pythonpath')
[1.491s] INFO:colcon.colcon_core.shell:Creating environment hook '/home/catherine-maglione/yolo_home/install/nuturtlebot_msgs/share/nuturtlebot_msgs/hook/pythonpath.ps1'
[1.491s] INFO:colcon.colcon_core.shell:Creating environment descriptor '/home/catherine-maglione/yolo_home/install/nuturtlebot_msgs/share/nuturtlebot_msgs/hook/pythonpath.dsv'
[1.491s] INFO:colcon.colcon_core.shell:Creating environment hook '/home/catherine-maglione/yolo_home/install/nuturtlebot_msgs/share/nuturtlebot_msgs/hook/pythonpath.sh'
[1.492s] Level 1:colcon.colcon_core.environment:checking '/home/catherine-maglione/yolo_home/install/nuturtlebot_msgs/bin'
[1.493s] INFO:colcon.colcon_core.shell:Creating package script '/home/catherine-maglione/yolo_home/install/nuturtlebot_msgs/share/nuturtlebot_msgs/package.ps1'
[1.493s] INFO:colcon.colcon_core.shell:Creating package descriptor '/home/catherine-maglione/yolo_home/install/nuturtlebot_msgs/share/nuturtlebot_msgs/package.dsv'
[1.494s] INFO:colcon.colcon_core.shell:Creating package script '/home/catherine-maglione/yolo_home/install/nuturtlebot_msgs/share/nuturtlebot_msgs/package.sh'
[1.495s] INFO:colcon.colcon_core.shell:Creating package script '/home/catherine-maglione/yolo_home/install/nuturtlebot_msgs/share/nuturtlebot_msgs/package.bash'
[1.495s] INFO:colcon.colcon_core.shell:Creating package script '/home/catherine-maglione/yolo_home/install/nuturtlebot_msgs/share/nuturtlebot_msgs/package.zsh'
[1.496s] Level 1:colcon.colcon_core.environment:create_file_with_runtime_dependencies(/home/catherine-maglione/yolo_home/install/nuturtlebot_msgs/share/colcon-core/packages/nuturtlebot_msgs)
[1.496s] INFO:colcon.colcon_ros.task.ament_python.build:Building ROS package in '/home/catherine-maglione/yolo_home/src/me495_yolo' with build type 'ament_python'
[1.497s] Level 1:colcon.colcon_core.shell:create_environment_hook('me495_yolo', 'ament_prefix_path')
[1.497s] INFO:colcon.colcon_core.shell:Creating environment hook '/home/catherine-maglione/yolo_home/install/me495_yolo/share/me495_yolo/hook/ament_prefix_path.ps1'
[1.498s] INFO:colcon.colcon_core.shell:Creating environment descriptor '/home/catherine-maglione/yolo_home/install/me495_yolo/share/me495_yolo/hook/ament_prefix_path.dsv'
[1.499s] INFO:colcon.colcon_core.shell:Creating environment hook '/home/catherine-maglione/yolo_home/install/me495_yolo/share/me495_yolo/hook/ament_prefix_path.sh'
[1.499s] INFO:colcon.colcon_core.shell:Skip shell extension 'powershell' for command environment: Not usable outside of PowerShell
[1.499s] DEBUG:colcon.colcon_core.shell:Skip shell extension 'dsv' for command environment
[1.505s] INFO:colcon.colcon_ros.task.ament_cmake.build:Building ROS package in '/home/catherine-maglione/yolo_home/src/numsr_turtlebot' with build type 'ament_cmake'
[1.505s] INFO:colcon.colcon_cmake.task.cmake.build:Building CMake package in '/home/catherine-maglione/yolo_home/src/numsr_turtlebot'
[1.505s] INFO:colcon.colcon_core.shell:Skip shell extension 'powershell' for command environment: Not usable outside of PowerShell
[1.505s] DEBUG:colcon.colcon_core.shell:Skip shell extension 'dsv' for command environment
[1.786s] INFO:colcon.colcon_core.task.python.build:Building Python package in '/home/catherine-maglione/yolo_home/src/me495_yolo'
[1.787s] INFO:colcon.colcon_core.shell:Skip shell extension 'powershell' for command environment: Not usable outside of PowerShell
[1.787s] DEBUG:colcon.colcon_core.shell:Skip shell extension 'dsv' for command environment
[1.794s] DEBUG:colcon.colcon_core.event_handler.log_command:Invoking command in '/home/catherine-maglione/yolo_home/build/numsr_turtlebot': CMAKE_PREFIX_PATH=/home/catherine-maglione/yolo_home/install/nuturtlebot_msgs:/home/catherine-maglione/yolo_home/install/numsr_turtlebot:/opt/ros/jazzy/opt/gz_sim_vendor:/opt/ros/jazzy/opt/gz_sensors_vendor:/opt/ros/jazzy/opt/gz_physics_vendor:/opt/ros/jazzy/opt/sdformat_vendor:/opt/ros/jazzy/opt/gz_gui_vendor:/opt/ros/jazzy/opt/gz_transport_vendor:/opt/ros/jazzy/opt/gz_rendering_vendor:/opt/ros/jazzy/opt/gz_plugin_vendor:/opt/ros/jazzy/opt/gz_fuel_tools_vendor:/opt/ros/jazzy/opt/gz_msgs_vendor:/opt/ros/jazzy/opt/gz_common_vendor:/opt/ros/jazzy/opt/gz_math_vendor:/opt/ros/jazzy/opt/gz_utils_vendor:/opt/ros/jazzy/opt/gz_tools_vendor:/opt/ros/jazzy/opt/gz_ogre_next_vendor:/opt/ros/jazzy/opt/gz_dartsim_vendor:/opt/ros/jazzy/opt/gz_cmake_vendor:/home/catherine-maglione/yolo_home/install/me495_yolo:/opt/ros/jazzy PYTHONPATH=/home/catherine-maglione/yolo_home/install/nuturtlebot_msgs/lib/python3.12/site-packages:/home/catherine-maglione/yolo_home/install/me495_yolo/lib/python3.12/site-packages:/opt/ros/jazzy/lib/python3.12/site-packages /usr/bin/cmake --build /home/catherine-maglione/yolo_home/build/numsr_turtlebot -- -j32 -l32
[1.904s] DEBUG:colcon.colcon_core.event_handler.log_command:Invoked command in '/home/catherine-maglione/yolo_home/build/numsr_turtlebot' returned '0': CMAKE_PREFIX_PATH=/home/catherine-maglione/yolo_home/install/nuturtlebot_msgs:/home/catherine-maglione/yolo_home/install/numsr_turtlebot:/opt/ros/jazzy/opt/gz_sim_vendor:/opt/ros/jazzy/opt/gz_sensors_vendor:/opt/ros/jazzy/opt/gz_physics_vendor:/opt/ros/jazzy/opt/sdformat_vendor:/opt/ros/jazzy/opt/gz_gui_vendor:/opt/ros/jazzy/opt/gz_transport_vendor:/opt/ros/jazzy/opt/gz_rendering_vendor:/opt/ros/jazzy/opt/gz_plugin_vendor:/opt/ros/jazzy/opt/gz_fuel_tools_vendor:/opt/ros/jazzy/opt/gz_msgs_vendor:/opt/ros/jazzy/opt/gz_common_vendor:/opt/ros/jazzy/opt/gz_math_vendor:/opt/ros/jazzy/opt/gz_utils_vendor:/opt/ros/jazzy/opt/gz_tools_vendor:/opt/ros/jazzy/opt/gz_ogre_next_vendor:/opt/ros/jazzy/opt/gz_dartsim_vendor:/opt/ros/jazzy/opt/gz_cmake_vendor:/home/catherine-maglione/yolo_home/install/me495_yolo:/opt/ros/jazzy PYTHONPATH=/home/catherine-maglione/yolo_home/install/nuturtlebot_msgs/lib/python3.12/site-packages:/home/catherine-maglione/yolo_home/install/me495_yolo/lib/python3.12/site-packages:/opt/ros/jazzy/lib/python3.12/site-packages /usr/bin/cmake --build /home/catherine-maglione/yolo_home/build/numsr_turtlebot -- -j32 -l32
[1.965s] DEBUG:colcon.colcon_core.event_handler.log_command:Invoking command in '/home/catherine-maglione/yolo_home/build/numsr_turtlebot': CMAKE_PREFIX_PATH=/home/catherine-maglione/yolo_home/install/nuturtlebot_msgs:/home/catherine-maglione/yolo_home/install/numsr_turtlebot:/opt/ros/jazzy/opt/gz_sim_vendor:/opt/ros/jazzy/opt/gz_sensors_vendor:/opt/ros/jazzy/opt/gz_physics_vendor:/opt/ros/jazzy/opt/sdformat_vendor:/opt/ros/jazzy/opt/gz_gui_vendor:/opt/ros/jazzy/opt/gz_transport_vendor:/opt/ros/jazzy/opt/gz_rendering_vendor:/opt/ros/jazzy/opt/gz_plugin_vendor:/opt/ros/jazzy/opt/gz_fuel_tools_vendor:/opt/ros/jazzy/opt/gz_msgs_vendor:/opt/ros/jazzy/opt/gz_common_vendor:/opt/ros/jazzy/opt/gz_math_vendor:/opt/ros/jazzy/opt/gz_utils_vendor:/opt/ros/jazzy/opt/gz_tools_vendor:/opt/ros/jazzy/opt/gz_ogre_next_vendor:/opt/ros/jazzy/opt/gz_dartsim_vendor:/opt/ros/jazzy/opt/gz_cmake_vendor:/home/catherine-maglione/yolo_home/install/me495_yolo:/opt/ros/jazzy PYTHONPATH=/home/catherine-maglione/yolo_home/install/nuturtlebot_msgs/lib/python3.12/site-packages:/home/catherine-maglione/yolo_home/install/me495_yolo/lib/python3.12/site-packages:/opt/ros/jazzy/lib/python3.12/site-packages /usr/bin/cmake --install /home/catherine-maglione/yolo_home/build/numsr_turtlebot
[1.983s] Level 1:colcon.colcon_core.environment:create_environment_scripts_only(numsr_turtlebot)
[1.984s] DEBUG:colcon.colcon_core.event_handler.log_command:Invoked command in '/home/catherine-maglione/yolo_home/build/numsr_turtlebot' returned '0': CMAKE_PREFIX_PATH=/home/catherine-maglione/yolo_home/install/nuturtlebot_msgs:/home/catherine-maglione/yolo_home/install/numsr_turtlebot:/opt/ros/jazzy/opt/gz_sim_vendor:/opt/ros/jazzy/opt/gz_sensors_vendor:/opt/ros/jazzy/opt/gz_physics_vendor:/opt/ros/jazzy/opt/sdformat_vendor:/opt/ros/jazzy/opt/gz_gui_vendor:/opt/ros/jazzy/opt/gz_transport_vendor:/opt/ros/jazzy/opt/gz_rendering_vendor:/opt/ros/jazzy/opt/gz_plugin_vendor:/opt/ros/jazzy/opt/gz_fuel_tools_vendor:/opt/ros/jazzy/opt/gz_msgs_vendor:/opt/ros/jazzy/opt/gz_common_vendor:/opt/ros/jazzy/opt/gz_math_vendor:/opt/ros/jazzy/opt/gz_utils_vendor:/opt/ros/jazzy/opt/gz_tools_vendor:/opt/ros/jazzy/opt/gz_ogre_next_vendor:/opt/ros/jazzy/opt/gz_dartsim_vendor:/opt/ros/jazzy/opt/gz_cmake_vendor:/home/catherine-maglione/yolo_home/install/me495_yolo:/opt/ros/jazzy PYTHONPATH=/home/catherine-maglione/yolo_home/install/nuturtlebot_msgs/lib/python3.12/site-packages:/home/catherine-maglione/yolo_home/install/me495_yolo/lib/python3.12/site-packages:/opt/ros/jazzy/lib/python3.12/site-packages /usr/bin/cmake --install /home/catherine-maglione/yolo_home/build/numsr_turtlebot
[1.984s] Level 1:colcon.colcon_core.environment:checking '/home/catherine-maglione/yolo_home/install/numsr_turtlebot' for CMake module files
[1.986s] Level 1:colcon.colcon_core.environment:checking '/home/catherine-maglione/yolo_home/install/numsr_turtlebot' for CMake config files
[1.986s] Level 1:colcon.colcon_core.shell:create_environment_hook('numsr_turtlebot', 'cmake_prefix_path')
[1.987s] INFO:colcon.colcon_core.shell:Creating environment hook '/home/catherine-maglione/yolo_home/install/numsr_turtlebot/share/numsr_turtlebot/hook/cmake_prefix_path.ps1'
[1.987s] INFO:colcon.colcon_core.shell:Creating environment descriptor '/home/catherine-maglione/yolo_home/install/numsr_turtlebot/share/numsr_turtlebot/hook/cmake_prefix_path.dsv'
[1.988s] INFO:colcon.colcon_core.shell:Creating environment hook '/home/catherine-maglione/yolo_home/install/numsr_turtlebot/share/numsr_turtlebot/hook/cmake_prefix_path.sh'
[1.988s] Level 1:colcon.colcon_core.environment:checking '/home/catherine-maglione/yolo_home/install/numsr_turtlebot/lib'
[1.988s] Level 1:colcon.colcon_core.environment:checking '/home/catherine-maglione/yolo_home/install/numsr_turtlebot/bin'
[1.988s] Level 1:colcon.colcon_core.environment:checking '/home/catherine-maglione/yolo_home/install/numsr_turtlebot/lib/pkgconfig/numsr_turtlebot.pc'
[1.989s] Level 1:colcon.colcon_core.environment:checking '/home/catherine-maglione/yolo_home/install/numsr_turtlebot/lib/python3.12/site-packages'
[1.989s] Level 1:colcon.colcon_core.environment:checking '/home/catherine-maglione/yolo_home/install/numsr_turtlebot/bin'
[1.989s] INFO:colcon.colcon_core.shell:Creating package script '/home/catherine-maglione/yolo_home/install/numsr_turtlebot/share/numsr_turtlebot/package.ps1'
[1.990s] INFO:colcon.colcon_core.shell:Creating package descriptor '/home/catherine-maglione/yolo_home/install/numsr_turtlebot/share/numsr_turtlebot/package.dsv'
[1.990s] INFO:colcon.colcon_core.shell:Creating package script '/home/catherine-maglione/yolo_home/install/numsr_turtlebot/share/numsr_turtlebot/package.sh'
[1.991s] INFO:colcon.colcon_core.shell:Creating package script '/home/catherine-maglione/yolo_home/install/numsr_turtlebot/share/numsr_turtlebot/package.bash'
[1.991s] INFO:colcon.colcon_core.shell:Creating package script '/home/catherine-maglione/yolo_home/install/numsr_turtlebot/share/numsr_turtlebot/package.zsh'
[1.991s] Level 1:colcon.colcon_core.environment:create_file_with_runtime_dependencies(/home/catherine-maglione/yolo_home/install/numsr_turtlebot/share/colcon-core/packages/numsr_turtlebot)
[2.045s] Level 1:colcon.colcon_core.environment:create_environment_scripts_only(numsr_turtlebot)
[2.045s] Level 1:colcon.colcon_core.environment:checking '/home/catherine-maglione/yolo_home/install/numsr_turtlebot' for CMake module files
[2.046s] Level 1:colcon.colcon_core.environment:checking '/home/catherine-maglione/yolo_home/install/numsr_turtlebot' for CMake config files
[2.046s] Level 1:colcon.colcon_core.shell:create_environment_hook('numsr_turtlebot', 'cmake_prefix_path')
[2.046s] INFO:colcon.colcon_core.shell:Creating environment hook '/home/catherine-maglione/yolo_home/install/numsr_turtlebot/share/numsr_turtlebot/hook/cmake_prefix_path.ps1'
[2.047s] INFO:colcon.colcon_core.shell:Creating environment descriptor '/home/catherine-maglione/yolo_home/install/numsr_turtlebot/share/numsr_turtlebot/hook/cmake_prefix_path.dsv'
[2.048s] INFO:colcon.colcon_core.shell:Creating environment hook '/home/catherine-maglione/yolo_home/install/numsr_turtlebot/share/numsr_turtlebot/hook/cmake_prefix_path.sh'
[2.049s] Level 1:colcon.colcon_core.environment:checking '/home/catherine-maglione/yolo_home/install/numsr_turtlebot/lib'
[2.049s] Level 1:colcon.colcon_core.environment:checking '/home/catherine-maglione/yolo_home/install/numsr_turtlebot/bin'
[2.049s] Level 1:colcon.colcon_core.environment:checking '/home/catherine-maglione/yolo_home/install/numsr_turtlebot/lib/pkgconfig/numsr_turtlebot.pc'
[2.050s] Level 1:colcon.colcon_core.environment:checking '/home/catherine-maglione/yolo_home/install/numsr_turtlebot/lib/python3.12/site-packages'
[2.050s] Level 1:colcon.colcon_core.environment:checking '/home/catherine-maglione/yolo_home/install/numsr_turtlebot/bin'
[2.050s] INFO:colcon.colcon_core.shell:Creating package script '/home/catherine-maglione/yolo_home/install/numsr_turtlebot/share/numsr_turtlebot/package.ps1'
[2.051s] INFO:colcon.colcon_core.shell:Creating package descriptor '/home/catherine-maglione/yolo_home/install/numsr_turtlebot/share/numsr_turtlebot/package.dsv'
[2.051s] INFO:colcon.colcon_core.shell:Creating package script '/home/catherine-maglione/yolo_home/install/numsr_turtlebot/share/numsr_turtlebot/package.sh'
[2.052s] INFO:colcon.colcon_core.shell:Creating package script '/home/catherine-maglione/yolo_home/install/numsr_turtlebot/share/numsr_turtlebot/package.bash'
[2.052s] INFO:colcon.colcon_core.shell:Creating package script '/home/catherine-maglione/yolo_home/install/numsr_turtlebot/share/numsr_turtlebot/package.zsh'
[2.052s] Level 1:colcon.colcon_core.environment:create_file_with_runtime_dependencies(/home/catherine-maglione/yolo_home/install/numsr_turtlebot/share/colcon-core/packages/numsr_turtlebot)
[2.939s] DEBUG:colcon.colcon_core.event_handler.log_command:Invoking command in '/home/catherine-maglione/yolo_home/src/me495_yolo': CMAKE_PREFIX_PATH=/home/catherine-maglione/yolo_home/install/nuturtlebot_msgs:/home/catherine-maglione/yolo_home/install/numsr_turtlebot:/opt/ros/jazzy/opt/gz_sim_vendor:/opt/ros/jazzy/opt/gz_sensors_vendor:/opt/ros/jazzy/opt/gz_physics_vendor:/opt/ros/jazzy/opt/sdformat_vendor:/opt/ros/jazzy/opt/gz_gui_vendor:/opt/ros/jazzy/opt/gz_transport_vendor:/opt/ros/jazzy/opt/gz_rendering_vendor:/opt/ros/jazzy/opt/gz_plugin_vendor:/opt/ros/jazzy/opt/gz_fuel_tools_vendor:/opt/ros/jazzy/opt/gz_msgs_vendor:/opt/ros/jazzy/opt/gz_common_vendor:/opt/ros/jazzy/opt/gz_math_vendor:/opt/ros/jazzy/opt/gz_utils_vendor:/opt/ros/jazzy/opt/gz_tools_vendor:/opt/ros/jazzy/opt/gz_ogre_next_vendor:/opt/ros/jazzy/opt/gz_dartsim_vendor:/opt/ros/jazzy/opt/gz_cmake_vendor PYTHONPATH=/home/catherine-maglione/yolo_home/build/me495_yolo/prefix_override:/usr/lib/python3/dist-packages/colcon_core/task/python/colcon_distutils_commands:/home/catherine-maglione/yolo_home/install/me495_yolo/lib/python3.12/site-packages:/home/catherine-maglione/yolo_home/install/nuturtlebot_msgs/lib/python3.12/site-packages:/home/catherine-maglione/yolo_home/install/me495_yolo/lib/python3.12/site-packages:/opt/ros/jazzy/lib/python3.12/site-packages /usr/bin/python3 -W ignore:setup.py install is deprecated setup.py egg_info --egg-base ../../build/me495_yolo build --build-base /home/catherine-maglione/yolo_home/build/me495_yolo/build install --record /home/catherine-maglione/yolo_home/build/me495_yolo/install.log --single-version-externally-managed install_data
[4.448s] Level 1:colcon.colcon_core.environment:checking '/home/catherine-maglione/yolo_home/install/me495_yolo' for CMake module files
[4.450s] DEBUG:colcon.colcon_core.event_handler.log_command:Invoked command in '/home/catherine-maglione/yolo_home/src/me495_yolo' returned '0': CMAKE_PREFIX_PATH=/home/catherine-maglione/yolo_home/install/nuturtlebot_msgs:/home/catherine-maglione/yolo_home/install/numsr_turtlebot:/opt/ros/jazzy/opt/gz_sim_vendor:/opt/ros/jazzy/opt/gz_sensors_vendor:/opt/ros/jazzy/opt/gz_physics_vendor:/opt/ros/jazzy/opt/sdformat_vendor:/opt/ros/jazzy/opt/gz_gui_vendor:/opt/ros/jazzy/opt/gz_transport_vendor:/opt/ros/jazzy/opt/gz_rendering_vendor:/opt/ros/jazzy/opt/gz_plugin_vendor:/opt/ros/jazzy/opt/gz_fuel_tools_vendor:/opt/ros/jazzy/opt/gz_msgs_vendor:/opt/ros/jazzy/opt/gz_common_vendor:/opt/ros/jazzy/opt/gz_math_vendor:/opt/ros/jazzy/opt/gz_utils_vendor:/opt/ros/jazzy/opt/gz_tools_vendor:/opt/ros/jazzy/opt/gz_ogre_next_vendor:/opt/ros/jazzy/opt/gz_dartsim_vendor:/opt/ros/jazzy/opt/gz_cmake_vendor PYTHONPATH=/home/catherine-maglione/yolo_home/build/me495_yolo/prefix_override:/usr/lib/python3/dist-packages/colcon_core/task/python/colcon_distutils_commands:/home/catherine-maglione/yolo_home/install/me495_yolo/lib/python3.12/site-packages:/home/catherine-maglione/yolo_home/install/nuturtlebot_msgs/lib/python3.12/site-packages:/home/catherine-maglione/yolo_home/install/me495_yolo/lib/python3.12/site-packages:/opt/ros/jazzy/lib/python3.12/site-packages /usr/bin/python3 -W ignore:setup.py install is deprecated setup.py egg_info --egg-base ../../build/me495_yolo build --build-base /home/catherine-maglione/yolo_home/build/me495_yolo/build install --record /home/catherine-maglione/yolo_home/build/me495_yolo/install.log --single-version-externally-managed install_data
[4.451s] Level 1:colcon.colcon_core.environment:checking '/home/catherine-maglione/yolo_home/install/me495_yolo' for CMake config files
[4.452s] Level 1:colcon.colcon_core.environment:checking '/home/catherine-maglione/yolo_home/install/me495_yolo/lib'
[4.453s] Level 1:colcon.colcon_core.environment:checking '/home/catherine-maglione/yolo_home/install/me495_yolo/bin'
[4.453s] Level 1:colcon.colcon_core.environment:checking '/home/catherine-maglione/yolo_home/install/me495_yolo/lib/pkgconfig/me495_yolo.pc'
[4.453s] Level 1:colcon.colcon_core.environment:checking '/home/catherine-maglione/yolo_home/install/me495_yolo/lib/python3.12/site-packages'
[4.454s] Level 1:colcon.colcon_core.shell:create_environment_hook('me495_yolo', 'pythonpath')
[4.454s] INFO:colcon.colcon_core.shell:Creating environment hook '/home/catherine-maglione/yolo_home/install/me495_yolo/share/me495_yolo/hook/pythonpath.ps1'
[4.455s] INFO:colcon.colcon_core.shell:Creating environment descriptor '/home/catherine-maglione/yolo_home/install/me495_yolo/share/me495_yolo/hook/pythonpath.dsv'
[4.455s] INFO:colcon.colcon_core.shell:Creating environment hook '/home/catherine-maglione/yolo_home/install/me495_yolo/share/me495_yolo/hook/pythonpath.sh'
[4.456s] Level 1:colcon.colcon_core.environment:checking '/home/catherine-maglione/yolo_home/install/me495_yolo/bin'
[4.457s] Level 1:colcon.colcon_core.environment:create_environment_scripts_only(me495_yolo)
[4.457s] INFO:colcon.colcon_core.shell:Creating package script '/home/catherine-maglione/yolo_home/install/me495_yolo/share/me495_yolo/package.ps1'
[4.459s] INFO:colcon.colcon_core.shell:Creating package descriptor '/home/catherine-maglione/yolo_home/install/me495_yolo/share/me495_yolo/package.dsv'
[4.460s] INFO:colcon.colcon_core.shell:Creating package script '/home/catherine-maglione/yolo_home/install/me495_yolo/share/me495_yolo/package.sh'
[4.461s] INFO:colcon.colcon_core.shell:Creating package script '/home/catherine-maglione/yolo_home/install/me495_yolo/share/me495_yolo/package.bash'
[4.461s] INFO:colcon.colcon_core.shell:Creating package script '/home/catherine-maglione/yolo_home/install/me495_yolo/share/me495_yolo/package.zsh'
[4.462s] Level 1:colcon.colcon_core.environment:create_file_with_runtime_dependencies(/home/catherine-maglione/yolo_home/install/me495_yolo/share/colcon-core/packages/me495_yolo)
[4.462s] DEBUG:colcon.colcon_parallel_executor.executor.parallel:closing loop
[4.463s] DEBUG:colcon.colcon_parallel_executor.executor.parallel:loop closed
[4.464s] DEBUG:colcon.colcon_parallel_executor.executor.parallel:run_until_complete finished with '0'
[4.465s] DEBUG:colcon.colcon_core.event_reactor:joining thread
[4.479s] INFO:colcon.colcon_core.plugin_system:Skipping extension 'colcon_notification.desktop_notification.terminal_notifier': Not used on non-Darwin systems
[4.480s] INFO:colcon.colcon_core.plugin_system:Skipping extension 'colcon_notification.desktop_notification.win32': Not used on non-Windows systems
[4.480s] INFO:colcon.colcon_notification.desktop_notification:Sending desktop notification using 'notify2'
[4.514s] DEBUG:colcon.colcon_core.event_reactor:joined thread
[4.515s] INFO:colcon.colcon_core.shell:Creating prefix script '/home/catherine-maglione/yolo_home/install/local_setup.ps1'
[4.516s] INFO:colcon.colcon_core.shell:Creating prefix util module '/home/catherine-maglione/yolo_home/install/_local_setup_util_ps1.py'
[4.518s] INFO:colcon.colcon_core.shell:Creating prefix chain script '/home/catherine-maglione/yolo_home/install/setup.ps1'
[4.520s] INFO:colcon.colcon_core.shell:Creating prefix script '/home/catherine-maglione/yolo_home/install/local_setup.sh'
[4.521s] INFO:colcon.colcon_core.shell:Creating prefix util module '/home/catherine-maglione/yolo_home/install/_local_setup_util_sh.py'
[4.522s] INFO:colcon.colcon_core.shell:Creating prefix chain script '/home/catherine-maglione/yolo_home/install/setup.sh'
[4.524s] INFO:colcon.colcon_core.shell:Creating prefix script '/home/catherine-maglione/yolo_home/install/local_setup.bash'
[4.525s] INFO:colcon.colcon_core.shell:Creating prefix chain script '/home/catherine-maglione/yolo_home/install/setup.bash'
[4.527s] INFO:colcon.colcon_core.shell:Creating prefix script '/home/catherine-maglione/yolo_home/install/local_setup.zsh'
[4.527s] INFO:colcon.colcon_core.shell:Creating prefix chain script '/home/catherine-maglione/yolo_home/install/setup.zsh'
