[0.437s] Invoking command in '/home/catherine-maglione/yolo_home/src/me495_yolo': PYTHONPATH=/home/catherine-maglione/yolo_home/build/me495_yolo/prefix_override:/usr/lib/python3/dist-packages/colcon_core/task/python/colcon_distutils_commands:/home/catherine-maglione/yolo_home/install/me495_yolo/lib/python3.12/site-packages:${PYTHONPATH} /usr/bin/python3 -W ignore:setup.py install is deprecated setup.py egg_info --egg-base ../../build/me495_yolo build --build-base /home/catherine-maglione/yolo_home/build/me495_yolo/build install --record /home/catherine-maglione/yolo_home/build/me495_yolo/install.log --single-version-externally-managed install_data
[0.584s] running egg_info
[0.584s] creating ../../build/me495_yolo/me495_yolo.egg-info
[0.596s] writing ../../build/me495_yolo/me495_yolo.egg-info/PKG-INFO
[0.596s] writing dependency_links to ../../build/me495_yolo/me495_yolo.egg-info/dependency_links.txt
[0.596s] writing entry points to ../../build/me495_yolo/me495_yolo.egg-info/entry_points.txt
[0.596s] writing requirements to ../../build/me495_yolo/me495_yolo.egg-info/requires.txt
[0.596s] writing top-level names to ../../build/me495_yolo/me495_yolo.egg-info/top_level.txt
[0.596s] writing manifest file '../../build/me495_yolo/me495_yolo.egg-info/SOURCES.txt'
[0.619s] reading manifest file '../../build/me495_yolo/me495_yolo.egg-info/SOURCES.txt'
[0.619s] writing manifest file '../../build/me495_yolo/me495_yolo.egg-info/SOURCES.txt'
[0.619s] running build
[0.619s] running build_py
[0.619s] creating /home/catherine-maglione/yolo_home/build/me495_yolo/build
[0.620s] creating /home/catherine-maglione/yolo_home/build/me495_yolo/build/lib
[0.620s] creating /home/catherine-maglione/yolo_home/build/me495_yolo/build/lib/me495_yolo
[0.620s] copying me495_yolo/yolo.py -> /home/catherine-maglione/yolo_home/build/me495_yolo/build/lib/me495_yolo
[0.620s] copying me495_yolo/__init__.py -> /home/catherine-maglione/yolo_home/build/me495_yolo/build/lib/me495_yolo
[0.620s] running install
[0.623s] running install_lib
[0.635s] creating /home/catherine-maglione/yolo_home/install/me495_yolo/lib/python3.12/site-packages/me495_yolo
[0.635s] copying /home/catherine-maglione/yolo_home/build/me495_yolo/build/lib/me495_yolo/yolo.py -> /home/catherine-maglione/yolo_home/install/me495_yolo/lib/python3.12/site-packages/me495_yolo
[0.635s] copying /home/catherine-maglione/yolo_home/build/me495_yolo/build/lib/me495_yolo/__init__.py -> /home/catherine-maglione/yolo_home/install/me495_yolo/lib/python3.12/site-packages/me495_yolo
[0.635s] byte-compiling /home/catherine-maglione/yolo_home/install/me495_yolo/lib/python3.12/site-packages/me495_yolo/yolo.py to yolo.cpython-312.pyc
[0.635s] byte-compiling /home/catherine-maglione/yolo_home/install/me495_yolo/lib/python3.12/site-packages/me495_yolo/__init__.py to __init__.cpython-312.pyc
[0.635s] running install_data
[0.635s] creating /home/catherine-maglione/yolo_home/install/me495_yolo/share/ament_index
[0.636s] creating /home/catherine-maglione/yolo_home/install/me495_yolo/share/ament_index/resource_index
[0.636s] creating /home/catherine-maglione/yolo_home/install/me495_yolo/share/ament_index/resource_index/packages
[0.636s] copying resource/me495_yolo -> /home/catherine-maglione/yolo_home/install/me495_yolo/share/ament_index/resource_index/packages
[0.636s] copying package.xml -> /home/catherine-maglione/yolo_home/install/me495_yolo/share/me495_yolo
[0.636s] running install_egg_info
[0.648s] Copying ../../build/me495_yolo/me495_yolo.egg-info to /home/catherine-maglione/yolo_home/install/me495_yolo/lib/python3.12/site-packages/me495_yolo-0.0.0-py3.12.egg-info
[0.648s] running install_scripts
[0.721s] Installing yolo script to /home/catherine-maglione/yolo_home/install/me495_yolo/lib/me495_yolo
[0.721s] writing list of installed files to '/home/catherine-maglione/yolo_home/build/me495_yolo/install.log'
[0.734s] Invoked command in '/home/catherine-maglione/yolo_home/src/me495_yolo' returned '0': PYTHONPATH=/home/catherine-maglione/yolo_home/build/me495_yolo/prefix_override:/usr/lib/python3/dist-packages/colcon_core/task/python/colcon_distutils_commands:/home/catherine-maglione/yolo_home/install/me495_yolo/lib/python3.12/site-packages:${PYTHONPATH} /usr/bin/python3 -W ignore:setup.py install is deprecated setup.py egg_info --egg-base ../../build/me495_yolo build --build-base /home/catherine-maglione/yolo_home/build/me495_yolo/build install --record /home/catherine-maglione/yolo_home/build/me495_yolo/install.log --single-version-externally-managed install_data
