[0.443s] Invoking command in '/home/catherine-maglione/yolo_home/src/me495_yolo': PYTHONPATH=/home/catherine-maglione/yolo_home/build_me495_yolo/me495_yolo/prefix_override:/usr/lib/python3/dist-packages/colcon_core/task/python/colcon_distutils_commands:/home/catherine-maglione/yolo_home/install_me495_yolo/me495_yolo/lib/python3.12/site-packages:${PYTHONPATH} /usr/bin/python3 -W ignore:setup.py install is deprecated setup.py egg_info --egg-base ../../build_me495_yolo/me495_yolo build --build-base /home/catherine-maglione/yolo_home/build_me495_yolo/me495_yolo/build install --record /home/catherine-maglione/yolo_home/build_me495_yolo/me495_yolo/install.log --single-version-externally-managed install_data
[0.595s] running egg_info
[0.595s] creating ../../build_me495_yolo/me495_yolo/me495_yolo.egg-info
[0.607s] writing ../../build_me495_yolo/me495_yolo/me495_yolo.egg-info/PKG-INFO
[0.607s] writing dependency_links to ../../build_me495_yolo/me495_yolo/me495_yolo.egg-info/dependency_links.txt
[0.607s] writing entry points to ../../build_me495_yolo/me495_yolo/me495_yolo.egg-info/entry_points.txt
[0.608s] writing top-level names to ../../build_me495_yolo/me495_yolo/me495_yolo.egg-info/top_level.txt
[0.608s] writing manifest file '../../build_me495_yolo/me495_yolo/me495_yolo.egg-info/SOURCES.txt'
[0.632s] reading manifest file '../../build_me495_yolo/me495_yolo/me495_yolo.egg-info/SOURCES.txt'
[0.632s] writing manifest file '../../build_me495_yolo/me495_yolo/me495_yolo.egg-info/SOURCES.txt'
[0.632s] running build
[0.632s] running build_py
[0.632s] creating /home/catherine-maglione/yolo_home/build_me495_yolo/me495_yolo/build
[0.633s] creating /home/catherine-maglione/yolo_home/build_me495_yolo/me495_yolo/build/lib
[0.633s] creating /home/catherine-maglione/yolo_home/build_me495_yolo/me495_yolo/build/lib/me495_yolo
[0.633s] copying me495_yolo/waypoint_follower_old.py -> /home/catherine-maglione/yolo_home/build_me495_yolo/me495_yolo/build/lib/me495_yolo
[0.633s] copying me495_yolo/waypoint_follower.py -> /home/catherine-maglione/yolo_home/build_me495_yolo/me495_yolo/build/lib/me495_yolo
[0.633s] copying me495_yolo/yolo.py -> /home/catherine-maglione/yolo_home/build_me495_yolo/me495_yolo/build/lib/me495_yolo
[0.633s] copying me495_yolo/__init__.py -> /home/catherine-maglione/yolo_home/build_me495_yolo/me495_yolo/build/lib/me495_yolo
[0.633s] copying me495_yolo/waypoint.py -> /home/catherine-maglione/yolo_home/build_me495_yolo/me495_yolo/build/lib/me495_yolo
[0.633s] copying me495_yolo/local_waypoint_follower.py -> /home/catherine-maglione/yolo_home/build_me495_yolo/me495_yolo/build/lib/me495_yolo
[0.633s] running install
[0.636s] running install_lib
[0.648s] creating /home/catherine-maglione/yolo_home/install_me495_yolo/me495_yolo/lib/python3.12/site-packages/me495_yolo
[0.648s] copying /home/catherine-maglione/yolo_home/build_me495_yolo/me495_yolo/build/lib/me495_yolo/waypoint_follower_old.py -> /home/catherine-maglione/yolo_home/install_me495_yolo/me495_yolo/lib/python3.12/site-packages/me495_yolo
[0.649s] copying /home/catherine-maglione/yolo_home/build_me495_yolo/me495_yolo/build/lib/me495_yolo/waypoint_follower.py -> /home/catherine-maglione/yolo_home/install_me495_yolo/me495_yolo/lib/python3.12/site-packages/me495_yolo
[0.649s] copying /home/catherine-maglione/yolo_home/build_me495_yolo/me495_yolo/build/lib/me495_yolo/yolo.py -> /home/catherine-maglione/yolo_home/install_me495_yolo/me495_yolo/lib/python3.12/site-packages/me495_yolo
[0.649s] copying /home/catherine-maglione/yolo_home/build_me495_yolo/me495_yolo/build/lib/me495_yolo/__init__.py -> /home/catherine-maglione/yolo_home/install_me495_yolo/me495_yolo/lib/python3.12/site-packages/me495_yolo
[0.649s] copying /home/catherine-maglione/yolo_home/build_me495_yolo/me495_yolo/build/lib/me495_yolo/waypoint.py -> /home/catherine-maglione/yolo_home/install_me495_yolo/me495_yolo/lib/python3.12/site-packages/me495_yolo
[0.649s] copying /home/catherine-maglione/yolo_home/build_me495_yolo/me495_yolo/build/lib/me495_yolo/local_waypoint_follower.py -> /home/catherine-maglione/yolo_home/install_me495_yolo/me495_yolo/lib/python3.12/site-packages/me495_yolo
[0.649s] byte-compiling /home/catherine-maglione/yolo_home/install_me495_yolo/me495_yolo/lib/python3.12/site-packages/me495_yolo/waypoint_follower_old.py to waypoint_follower_old.cpython-312.pyc
[0.649s] byte-compiling /home/catherine-maglione/yolo_home/install_me495_yolo/me495_yolo/lib/python3.12/site-packages/me495_yolo/waypoint_follower.py to waypoint_follower.cpython-312.pyc
[0.650s] byte-compiling /home/catherine-maglione/yolo_home/install_me495_yolo/me495_yolo/lib/python3.12/site-packages/me495_yolo/yolo.py to yolo.cpython-312.pyc
[0.651s] byte-compiling /home/catherine-maglione/yolo_home/install_me495_yolo/me495_yolo/lib/python3.12/site-packages/me495_yolo/__init__.py to __init__.cpython-312.pyc
[0.651s] byte-compiling /home/catherine-maglione/yolo_home/install_me495_yolo/me495_yolo/lib/python3.12/site-packages/me495_yolo/waypoint.py to waypoint.cpython-312.pyc
[0.653s] byte-compiling /home/catherine-maglione/yolo_home/install_me495_yolo/me495_yolo/lib/python3.12/site-packages/me495_yolo/local_waypoint_follower.py to local_waypoint_follower.cpython-312.pyc
[0.653s] running install_data
[0.653s] creating /home/catherine-maglione/yolo_home/install_me495_yolo/me495_yolo/share/ament_index
[0.653s] creating /home/catherine-maglione/yolo_home/install_me495_yolo/me495_yolo/share/ament_index/resource_index
[0.653s] creating /home/catherine-maglione/yolo_home/install_me495_yolo/me495_yolo/share/ament_index/resource_index/packages
[0.653s] copying resource/me495_yolo -> /home/catherine-maglione/yolo_home/install_me495_yolo/me495_yolo/share/ament_index/resource_index/packages
[0.653s] copying package.xml -> /home/catherine-maglione/yolo_home/install_me495_yolo/me495_yolo/share/me495_yolo
[0.653s] running install_egg_info
[0.666s] Copying ../../build_me495_yolo/me495_yolo/me495_yolo.egg-info to /home/catherine-maglione/yolo_home/install_me495_yolo/me495_yolo/lib/python3.12/site-packages/me495_yolo-0.0.0-py3.12.egg-info
[0.666s] running install_scripts
[0.741s] Installing waypoint script to /home/catherine-maglione/yolo_home/install_me495_yolo/me495_yolo/lib/me495_yolo
[0.741s] Installing waypoint_follower script to /home/catherine-maglione/yolo_home/install_me495_yolo/me495_yolo/lib/me495_yolo
[0.741s] Installing yolo script to /home/catherine-maglione/yolo_home/install_me495_yolo/me495_yolo/lib/me495_yolo
[0.741s] writing list of installed files to '/home/catherine-maglione/yolo_home/build_me495_yolo/me495_yolo/install.log'
[0.754s] Invoked command in '/home/catherine-maglione/yolo_home/src/me495_yolo' returned '0': PYTHONPATH=/home/catherine-maglione/yolo_home/build_me495_yolo/me495_yolo/prefix_override:/usr/lib/python3/dist-packages/colcon_core/task/python/colcon_distutils_commands:/home/catherine-maglione/yolo_home/install_me495_yolo/me495_yolo/lib/python3.12/site-packages:${PYTHONPATH} /usr/bin/python3 -W ignore:setup.py install is deprecated setup.py egg_info --egg-base ../../build_me495_yolo/me495_yolo build --build-base /home/catherine-maglione/yolo_home/build_me495_yolo/me495_yolo/build install --record /home/catherine-maglione/yolo_home/build_me495_yolo/me495_yolo/install.log --single-version-externally-managed install_data
