[0.000000] (-) TimerEvent: {}
[0.000150] (-) JobUnselected: {'identifier': 'me495_yolo'}
[0.000185] (-) JobUnselected: {'identifier': 'numsr_turtlebot'}
[0.000196] (nuturtlebot_msgs) JobQueued: {'identifier': 'nuturtlebot_msgs', 'dependencies': OrderedDict()}
[0.000206] (nuturtlebot_msgs) JobStarted: {'identifier': 'nuturtlebot_msgs'}
[0.019955] (nuturtlebot_msgs) JobProgress: {'identifier': 'nuturtlebot_msgs', 'progress': 'cmake'}
[0.020122] (nuturtlebot_msgs) Command: {'cmd': ['/usr/bin/cmake', '/ros_ws/src/nuturtlebot_msgs', '-DCMAKE_TOOLCHAIN_FILE=/toolchain.cmake', '-DCMAKE_INSTALL_PREFIX=aarch64_install', '-DCMAKE_INSTALL_PREFIX=/ros_ws/aarch64_install/nuturtlebot_msgs'], 'cwd': '/ros_ws/aarch64_build/nuturtlebot_msgs', 'env': OrderedDict([('HOSTNAME', 'a7b0418f84a5'), ('LD_LIBRARY_PATH', '/opt/ros/iron/opt/rviz_ogre_vendor/lib:/opt/ros/iron/lib/aarch64-linux-gnu:/opt/ros/iron/lib'), ('HOME', '/'), ('ROS_PYTHON_VERSION', '3'), ('ROS_DISTRO', 'iron'), ('ROS_VERSION', '2'), ('TERM', 'xterm'), ('PATH', '/opt/ros/iron/bin:/usr/local/sbin:/usr/local/bin:/usr/sbin:/usr/bin:/sbin:/bin'), ('LANG', 'en_US.UTF-8'), ('AMENT_PREFIX_PATH', '/opt/ros/iron'), ('ROS_AUTOMATIC_DISCOVERY_RANGE', 'SUBNET'), ('PWD', '/ros_ws/aarch64_build/nuturtlebot_msgs'), ('PYTHONPATH', '/opt/ros/iron/lib/python3.10/site-packages'), ('COLCON', '1'), ('CMAKE_PREFIX_PATH', '/opt/ros/iron')]), 'shell': False}
[0.028263] (nuturtlebot_msgs) StdoutLine: {'line': b'-- Found ament_cmake: 2.0.3 (/opt/ros/iron/share/ament_cmake/cmake)\n'}
[0.099517] (-) TimerEvent: {}
[0.160815] (nuturtlebot_msgs) StdoutLine: {'line': b'-- Found builtin_interfaces: 1.6.0 (/opt/ros/iron/share/builtin_interfaces/cmake)\n'}
[0.172411] (nuturtlebot_msgs) StdoutLine: {'line': b'-- Found rosidl_generator_c: 4.0.1 (/opt/ros/iron/share/rosidl_generator_c/cmake)\n'}
[0.176364] (nuturtlebot_msgs) StdoutLine: {'line': b'-- Found rosidl_generator_cpp: 4.0.1 (/opt/ros/iron/share/rosidl_generator_cpp/cmake)\n'}
[0.182112] (nuturtlebot_msgs) StdoutLine: {'line': b'-- Using all available rosidl_typesupport_c: rosidl_typesupport_fastrtps_c;rosidl_typesupport_introspection_c\n'}
[0.189576] (nuturtlebot_msgs) StdoutLine: {'line': b'-- Using all available rosidl_typesupport_cpp: rosidl_typesupport_fastrtps_cpp;rosidl_typesupport_introspection_cpp\n'}
[0.196565] (nuturtlebot_msgs) StdoutLine: {'line': b'-- Found rosidl_default_generators: 1.5.0 (/opt/ros/iron/share/rosidl_default_generators/cmake)\n'}
[0.199580] (-) TimerEvent: {}
[0.200060] (nuturtlebot_msgs) StdoutLine: {'line': b'-- Found rosidl_adapter: 4.0.1 (/opt/ros/iron/share/rosidl_adapter/cmake)\n'}
[0.299723] (-) TimerEvent: {}
[0.400006] (-) TimerEvent: {}
[0.422126] (nuturtlebot_msgs) StdoutLine: {'line': b'-- Found ament_cmake_ros: 0.11.2 (/opt/ros/iron/share/ament_cmake_ros/cmake)\n'}
[0.500134] (-) TimerEvent: {}
[0.600435] (-) TimerEvent: {}
[0.664351] (nuturtlebot_msgs) StdoutLine: {'line': b'-- Using all available rosidl_typesupport_c: rosidl_typesupport_fastrtps_c;rosidl_typesupport_introspection_c\n'}
[0.700564] (-) TimerEvent: {}
[0.735622] (nuturtlebot_msgs) StdoutLine: {'line': b'-- Using all available rosidl_typesupport_cpp: rosidl_typesupport_fastrtps_cpp;rosidl_typesupport_introspection_cpp\n'}
[0.755347] (nuturtlebot_msgs) StdoutLine: {'line': b'-- Found python_cmake_module: 0.10.2 (/opt/ros/iron/share/python_cmake_module/cmake)\n'}
[0.769364] (nuturtlebot_msgs) StdoutLine: {'line': b'-- Using PYTHON_EXECUTABLE: /usr/bin/python3\n'}
[0.769505] (nuturtlebot_msgs) StdoutLine: {'line': b'-- Using PYTHON_INCLUDE_DIRS: /usr/include/python3.10\n'}
[0.769558] (nuturtlebot_msgs) StdoutLine: {'line': b'-- Using PYTHON_LIBRARIES: /usr/lib/aarch64-linux-gnu/libpython3.10.so\n'}
[0.779997] (nuturtlebot_msgs) StdoutLine: {'line': b'-- Configuring done\n'}
[0.794074] (nuturtlebot_msgs) StdoutLine: {'line': b'-- Generating done\n'}
[0.795243] (nuturtlebot_msgs) StdoutLine: {'line': b'-- Build files have been written to: /ros_ws/aarch64_build/nuturtlebot_msgs\n'}
[0.797904] (nuturtlebot_msgs) CommandEnded: {'returncode': 0}
[0.798116] (nuturtlebot_msgs) JobProgress: {'identifier': 'nuturtlebot_msgs', 'progress': 'build'}
[0.798832] (nuturtlebot_msgs) Command: {'cmd': ['/usr/bin/cmake', '--build', '/ros_ws/aarch64_build/nuturtlebot_msgs', '--', '-j32', '-l32'], 'cwd': '/ros_ws/aarch64_build/nuturtlebot_msgs', 'env': OrderedDict([('HOSTNAME', 'a7b0418f84a5'), ('LD_LIBRARY_PATH', '/opt/ros/iron/opt/rviz_ogre_vendor/lib:/opt/ros/iron/lib/aarch64-linux-gnu:/opt/ros/iron/lib'), ('HOME', '/'), ('ROS_PYTHON_VERSION', '3'), ('ROS_DISTRO', 'iron'), ('ROS_VERSION', '2'), ('TERM', 'xterm'), ('PATH', '/opt/ros/iron/bin:/usr/local/sbin:/usr/local/bin:/usr/sbin:/usr/bin:/sbin:/bin'), ('LANG', 'en_US.UTF-8'), ('AMENT_PREFIX_PATH', '/opt/ros/iron'), ('ROS_AUTOMATIC_DISCOVERY_RANGE', 'SUBNET'), ('PWD', '/ros_ws/aarch64_build/nuturtlebot_msgs'), ('PYTHONPATH', '/opt/ros/iron/lib/python3.10/site-packages'), ('COLCON', '1'), ('CMAKE_PREFIX_PATH', '/opt/ros/iron')]), 'shell': False}
[0.800630] (-) TimerEvent: {}
[0.832859] (nuturtlebot_msgs) StdoutLine: {'line': b'[  2%] \x1b[34m\x1b[1mGenerating type hashes for ROS interfaces\x1b[0m\n'}
[0.840058] (nuturtlebot_msgs) StdoutLine: {'line': b'[  2%] Built target ament_cmake_python_copy_nuturtlebot_msgs\n'}
[0.900799] (-) TimerEvent: {}
[1.001077] (-) TimerEvent: {}
[1.014426] (nuturtlebot_msgs) StdoutLine: {'line': b'[  2%] Built target nuturtlebot_msgs__rosidl_generator_type_description\n'}
[1.017644] (nuturtlebot_msgs) StdoutLine: {'line': b'running egg_info\n'}
[1.017946] (nuturtlebot_msgs) StdoutLine: {'line': b'creating nuturtlebot_msgs.egg-info\n'}
[1.018011] (nuturtlebot_msgs) StdoutLine: {'line': b'writing nuturtlebot_msgs.egg-info/PKG-INFO\n'}
[1.018038] (nuturtlebot_msgs) StdoutLine: {'line': b'writing dependency_links to nuturtlebot_msgs.egg-info/dependency_links.txt\n'}
[1.018063] (nuturtlebot_msgs) StdoutLine: {'line': b'writing top-level names to nuturtlebot_msgs.egg-info/top_level.txt\n'}
[1.018106] (nuturtlebot_msgs) StdoutLine: {'line': b"writing manifest file 'nuturtlebot_msgs.egg-info/SOURCES.txt'\n"}
[1.019067] (nuturtlebot_msgs) StdoutLine: {'line': b"reading manifest file 'nuturtlebot_msgs.egg-info/SOURCES.txt'\n"}
[1.019138] (nuturtlebot_msgs) StdoutLine: {'line': b"writing manifest file 'nuturtlebot_msgs.egg-info/SOURCES.txt'\n"}
[1.021855] (nuturtlebot_msgs) StdoutLine: {'line': b'[  4%] \x1b[34m\x1b[1mGenerating C code for ROS interfaces\x1b[0m\n'}
[1.028892] (nuturtlebot_msgs) StdoutLine: {'line': b'[  6%] \x1b[34m\x1b[1mGenerating C++ code for ROS interfaces\x1b[0m\n'}
[1.033455] (nuturtlebot_msgs) StdoutLine: {'line': b'[  6%] Built target ament_cmake_python_build_nuturtlebot_msgs_egg\n'}
[1.101283] (-) TimerEvent: {}
[1.201598] (-) TimerEvent: {}
[1.245668] (nuturtlebot_msgs) StdoutLine: {'line': b'[  6%] Built target nuturtlebot_msgs__cpp\n'}
[1.264817] (nuturtlebot_msgs) StdoutLine: {'line': b'[  9%] \x1b[32mBuilding C object CMakeFiles/nuturtlebot_msgs__rosidl_generator_c.dir/rosidl_generator_c/nuturtlebot_msgs/msg/detail/wheel_commands__description.c.o\x1b[0m\n'}
[1.265007] (nuturtlebot_msgs) StdoutLine: {'line': b'[ 11%] \x1b[32mBuilding C object CMakeFiles/nuturtlebot_msgs__rosidl_generator_c.dir/rosidl_generator_c/nuturtlebot_msgs/msg/detail/sensor_data__description.c.o\x1b[0m\n'}
[1.265254] (nuturtlebot_msgs) StdoutLine: {'line': b'[ 13%] \x1b[32mBuilding C object CMakeFiles/nuturtlebot_msgs__rosidl_generator_c.dir/rosidl_generator_c/nuturtlebot_msgs/msg/detail/sensor_data__functions.c.o\x1b[0m\n'}
[1.266129] (nuturtlebot_msgs) StdoutLine: {'line': b'[ 15%] \x1b[32mBuilding C object CMakeFiles/nuturtlebot_msgs__rosidl_generator_c.dir/rosidl_generator_c/nuturtlebot_msgs/msg/detail/sensor_data__type_support.c.o\x1b[0m\n'}
[1.266465] (nuturtlebot_msgs) StdoutLine: {'line': b'[ 18%] \x1b[32mBuilding C object CMakeFiles/nuturtlebot_msgs__rosidl_generator_c.dir/rosidl_generator_c/nuturtlebot_msgs/msg/detail/wheel_commands__type_support.c.o\x1b[0m\n'}
[1.266560] (nuturtlebot_msgs) StdoutLine: {'line': b'[ 20%] \x1b[32mBuilding C object CMakeFiles/nuturtlebot_msgs__rosidl_generator_c.dir/rosidl_generator_c/nuturtlebot_msgs/msg/detail/wheel_commands__functions.c.o\x1b[0m\n'}
[1.301804] (-) TimerEvent: {}
[1.302536] (nuturtlebot_msgs) StdoutLine: {'line': b'[ 22%] \x1b[32m\x1b[1mLinking C shared library libnuturtlebot_msgs__rosidl_generator_c.so\x1b[0m\n'}
[1.332944] (nuturtlebot_msgs) StdoutLine: {'line': b'[ 22%] Built target nuturtlebot_msgs__rosidl_generator_c\n'}
[1.344789] (nuturtlebot_msgs) StdoutLine: {'line': b'[ 25%] \x1b[34m\x1b[1mGenerating C type support dispatch for ROS interfaces\x1b[0m\n'}
[1.345242] (nuturtlebot_msgs) StdoutLine: {'line': b'[ 29%] \x1b[34m\x1b[1mGenerating C type support for eProsima Fast-RTPS\x1b[0m\n'}
[1.345448] (nuturtlebot_msgs) StdoutLine: {'line': b'[ 27%] \x1b[34m\x1b[1mGenerating C++ type support dispatch for ROS interfaces\x1b[0m\n'}
[1.345528] (nuturtlebot_msgs) StdoutLine: {'line': b'[ 31%] \x1b[34m\x1b[1mGenerating C++ type support for eProsima Fast-RTPS\x1b[0m\n'}
[1.346180] (nuturtlebot_msgs) StdoutLine: {'line': b'[ 34%] \x1b[34m\x1b[1mGenerating C++ introspection for ROS interfaces\x1b[0m\n'}
[1.347152] (nuturtlebot_msgs) StdoutLine: {'line': b'[ 36%] \x1b[34m\x1b[1mGenerating C introspection for ROS interfaces\x1b[0m\n'}
[1.402011] (-) TimerEvent: {}
[1.502382] (-) TimerEvent: {}
[1.568891] (nuturtlebot_msgs) StdoutLine: {'line': b'[ 38%] \x1b[32mBuilding CXX object CMakeFiles/nuturtlebot_msgs__rosidl_typesupport_c.dir/rosidl_typesupport_c/nuturtlebot_msgs/msg/sensor_data__type_support.cpp.o\x1b[0m\n'}
[1.569209] (nuturtlebot_msgs) StdoutLine: {'line': b'[ 43%] \x1b[32mBuilding CXX object CMakeFiles/nuturtlebot_msgs__rosidl_typesupport_c.dir/rosidl_typesupport_c/nuturtlebot_msgs/msg/wheel_commands__type_support.cpp.o\x1b[0m\n'}
[1.569295] (nuturtlebot_msgs) StdoutLine: {'line': b'[ 43%] \x1b[32mBuilding CXX object CMakeFiles/nuturtlebot_msgs__rosidl_typesupport_cpp.dir/rosidl_typesupport_cpp/nuturtlebot_msgs/msg/sensor_data__type_support.cpp.o\x1b[0m\n'}
[1.570921] (nuturtlebot_msgs) StdoutLine: {'line': b'[ 45%] \x1b[32mBuilding CXX object CMakeFiles/nuturtlebot_msgs__rosidl_typesupport_cpp.dir/rosidl_typesupport_cpp/nuturtlebot_msgs/msg/wheel_commands__type_support.cpp.o\x1b[0m\n'}
[1.575831] (nuturtlebot_msgs) StdoutLine: {'line': b'[ 47%] \x1b[32mBuilding CXX object CMakeFiles/nuturtlebot_msgs__rosidl_typesupport_introspection_cpp.dir/rosidl_typesupport_introspection_cpp/nuturtlebot_msgs/msg/detail/sensor_data__type_support.cpp.o\x1b[0m\n'}
[1.575991] (nuturtlebot_msgs) StdoutLine: {'line': b'[ 50%] \x1b[32mBuilding CXX object CMakeFiles/nuturtlebot_msgs__rosidl_typesupport_introspection_cpp.dir/rosidl_typesupport_introspection_cpp/nuturtlebot_msgs/msg/detail/wheel_commands__type_support.cpp.o\x1b[0m\n'}
[1.579563] (nuturtlebot_msgs) StdoutLine: {'line': b'[ 52%] \x1b[32mBuilding C object CMakeFiles/nuturtlebot_msgs__rosidl_typesupport_introspection_c.dir/rosidl_typesupport_introspection_c/nuturtlebot_msgs/msg/detail/sensor_data__type_support.c.o\x1b[0m\n'}
[1.579709] (nuturtlebot_msgs) StdoutLine: {'line': b'[ 54%] \x1b[32mBuilding C object CMakeFiles/nuturtlebot_msgs__rosidl_typesupport_introspection_c.dir/rosidl_typesupport_introspection_c/nuturtlebot_msgs/msg/detail/wheel_commands__type_support.c.o\x1b[0m\n'}
[1.586119] (nuturtlebot_msgs) StdoutLine: {'line': b'[ 56%] \x1b[32mBuilding CXX object CMakeFiles/nuturtlebot_msgs__rosidl_typesupport_fastrtps_c.dir/rosidl_typesupport_fastrtps_c/nuturtlebot_msgs/msg/detail/sensor_data__type_support_c.cpp.o\x1b[0m\n'}
[1.586469] (nuturtlebot_msgs) StdoutLine: {'line': b'[ 59%] \x1b[32mBuilding CXX object CMakeFiles/nuturtlebot_msgs__rosidl_typesupport_fastrtps_cpp.dir/rosidl_typesupport_fastrtps_cpp/nuturtlebot_msgs/msg/detail/dds_fastrtps/sensor_data__type_support.cpp.o\x1b[0m\n'}
[1.586542] (nuturtlebot_msgs) StdoutLine: {'line': b'[ 61%] \x1b[32mBuilding CXX object CMakeFiles/nuturtlebot_msgs__rosidl_typesupport_fastrtps_c.dir/rosidl_typesupport_fastrtps_c/nuturtlebot_msgs/msg/detail/wheel_commands__type_support_c.cpp.o\x1b[0m\n'}
[1.587228] (nuturtlebot_msgs) StdoutLine: {'line': b'[ 63%] \x1b[32mBuilding CXX object CMakeFiles/nuturtlebot_msgs__rosidl_typesupport_fastrtps_cpp.dir/rosidl_typesupport_fastrtps_cpp/nuturtlebot_msgs/msg/detail/dds_fastrtps/wheel_commands__type_support.cpp.o\x1b[0m\n'}
[1.602528] (-) TimerEvent: {}
[1.604852] (nuturtlebot_msgs) StdoutLine: {'line': b'[ 65%] \x1b[32m\x1b[1mLinking CXX shared library libnuturtlebot_msgs__rosidl_typesupport_c.so\x1b[0m\n'}
[1.606905] (nuturtlebot_msgs) StdoutLine: {'line': b'[ 68%] \x1b[32m\x1b[1mLinking C shared library libnuturtlebot_msgs__rosidl_typesupport_introspection_c.so\x1b[0m\n'}
[1.631605] (nuturtlebot_msgs) StdoutLine: {'line': b'[ 68%] Built target nuturtlebot_msgs__rosidl_typesupport_introspection_c\n'}
[1.631903] (nuturtlebot_msgs) StdoutLine: {'line': b'[ 68%] Built target nuturtlebot_msgs__rosidl_typesupport_c\n'}
[1.702737] (-) TimerEvent: {}
[1.794482] (nuturtlebot_msgs) StdoutLine: {'line': b'[ 70%] \x1b[32m\x1b[1mLinking CXX shared library libnuturtlebot_msgs__rosidl_typesupport_cpp.so\x1b[0m\n'}
[1.801334] (nuturtlebot_msgs) StdoutLine: {'line': b'[ 72%] \x1b[32m\x1b[1mLinking CXX shared library libnuturtlebot_msgs__rosidl_typesupport_fastrtps_c.so\x1b[0m\n'}
[1.802870] (-) TimerEvent: {}
[1.822530] (nuturtlebot_msgs) StdoutLine: {'line': b'[ 72%] Built target nuturtlebot_msgs__rosidl_typesupport_cpp\n'}
[1.827560] (nuturtlebot_msgs) StdoutLine: {'line': b'[ 75%] \x1b[32m\x1b[1mLinking CXX shared library libnuturtlebot_msgs__rosidl_typesupport_introspection_cpp.so\x1b[0m\n'}
[1.844580] (nuturtlebot_msgs) StdoutLine: {'line': b'[ 75%] Built target nuturtlebot_msgs__rosidl_typesupport_fastrtps_c\n'}
[1.864068] (nuturtlebot_msgs) StdoutLine: {'line': b'[ 75%] Built target nuturtlebot_msgs__rosidl_typesupport_introspection_cpp\n'}
[1.878530] (nuturtlebot_msgs) StdoutLine: {'line': b'[ 77%] \x1b[32m\x1b[1mLinking CXX shared library libnuturtlebot_msgs__rosidl_typesupport_fastrtps_cpp.so\x1b[0m\n'}
[1.903044] (-) TimerEvent: {}
[1.924350] (nuturtlebot_msgs) StdoutLine: {'line': b'[ 77%] Built target nuturtlebot_msgs__rosidl_typesupport_fastrtps_cpp\n'}
[1.946002] (nuturtlebot_msgs) StdoutLine: {'line': b'[ 77%] Built target nuturtlebot_msgs\n'}
[1.974126] (nuturtlebot_msgs) StdoutLine: {'line': b'[ 79%] \x1b[34m\x1b[1mGenerating Python code for ROS interfaces\x1b[0m\n'}
[2.003216] (-) TimerEvent: {}
[2.103553] (-) TimerEvent: {}
[2.203901] (-) TimerEvent: {}
[2.279721] (nuturtlebot_msgs) StdoutLine: {'line': b'[ 79%] Built target nuturtlebot_msgs__py\n'}
[2.295685] (nuturtlebot_msgs) StdoutLine: {'line': b'[ 81%] \x1b[32mBuilding C object CMakeFiles/nuturtlebot_msgs__rosidl_generator_py.dir/rosidl_generator_py/nuturtlebot_msgs/msg/_wheel_commands_s.c.o\x1b[0m\n'}
[2.297986] (nuturtlebot_msgs) StdoutLine: {'line': b'[ 84%] \x1b[32mBuilding C object CMakeFiles/nuturtlebot_msgs__rosidl_generator_py.dir/rosidl_generator_py/nuturtlebot_msgs/msg/_sensor_data_s.c.o\x1b[0m\n'}
[2.304108] (-) TimerEvent: {}
[2.365697] (nuturtlebot_msgs) StdoutLine: {'line': b'[ 86%] \x1b[32m\x1b[1mLinking C shared library rosidl_generator_py/nuturtlebot_msgs/libnuturtlebot_msgs__rosidl_generator_py.so\x1b[0m\n'}
[2.404272] (nuturtlebot_msgs) StdoutLine: {'line': b'[ 86%] Built target nuturtlebot_msgs__rosidl_generator_py\n'}
[2.404612] (-) TimerEvent: {}
[2.434015] (nuturtlebot_msgs) StdoutLine: {'line': b'[ 88%] \x1b[32mBuilding C object CMakeFiles/nuturtlebot_msgs__rosidl_typesupport_fastrtps_c__pyext.dir/rosidl_generator_py/nuturtlebot_msgs/_nuturtlebot_msgs_s.ep.rosidl_typesupport_fastrtps_c.c.o\x1b[0m\n'}
[2.434291] (nuturtlebot_msgs) StdoutLine: {'line': b'[ 90%] \x1b[32mBuilding C object CMakeFiles/nuturtlebot_msgs__rosidl_typesupport_introspection_c__pyext.dir/rosidl_generator_py/nuturtlebot_msgs/_nuturtlebot_msgs_s.ep.rosidl_typesupport_introspection_c.c.o\x1b[0m\n'}
[2.434556] (nuturtlebot_msgs) StdoutLine: {'line': b'[ 93%] \x1b[32mBuilding C object CMakeFiles/nuturtlebot_msgs__rosidl_typesupport_c__pyext.dir/rosidl_generator_py/nuturtlebot_msgs/_nuturtlebot_msgs_s.ep.rosidl_typesupport_c.c.o\x1b[0m\n'}
[2.504748] (-) TimerEvent: {}
[2.506160] (nuturtlebot_msgs) StdoutLine: {'line': b'[ 95%] \x1b[32m\x1b[1mLinking C shared library rosidl_generator_py/nuturtlebot_msgs/nuturtlebot_msgs_s__rosidl_typesupport_fastrtps_c.cpython-310-x86_64-linux-gnu.so\x1b[0m\n'}
[2.506394] (nuturtlebot_msgs) StdoutLine: {'line': b'[100%] \x1b[32m\x1b[1mLinking C shared library rosidl_generator_py/nuturtlebot_msgs/nuturtlebot_msgs_s__rosidl_typesupport_c.cpython-310-x86_64-linux-gnu.so\x1b[0m\n'}
[2.506472] (nuturtlebot_msgs) StdoutLine: {'line': b'[100%] \x1b[32m\x1b[1mLinking C shared library rosidl_generator_py/nuturtlebot_msgs/nuturtlebot_msgs_s__rosidl_typesupport_introspection_c.cpython-310-x86_64-linux-gnu.so\x1b[0m\n'}
[2.531528] (nuturtlebot_msgs) StdoutLine: {'line': b'[100%] Built target nuturtlebot_msgs__rosidl_typesupport_c__pyext\n'}
[2.531930] (nuturtlebot_msgs) StdoutLine: {'line': b'[100%] Built target nuturtlebot_msgs__rosidl_typesupport_fastrtps_c__pyext\n'}
[2.532048] (nuturtlebot_msgs) StdoutLine: {'line': b'[100%] Built target nuturtlebot_msgs__rosidl_typesupport_introspection_c__pyext\n'}
[2.544716] (nuturtlebot_msgs) CommandEnded: {'returncode': 0}
[2.604913] (-) TimerEvent: {}
[2.686550] (nuturtlebot_msgs) JobProgress: {'identifier': 'nuturtlebot_msgs', 'progress': 'install'}
[2.698751] (nuturtlebot_msgs) Command: {'cmd': ['/usr/bin/cmake', '--install', '/ros_ws/aarch64_build/nuturtlebot_msgs'], 'cwd': '/ros_ws/aarch64_build/nuturtlebot_msgs', 'env': OrderedDict([('HOSTNAME', 'a7b0418f84a5'), ('LD_LIBRARY_PATH', '/opt/ros/iron/opt/rviz_ogre_vendor/lib:/opt/ros/iron/lib/aarch64-linux-gnu:/opt/ros/iron/lib'), ('HOME', '/'), ('ROS_PYTHON_VERSION', '3'), ('ROS_DISTRO', 'iron'), ('ROS_VERSION', '2'), ('TERM', 'xterm'), ('PATH', '/opt/ros/iron/bin:/usr/local/sbin:/usr/local/bin:/usr/sbin:/usr/bin:/sbin:/bin'), ('LANG', 'en_US.UTF-8'), ('AMENT_PREFIX_PATH', '/opt/ros/iron'), ('ROS_AUTOMATIC_DISCOVERY_RANGE', 'SUBNET'), ('PWD', '/ros_ws/aarch64_build/nuturtlebot_msgs'), ('PYTHONPATH', '/opt/ros/iron/lib/python3.10/site-packages'), ('COLCON', '1'), ('CMAKE_PREFIX_PATH', '/opt/ros/iron')]), 'shell': False}
[2.705003] (-) TimerEvent: {}
[2.709282] (nuturtlebot_msgs) StdoutLine: {'line': b'-- Install configuration: ""\n'}
[2.709386] (nuturtlebot_msgs) StdoutLine: {'line': b'-- Installing: /ros_ws/aarch64_install/nuturtlebot_msgs/share/ament_index/resource_index/rosidl_interfaces/nuturtlebot_msgs\n'}
[2.709417] (nuturtlebot_msgs) StdoutLine: {'line': b'-- Installing: /ros_ws/aarch64_install/nuturtlebot_msgs/share/nuturtlebot_msgs/msg/SensorData.json\n'}
[2.709440] (nuturtlebot_msgs) StdoutLine: {'line': b'-- Installing: /ros_ws/aarch64_install/nuturtlebot_msgs/share/nuturtlebot_msgs/msg/WheelCommands.json\n'}
[2.709464] (nuturtlebot_msgs) StdoutLine: {'line': b'-- Installing: /ros_ws/aarch64_install/nuturtlebot_msgs/include/nuturtlebot_msgs/nuturtlebot_msgs\n'}
[2.709486] (nuturtlebot_msgs) StdoutLine: {'line': b'-- Installing: /ros_ws/aarch64_install/nuturtlebot_msgs/include/nuturtlebot_msgs/nuturtlebot_msgs/msg\n'}
[2.709509] (nuturtlebot_msgs) StdoutLine: {'line': b'-- Installing: /ros_ws/aarch64_install/nuturtlebot_msgs/include/nuturtlebot_msgs/nuturtlebot_msgs/msg/rosidl_generator_c__visibility_control.h\n'}
[2.709533] (nuturtlebot_msgs) StdoutLine: {'line': b'-- Installing: /ros_ws/aarch64_install/nuturtlebot_msgs/include/nuturtlebot_msgs/nuturtlebot_msgs/msg/detail\n'}
[2.709576] (nuturtlebot_msgs) StdoutLine: {'line': b'-- Installing: /ros_ws/aarch64_install/nuturtlebot_msgs/include/nuturtlebot_msgs/nuturtlebot_msgs/msg/detail/sensor_data__type_support.c\n'}
[2.709635] (nuturtlebot_msgs) StdoutLine: {'line': b'-- Installing: /ros_ws/aarch64_install/nuturtlebot_msgs/include/nuturtlebot_msgs/nuturtlebot_msgs/msg/detail/sensor_data__struct.h\n'}
[2.709662] (nuturtlebot_msgs) StdoutLine: {'line': b'-- Installing: /ros_ws/aarch64_install/nuturtlebot_msgs/include/nuturtlebot_msgs/nuturtlebot_msgs/msg/detail/sensor_data__description.c\n'}
[2.709685] (nuturtlebot_msgs) StdoutLine: {'line': b'-- Installing: /ros_ws/aarch64_install/nuturtlebot_msgs/include/nuturtlebot_msgs/nuturtlebot_msgs/msg/detail/wheel_commands__type_support.c\n'}
[2.709724] (nuturtlebot_msgs) StdoutLine: {'line': b'-- Installing: /ros_ws/aarch64_install/nuturtlebot_msgs/include/nuturtlebot_msgs/nuturtlebot_msgs/msg/detail/sensor_data__functions.c\n'}
[2.709745] (nuturtlebot_msgs) StdoutLine: {'line': b'-- Installing: /ros_ws/aarch64_install/nuturtlebot_msgs/include/nuturtlebot_msgs/nuturtlebot_msgs/msg/detail/wheel_commands__functions.h\n'}
[2.709767] (nuturtlebot_msgs) StdoutLine: {'line': b'-- Installing: /ros_ws/aarch64_install/nuturtlebot_msgs/include/nuturtlebot_msgs/nuturtlebot_msgs/msg/detail/sensor_data__functions.h\n'}
[2.709789] (nuturtlebot_msgs) StdoutLine: {'line': b'-- Installing: /ros_ws/aarch64_install/nuturtlebot_msgs/include/nuturtlebot_msgs/nuturtlebot_msgs/msg/detail/wheel_commands__description.c\n'}
[2.709813] (nuturtlebot_msgs) StdoutLine: {'line': b'-- Installing: /ros_ws/aarch64_install/nuturtlebot_msgs/include/nuturtlebot_msgs/nuturtlebot_msgs/msg/detail/wheel_commands__struct.h\n'}
[2.709835] (nuturtlebot_msgs) StdoutLine: {'line': b'-- Installing: /ros_ws/aarch64_install/nuturtlebot_msgs/include/nuturtlebot_msgs/nuturtlebot_msgs/msg/detail/sensor_data__type_support.h\n'}
[2.709875] (nuturtlebot_msgs) StdoutLine: {'line': b'-- Installing: /ros_ws/aarch64_install/nuturtlebot_msgs/include/nuturtlebot_msgs/nuturtlebot_msgs/msg/detail/wheel_commands__type_support.h\n'}
[2.709906] (nuturtlebot_msgs) StdoutLine: {'line': b'-- Installing: /ros_ws/aarch64_install/nuturtlebot_msgs/include/nuturtlebot_msgs/nuturtlebot_msgs/msg/detail/wheel_commands__functions.c\n'}
[2.709928] (nuturtlebot_msgs) StdoutLine: {'line': b'-- Installing: /ros_ws/aarch64_install/nuturtlebot_msgs/include/nuturtlebot_msgs/nuturtlebot_msgs/msg/sensor_data.h\n'}
[2.709951] (nuturtlebot_msgs) StdoutLine: {'line': b'-- Installing: /ros_ws/aarch64_install/nuturtlebot_msgs/include/nuturtlebot_msgs/nuturtlebot_msgs/msg/wheel_commands.h\n'}
[2.709992] (nuturtlebot_msgs) StdoutLine: {'line': b'-- Installing: /ros_ws/aarch64_install/nuturtlebot_msgs/share/nuturtlebot_msgs/environment/library_path.sh\n'}
[2.710027] (nuturtlebot_msgs) StdoutLine: {'line': b'-- Installing: /ros_ws/aarch64_install/nuturtlebot_msgs/share/nuturtlebot_msgs/environment/library_path.dsv\n'}
[2.710067] (nuturtlebot_msgs) StdoutLine: {'line': b'-- Installing: /ros_ws/aarch64_install/nuturtlebot_msgs/lib/libnuturtlebot_msgs__rosidl_generator_c.so\n'}
[2.710199] (nuturtlebot_msgs) StdoutLine: {'line': b'-- Set runtime path of "/ros_ws/aarch64_install/nuturtlebot_msgs/lib/libnuturtlebot_msgs__rosidl_generator_c.so" to ""\n'}
[2.710265] (nuturtlebot_msgs) StdoutLine: {'line': b'-- Up-to-date: /ros_ws/aarch64_install/nuturtlebot_msgs/include/nuturtlebot_msgs/nuturtlebot_msgs\n'}
[2.710396] (nuturtlebot_msgs) StdoutLine: {'line': b'-- Up-to-date: /ros_ws/aarch64_install/nuturtlebot_msgs/include/nuturtlebot_msgs/nuturtlebot_msgs/msg\n'}
[2.710453] (nuturtlebot_msgs) StdoutLine: {'line': b'-- Up-to-date: /ros_ws/aarch64_install/nuturtlebot_msgs/include/nuturtlebot_msgs/nuturtlebot_msgs/msg/detail\n'}
[2.710523] (nuturtlebot_msgs) StdoutLine: {'line': b'-- Installing: /ros_ws/aarch64_install/nuturtlebot_msgs/include/nuturtlebot_msgs/nuturtlebot_msgs/msg/detail/wheel_commands__rosidl_typesupport_fastrtps_c.h\n'}
[2.710552] (nuturtlebot_msgs) StdoutLine: {'line': b'-- Installing: /ros_ws/aarch64_install/nuturtlebot_msgs/include/nuturtlebot_msgs/nuturtlebot_msgs/msg/detail/sensor_data__rosidl_typesupport_fastrtps_c.h\n'}
[2.710580] (nuturtlebot_msgs) StdoutLine: {'line': b'-- Installing: /ros_ws/aarch64_install/nuturtlebot_msgs/include/nuturtlebot_msgs/nuturtlebot_msgs/msg/rosidl_typesupport_fastrtps_c__visibility_control.h\n'}
[2.710644] (nuturtlebot_msgs) StdoutLine: {'line': b'-- Installing: /ros_ws/aarch64_install/nuturtlebot_msgs/lib/libnuturtlebot_msgs__rosidl_typesupport_fastrtps_c.so\n'}
[2.710672] (nuturtlebot_msgs) StdoutLine: {'line': b'-- Set runtime path of "/ros_ws/aarch64_install/nuturtlebot_msgs/lib/libnuturtlebot_msgs__rosidl_typesupport_fastrtps_c.so" to ""\n'}
[2.710696] (nuturtlebot_msgs) StdoutLine: {'line': b'-- Up-to-date: /ros_ws/aarch64_install/nuturtlebot_msgs/include/nuturtlebot_msgs/nuturtlebot_msgs\n'}
[2.710753] (nuturtlebot_msgs) StdoutLine: {'line': b'-- Up-to-date: /ros_ws/aarch64_install/nuturtlebot_msgs/include/nuturtlebot_msgs/nuturtlebot_msgs/msg\n'}
[2.710778] (nuturtlebot_msgs) StdoutLine: {'line': b'-- Up-to-date: /ros_ws/aarch64_install/nuturtlebot_msgs/include/nuturtlebot_msgs/nuturtlebot_msgs/msg/detail\n'}
[2.710801] (nuturtlebot_msgs) StdoutLine: {'line': b'-- Installing: /ros_ws/aarch64_install/nuturtlebot_msgs/include/nuturtlebot_msgs/nuturtlebot_msgs/msg/detail/wheel_commands__builder.hpp\n'}
[2.710826] (nuturtlebot_msgs) StdoutLine: {'line': b'-- Installing: /ros_ws/aarch64_install/nuturtlebot_msgs/include/nuturtlebot_msgs/nuturtlebot_msgs/msg/detail/sensor_data__traits.hpp\n'}
[2.710850] (nuturtlebot_msgs) StdoutLine: {'line': b'-- Installing: /ros_ws/aarch64_install/nuturtlebot_msgs/include/nuturtlebot_msgs/nuturtlebot_msgs/msg/detail/wheel_commands__struct.hpp\n'}
[2.710872] (nuturtlebot_msgs) StdoutLine: {'line': b'-- Installing: /ros_ws/aarch64_install/nuturtlebot_msgs/include/nuturtlebot_msgs/nuturtlebot_msgs/msg/detail/wheel_commands__traits.hpp\n'}
[2.710895] (nuturtlebot_msgs) StdoutLine: {'line': b'-- Installing: /ros_ws/aarch64_install/nuturtlebot_msgs/include/nuturtlebot_msgs/nuturtlebot_msgs/msg/detail/sensor_data__struct.hpp\n'}
[2.710935] (nuturtlebot_msgs) StdoutLine: {'line': b'-- Installing: /ros_ws/aarch64_install/nuturtlebot_msgs/include/nuturtlebot_msgs/nuturtlebot_msgs/msg/detail/sensor_data__builder.hpp\n'}
[2.710987] (nuturtlebot_msgs) StdoutLine: {'line': b'-- Installing: /ros_ws/aarch64_install/nuturtlebot_msgs/include/nuturtlebot_msgs/nuturtlebot_msgs/msg/wheel_commands.hpp\n'}
[2.711012] (nuturtlebot_msgs) StdoutLine: {'line': b'-- Installing: /ros_ws/aarch64_install/nuturtlebot_msgs/include/nuturtlebot_msgs/nuturtlebot_msgs/msg/sensor_data.hpp\n'}
[2.711035] (nuturtlebot_msgs) StdoutLine: {'line': b'-- Up-to-date: /ros_ws/aarch64_install/nuturtlebot_msgs/include/nuturtlebot_msgs/nuturtlebot_msgs\n'}
[2.711058] (nuturtlebot_msgs) StdoutLine: {'line': b'-- Up-to-date: /ros_ws/aarch64_install/nuturtlebot_msgs/include/nuturtlebot_msgs/nuturtlebot_msgs/msg\n'}
[2.711080] (nuturtlebot_msgs) StdoutLine: {'line': b'-- Up-to-date: /ros_ws/aarch64_install/nuturtlebot_msgs/include/nuturtlebot_msgs/nuturtlebot_msgs/msg/detail\n'}
[2.711102] (nuturtlebot_msgs) StdoutLine: {'line': b'-- Installing: /ros_ws/aarch64_install/nuturtlebot_msgs/include/nuturtlebot_msgs/nuturtlebot_msgs/msg/detail/dds_fastrtps\n'}
[2.711125] (nuturtlebot_msgs) StdoutLine: {'line': b'-- Installing: /ros_ws/aarch64_install/nuturtlebot_msgs/include/nuturtlebot_msgs/nuturtlebot_msgs/msg/detail/wheel_commands__rosidl_typesupport_fastrtps_cpp.hpp\n'}
[2.711156] (nuturtlebot_msgs) StdoutLine: {'line': b'-- Installing: /ros_ws/aarch64_install/nuturtlebot_msgs/include/nuturtlebot_msgs/nuturtlebot_msgs/msg/detail/sensor_data__rosidl_typesupport_fastrtps_cpp.hpp\n'}
[2.711201] (nuturtlebot_msgs) StdoutLine: {'line': b'-- Installing: /ros_ws/aarch64_install/nuturtlebot_msgs/include/nuturtlebot_msgs/nuturtlebot_msgs/msg/rosidl_typesupport_fastrtps_cpp__visibility_control.h\n'}
[2.711226] (nuturtlebot_msgs) StdoutLine: {'line': b'-- Installing: /ros_ws/aarch64_install/nuturtlebot_msgs/lib/libnuturtlebot_msgs__rosidl_typesupport_fastrtps_cpp.so\n'}
[2.711268] (nuturtlebot_msgs) StdoutLine: {'line': b'-- Set runtime path of "/ros_ws/aarch64_install/nuturtlebot_msgs/lib/libnuturtlebot_msgs__rosidl_typesupport_fastrtps_cpp.so" to ""\n'}
[2.711293] (nuturtlebot_msgs) StdoutLine: {'line': b'-- Up-to-date: /ros_ws/aarch64_install/nuturtlebot_msgs/include/nuturtlebot_msgs/nuturtlebot_msgs\n'}
[2.711316] (nuturtlebot_msgs) StdoutLine: {'line': b'-- Up-to-date: /ros_ws/aarch64_install/nuturtlebot_msgs/include/nuturtlebot_msgs/nuturtlebot_msgs/msg\n'}
[2.711338] (nuturtlebot_msgs) StdoutLine: {'line': b'-- Up-to-date: /ros_ws/aarch64_install/nuturtlebot_msgs/include/nuturtlebot_msgs/nuturtlebot_msgs/msg/detail\n'}
[2.711377] (nuturtlebot_msgs) StdoutLine: {'line': b'-- Up-to-date: /ros_ws/aarch64_install/nuturtlebot_msgs/include/nuturtlebot_msgs/nuturtlebot_msgs/msg/detail/sensor_data__type_support.c\n'}
[2.711399] (nuturtlebot_msgs) StdoutLine: {'line': b'-- Up-to-date: /ros_ws/aarch64_install/nuturtlebot_msgs/include/nuturtlebot_msgs/nuturtlebot_msgs/msg/detail/wheel_commands__type_support.c\n'}
[2.711421] (nuturtlebot_msgs) StdoutLine: {'line': b'-- Installing: /ros_ws/aarch64_install/nuturtlebot_msgs/include/nuturtlebot_msgs/nuturtlebot_msgs/msg/detail/sensor_data__rosidl_typesupport_introspection_c.h\n'}
[2.711443] (nuturtlebot_msgs) StdoutLine: {'line': b'-- Installing: /ros_ws/aarch64_install/nuturtlebot_msgs/include/nuturtlebot_msgs/nuturtlebot_msgs/msg/detail/wheel_commands__rosidl_typesupport_introspection_c.h\n'}
[2.711479] (nuturtlebot_msgs) StdoutLine: {'line': b'-- Installing: /ros_ws/aarch64_install/nuturtlebot_msgs/include/nuturtlebot_msgs/nuturtlebot_msgs/msg/rosidl_typesupport_introspection_c__visibility_control.h\n'}
[2.711502] (nuturtlebot_msgs) StdoutLine: {'line': b'-- Installing: /ros_ws/aarch64_install/nuturtlebot_msgs/lib/libnuturtlebot_msgs__rosidl_typesupport_introspection_c.so\n'}
[2.711539] (nuturtlebot_msgs) StdoutLine: {'line': b'-- Set runtime path of "/ros_ws/aarch64_install/nuturtlebot_msgs/lib/libnuturtlebot_msgs__rosidl_typesupport_introspection_c.so" to ""\n'}
[2.711576] (nuturtlebot_msgs) StdoutLine: {'line': b'-- Installing: /ros_ws/aarch64_install/nuturtlebot_msgs/lib/libnuturtlebot_msgs__rosidl_typesupport_c.so\n'}
[2.711618] (nuturtlebot_msgs) StdoutLine: {'line': b'-- Set runtime path of "/ros_ws/aarch64_install/nuturtlebot_msgs/lib/libnuturtlebot_msgs__rosidl_typesupport_c.so" to ""\n'}
[2.711642] (nuturtlebot_msgs) StdoutLine: {'line': b'-- Up-to-date: /ros_ws/aarch64_install/nuturtlebot_msgs/include/nuturtlebot_msgs/nuturtlebot_msgs\n'}
[2.711682] (nuturtlebot_msgs) StdoutLine: {'line': b'-- Up-to-date: /ros_ws/aarch64_install/nuturtlebot_msgs/include/nuturtlebot_msgs/nuturtlebot_msgs/msg\n'}
[2.711714] (nuturtlebot_msgs) StdoutLine: {'line': b'-- Up-to-date: /ros_ws/aarch64_install/nuturtlebot_msgs/include/nuturtlebot_msgs/nuturtlebot_msgs/msg/detail\n'}
[2.711737] (nuturtlebot_msgs) StdoutLine: {'line': b'-- Installing: /ros_ws/aarch64_install/nuturtlebot_msgs/include/nuturtlebot_msgs/nuturtlebot_msgs/msg/detail/wheel_commands__type_support.cpp\n'}
[2.711759] (nuturtlebot_msgs) StdoutLine: {'line': b'-- Installing: /ros_ws/aarch64_install/nuturtlebot_msgs/include/nuturtlebot_msgs/nuturtlebot_msgs/msg/detail/sensor_data__rosidl_typesupport_introspection_cpp.hpp\n'}
[2.711795] (nuturtlebot_msgs) StdoutLine: {'line': b'-- Installing: /ros_ws/aarch64_install/nuturtlebot_msgs/include/nuturtlebot_msgs/nuturtlebot_msgs/msg/detail/wheel_commands__rosidl_typesupport_introspection_cpp.hpp\n'}
[2.711835] (nuturtlebot_msgs) StdoutLine: {'line': b'-- Installing: /ros_ws/aarch64_install/nuturtlebot_msgs/include/nuturtlebot_msgs/nuturtlebot_msgs/msg/detail/sensor_data__type_support.cpp\n'}
[2.711879] (nuturtlebot_msgs) StdoutLine: {'line': b'-- Installing: /ros_ws/aarch64_install/nuturtlebot_msgs/lib/libnuturtlebot_msgs__rosidl_typesupport_introspection_cpp.so\n'}
[2.711991] (nuturtlebot_msgs) StdoutLine: {'line': b'-- Set runtime path of "/ros_ws/aarch64_install/nuturtlebot_msgs/lib/libnuturtlebot_msgs__rosidl_typesupport_introspection_cpp.so" to ""\n'}
[2.712071] (nuturtlebot_msgs) StdoutLine: {'line': b'-- Installing: /ros_ws/aarch64_install/nuturtlebot_msgs/lib/libnuturtlebot_msgs__rosidl_typesupport_cpp.so\n'}
[2.712224] (nuturtlebot_msgs) StdoutLine: {'line': b'-- Set runtime path of "/ros_ws/aarch64_install/nuturtlebot_msgs/lib/libnuturtlebot_msgs__rosidl_typesupport_cpp.so" to ""\n'}
[2.712306] (nuturtlebot_msgs) StdoutLine: {'line': b'-- Installing: /ros_ws/aarch64_install/nuturtlebot_msgs/share/nuturtlebot_msgs/environment/pythonpath.sh\n'}
[2.712389] (nuturtlebot_msgs) StdoutLine: {'line': b'-- Installing: /ros_ws/aarch64_install/nuturtlebot_msgs/share/nuturtlebot_msgs/environment/pythonpath.dsv\n'}
[2.712476] (nuturtlebot_msgs) StdoutLine: {'line': b'-- Installing: /ros_ws/aarch64_install/nuturtlebot_msgs/lib/python3.10/site-packages/nuturtlebot_msgs-0.0.2-py3.10.egg-info\n'}
[2.712556] (nuturtlebot_msgs) StdoutLine: {'line': b'-- Installing: /ros_ws/aarch64_install/nuturtlebot_msgs/lib/python3.10/site-packages/nuturtlebot_msgs-0.0.2-py3.10.egg-info/SOURCES.txt\n'}
[2.712629] (nuturtlebot_msgs) StdoutLine: {'line': b'-- Installing: /ros_ws/aarch64_install/nuturtlebot_msgs/lib/python3.10/site-packages/nuturtlebot_msgs-0.0.2-py3.10.egg-info/dependency_links.txt\n'}
[2.712711] (nuturtlebot_msgs) StdoutLine: {'line': b'-- Installing: /ros_ws/aarch64_install/nuturtlebot_msgs/lib/python3.10/site-packages/nuturtlebot_msgs-0.0.2-py3.10.egg-info/PKG-INFO\n'}
[2.712792] (nuturtlebot_msgs) StdoutLine: {'line': b'-- Installing: /ros_ws/aarch64_install/nuturtlebot_msgs/lib/python3.10/site-packages/nuturtlebot_msgs-0.0.2-py3.10.egg-info/top_level.txt\n'}
[2.712870] (nuturtlebot_msgs) StdoutLine: {'line': b'-- Installing: /ros_ws/aarch64_install/nuturtlebot_msgs/lib/python3.10/site-packages/nuturtlebot_msgs\n'}
[2.712951] (nuturtlebot_msgs) StdoutLine: {'line': b'-- Installing: /ros_ws/aarch64_install/nuturtlebot_msgs/lib/python3.10/site-packages/nuturtlebot_msgs/_nuturtlebot_msgs_s.ep.rosidl_typesupport_c.c\n'}
[2.713038] (nuturtlebot_msgs) StdoutLine: {'line': b'-- Installing: /ros_ws/aarch64_install/nuturtlebot_msgs/lib/python3.10/site-packages/nuturtlebot_msgs/msg\n'}
[2.713122] (nuturtlebot_msgs) StdoutLine: {'line': b'-- Installing: /ros_ws/aarch64_install/nuturtlebot_msgs/lib/python3.10/site-packages/nuturtlebot_msgs/msg/_sensor_data.py\n'}
[2.713205] (nuturtlebot_msgs) StdoutLine: {'line': b'-- Installing: /ros_ws/aarch64_install/nuturtlebot_msgs/lib/python3.10/site-packages/nuturtlebot_msgs/msg/_wheel_commands_s.c\n'}
[2.713285] (nuturtlebot_msgs) StdoutLine: {'line': b'-- Installing: /ros_ws/aarch64_install/nuturtlebot_msgs/lib/python3.10/site-packages/nuturtlebot_msgs/msg/_wheel_commands.py\n'}
[2.713379] (nuturtlebot_msgs) StdoutLine: {'line': b'-- Installing: /ros_ws/aarch64_install/nuturtlebot_msgs/lib/python3.10/site-packages/nuturtlebot_msgs/msg/_sensor_data_s.c\n'}
[2.713430] (nuturtlebot_msgs) StdoutLine: {'line': b'-- Installing: /ros_ws/aarch64_install/nuturtlebot_msgs/lib/python3.10/site-packages/nuturtlebot_msgs/msg/__init__.py\n'}
[2.713509] (nuturtlebot_msgs) StdoutLine: {'line': b'-- Installing: /ros_ws/aarch64_install/nuturtlebot_msgs/lib/python3.10/site-packages/nuturtlebot_msgs/libnuturtlebot_msgs__rosidl_generator_py.so\n'}
[2.713592] (nuturtlebot_msgs) StdoutLine: {'line': b'-- Installing: /ros_ws/aarch64_install/nuturtlebot_msgs/lib/python3.10/site-packages/nuturtlebot_msgs/nuturtlebot_msgs_s__rosidl_typesupport_introspection_c.cpython-310-x86_64-linux-gnu.so\n'}
[2.713674] (nuturtlebot_msgs) StdoutLine: {'line': b'-- Installing: /ros_ws/aarch64_install/nuturtlebot_msgs/lib/python3.10/site-packages/nuturtlebot_msgs/_nuturtlebot_msgs_s.ep.rosidl_typesupport_introspection_c.c\n'}
[2.713760] (nuturtlebot_msgs) StdoutLine: {'line': b'-- Installing: /ros_ws/aarch64_install/nuturtlebot_msgs/lib/python3.10/site-packages/nuturtlebot_msgs/__init__.py\n'}
[2.713841] (nuturtlebot_msgs) StdoutLine: {'line': b'-- Installing: /ros_ws/aarch64_install/nuturtlebot_msgs/lib/python3.10/site-packages/nuturtlebot_msgs/_nuturtlebot_msgs_s.ep.rosidl_typesupport_fastrtps_c.c\n'}
[2.713929] (nuturtlebot_msgs) StdoutLine: {'line': b'-- Installing: /ros_ws/aarch64_install/nuturtlebot_msgs/lib/python3.10/site-packages/nuturtlebot_msgs/nuturtlebot_msgs_s__rosidl_typesupport_fastrtps_c.cpython-310-x86_64-linux-gnu.so\n'}
[2.714013] (nuturtlebot_msgs) StdoutLine: {'line': b'-- Installing: /ros_ws/aarch64_install/nuturtlebot_msgs/lib/python3.10/site-packages/nuturtlebot_msgs/nuturtlebot_msgs_s__rosidl_typesupport_c.cpython-310-x86_64-linux-gnu.so\n'}
[2.752714] (nuturtlebot_msgs) StdoutLine: {'line': b"Listing '/ros_ws/aarch64_install/nuturtlebot_msgs/lib/python3.10/site-packages/nuturtlebot_msgs'...\n"}
[2.752832] (nuturtlebot_msgs) StdoutLine: {'line': b"Compiling '/ros_ws/aarch64_install/nuturtlebot_msgs/lib/python3.10/site-packages/nuturtlebot_msgs/__init__.py'...\n"}
[2.752863] (nuturtlebot_msgs) StdoutLine: {'line': b"Listing '/ros_ws/aarch64_install/nuturtlebot_msgs/lib/python3.10/site-packages/nuturtlebot_msgs/msg'...\n"}
[2.752885] (nuturtlebot_msgs) StdoutLine: {'line': b"Compiling '/ros_ws/aarch64_install/nuturtlebot_msgs/lib/python3.10/site-packages/nuturtlebot_msgs/msg/__init__.py'...\n"}
[2.752907] (nuturtlebot_msgs) StdoutLine: {'line': b"Compiling '/ros_ws/aarch64_install/nuturtlebot_msgs/lib/python3.10/site-packages/nuturtlebot_msgs/msg/_sensor_data.py'...\n"}
[2.752929] (nuturtlebot_msgs) StdoutLine: {'line': b"Compiling '/ros_ws/aarch64_install/nuturtlebot_msgs/lib/python3.10/site-packages/nuturtlebot_msgs/msg/_wheel_commands.py'...\n"}
[2.755147] (nuturtlebot_msgs) StdoutLine: {'line': b'-- Installing: /ros_ws/aarch64_install/nuturtlebot_msgs/lib/python3.10/site-packages/nuturtlebot_msgs/nuturtlebot_msgs_s__rosidl_typesupport_fastrtps_c.cpython-310-x86_64-linux-gnu.so\n'}
[2.755214] (nuturtlebot_msgs) StdoutLine: {'line': b'-- Set runtime path of "/ros_ws/aarch64_install/nuturtlebot_msgs/lib/python3.10/site-packages/nuturtlebot_msgs/nuturtlebot_msgs_s__rosidl_typesupport_fastrtps_c.cpython-310-x86_64-linux-gnu.so" to ""\n'}
[2.755245] (nuturtlebot_msgs) StdoutLine: {'line': b'-- Installing: /ros_ws/aarch64_install/nuturtlebot_msgs/lib/python3.10/site-packages/nuturtlebot_msgs/nuturtlebot_msgs_s__rosidl_typesupport_introspection_c.cpython-310-x86_64-linux-gnu.so\n'}
[2.755377] (nuturtlebot_msgs) StdoutLine: {'line': b'-- Set runtime path of "/ros_ws/aarch64_install/nuturtlebot_msgs/lib/python3.10/site-packages/nuturtlebot_msgs/nuturtlebot_msgs_s__rosidl_typesupport_introspection_c.cpython-310-x86_64-linux-gnu.so" to ""\n'}
[2.755437] (nuturtlebot_msgs) StdoutLine: {'line': b'-- Installing: /ros_ws/aarch64_install/nuturtlebot_msgs/lib/python3.10/site-packages/nuturtlebot_msgs/nuturtlebot_msgs_s__rosidl_typesupport_c.cpython-310-x86_64-linux-gnu.so\n'}
[2.755464] (nuturtlebot_msgs) StdoutLine: {'line': b'-- Set runtime path of "/ros_ws/aarch64_install/nuturtlebot_msgs/lib/python3.10/site-packages/nuturtlebot_msgs/nuturtlebot_msgs_s__rosidl_typesupport_c.cpython-310-x86_64-linux-gnu.so" to ""\n'}
[2.755487] (nuturtlebot_msgs) StdoutLine: {'line': b'-- Installing: /ros_ws/aarch64_install/nuturtlebot_msgs/lib/libnuturtlebot_msgs__rosidl_generator_py.so\n'}
[2.755613] (nuturtlebot_msgs) StdoutLine: {'line': b'-- Set runtime path of "/ros_ws/aarch64_install/nuturtlebot_msgs/lib/libnuturtlebot_msgs__rosidl_generator_py.so" to ""\n'}
[2.755781] (nuturtlebot_msgs) StdoutLine: {'line': b'-- Installing: /ros_ws/aarch64_install/nuturtlebot_msgs/share/nuturtlebot_msgs/msg/SensorData.idl\n'}
[2.755813] (nuturtlebot_msgs) StdoutLine: {'line': b'-- Installing: /ros_ws/aarch64_install/nuturtlebot_msgs/share/nuturtlebot_msgs/msg/WheelCommands.idl\n'}
[2.755838] (nuturtlebot_msgs) StdoutLine: {'line': b'-- Installing: /ros_ws/aarch64_install/nuturtlebot_msgs/share/nuturtlebot_msgs/msg/SensorData.msg\n'}
[2.755863] (nuturtlebot_msgs) StdoutLine: {'line': b'-- Installing: /ros_ws/aarch64_install/nuturtlebot_msgs/share/nuturtlebot_msgs/msg/WheelCommands.msg\n'}
[2.755887] (nuturtlebot_msgs) StdoutLine: {'line': b'-- Installing: /ros_ws/aarch64_install/nuturtlebot_msgs/share/ament_index/resource_index/package_run_dependencies/nuturtlebot_msgs\n'}
[2.756058] (nuturtlebot_msgs) StdoutLine: {'line': b'-- Installing: /ros_ws/aarch64_install/nuturtlebot_msgs/share/ament_index/resource_index/parent_prefix_path/nuturtlebot_msgs\n'}
[2.756124] (nuturtlebot_msgs) StdoutLine: {'line': b'-- Installing: /ros_ws/aarch64_install/nuturtlebot_msgs/share/nuturtlebot_msgs/environment/ament_prefix_path.sh\n'}
[2.756152] (nuturtlebot_msgs) StdoutLine: {'line': b'-- Installing: /ros_ws/aarch64_install/nuturtlebot_msgs/share/nuturtlebot_msgs/environment/ament_prefix_path.dsv\n'}
[2.756177] (nuturtlebot_msgs) StdoutLine: {'line': b'-- Installing: /ros_ws/aarch64_install/nuturtlebot_msgs/share/nuturtlebot_msgs/environment/path.sh\n'}
[2.756339] (nuturtlebot_msgs) StdoutLine: {'line': b'-- Installing: /ros_ws/aarch64_install/nuturtlebot_msgs/share/nuturtlebot_msgs/environment/path.dsv\n'}
[2.756372] (nuturtlebot_msgs) StdoutLine: {'line': b'-- Installing: /ros_ws/aarch64_install/nuturtlebot_msgs/share/nuturtlebot_msgs/local_setup.bash\n'}
[2.756397] (nuturtlebot_msgs) StdoutLine: {'line': b'-- Installing: /ros_ws/aarch64_install/nuturtlebot_msgs/share/nuturtlebot_msgs/local_setup.sh\n'}
[2.756421] (nuturtlebot_msgs) StdoutLine: {'line': b'-- Installing: /ros_ws/aarch64_install/nuturtlebot_msgs/share/nuturtlebot_msgs/local_setup.zsh\n'}
[2.756444] (nuturtlebot_msgs) StdoutLine: {'line': b'-- Installing: /ros_ws/aarch64_install/nuturtlebot_msgs/share/nuturtlebot_msgs/local_setup.dsv\n'}
[2.756466] (nuturtlebot_msgs) StdoutLine: {'line': b'-- Up-to-date: /ros_ws/aarch64_install/nuturtlebot_msgs/share/nuturtlebot_msgs/package.dsv\n'}
[2.756489] (nuturtlebot_msgs) StdoutLine: {'line': b'-- Installing: /ros_ws/aarch64_install/nuturtlebot_msgs/share/ament_index/resource_index/packages/nuturtlebot_msgs\n'}
[2.756511] (nuturtlebot_msgs) StdoutLine: {'line': b'-- Installing: /ros_ws/aarch64_install/nuturtlebot_msgs/share/nuturtlebot_msgs/cmake/export_nuturtlebot_msgs__rosidl_generator_cExport.cmake\n'}
[2.756534] (nuturtlebot_msgs) StdoutLine: {'line': b'-- Installing: /ros_ws/aarch64_install/nuturtlebot_msgs/share/nuturtlebot_msgs/cmake/export_nuturtlebot_msgs__rosidl_generator_cExport-noconfig.cmake\n'}
[2.756557] (nuturtlebot_msgs) StdoutLine: {'line': b'-- Installing: /ros_ws/aarch64_install/nuturtlebot_msgs/share/nuturtlebot_msgs/cmake/export_nuturtlebot_msgs__rosidl_typesupport_fastrtps_cExport.cmake\n'}
[2.756601] (nuturtlebot_msgs) StdoutLine: {'line': b'-- Installing: /ros_ws/aarch64_install/nuturtlebot_msgs/share/nuturtlebot_msgs/cmake/export_nuturtlebot_msgs__rosidl_typesupport_fastrtps_cExport-noconfig.cmake\n'}
[2.756625] (nuturtlebot_msgs) StdoutLine: {'line': b'-- Installing: /ros_ws/aarch64_install/nuturtlebot_msgs/share/nuturtlebot_msgs/cmake/export_nuturtlebot_msgs__rosidl_generator_cppExport.cmake\n'}
[2.756648] (nuturtlebot_msgs) StdoutLine: {'line': b'-- Installing: /ros_ws/aarch64_install/nuturtlebot_msgs/share/nuturtlebot_msgs/cmake/export_nuturtlebot_msgs__rosidl_typesupport_fastrtps_cppExport.cmake\n'}
[2.756669] (nuturtlebot_msgs) StdoutLine: {'line': b'-- Installing: /ros_ws/aarch64_install/nuturtlebot_msgs/share/nuturtlebot_msgs/cmake/export_nuturtlebot_msgs__rosidl_typesupport_fastrtps_cppExport-noconfig.cmake\n'}
[2.756692] (nuturtlebot_msgs) StdoutLine: {'line': b'-- Installing: /ros_ws/aarch64_install/nuturtlebot_msgs/share/nuturtlebot_msgs/cmake/nuturtlebot_msgs__rosidl_typesupport_introspection_cExport.cmake\n'}
[2.756714] (nuturtlebot_msgs) StdoutLine: {'line': b'-- Installing: /ros_ws/aarch64_install/nuturtlebot_msgs/share/nuturtlebot_msgs/cmake/nuturtlebot_msgs__rosidl_typesupport_introspection_cExport-noconfig.cmake\n'}
[2.756736] (nuturtlebot_msgs) StdoutLine: {'line': b'-- Installing: /ros_ws/aarch64_install/nuturtlebot_msgs/share/nuturtlebot_msgs/cmake/nuturtlebot_msgs__rosidl_typesupport_cExport.cmake\n'}
[2.756759] (nuturtlebot_msgs) StdoutLine: {'line': b'-- Installing: /ros_ws/aarch64_install/nuturtlebot_msgs/share/nuturtlebot_msgs/cmake/nuturtlebot_msgs__rosidl_typesupport_cExport-noconfig.cmake\n'}
[2.756806] (nuturtlebot_msgs) StdoutLine: {'line': b'-- Installing: /ros_ws/aarch64_install/nuturtlebot_msgs/share/nuturtlebot_msgs/cmake/nuturtlebot_msgs__rosidl_typesupport_introspection_cppExport.cmake\n'}
[2.756840] (nuturtlebot_msgs) StdoutLine: {'line': b'-- Installing: /ros_ws/aarch64_install/nuturtlebot_msgs/share/nuturtlebot_msgs/cmake/nuturtlebot_msgs__rosidl_typesupport_introspection_cppExport-noconfig.cmake\n'}
[2.756868] (nuturtlebot_msgs) StdoutLine: {'line': b'-- Installing: /ros_ws/aarch64_install/nuturtlebot_msgs/share/nuturtlebot_msgs/cmake/nuturtlebot_msgs__rosidl_typesupport_cppExport.cmake\n'}
[2.756891] (nuturtlebot_msgs) StdoutLine: {'line': b'-- Installing: /ros_ws/aarch64_install/nuturtlebot_msgs/share/nuturtlebot_msgs/cmake/nuturtlebot_msgs__rosidl_typesupport_cppExport-noconfig.cmake\n'}
[2.756926] (nuturtlebot_msgs) StdoutLine: {'line': b'-- Installing: /ros_ws/aarch64_install/nuturtlebot_msgs/share/nuturtlebot_msgs/cmake/export_nuturtlebot_msgs__rosidl_generator_pyExport.cmake\n'}
[2.756950] (nuturtlebot_msgs) StdoutLine: {'line': b'-- Installing: /ros_ws/aarch64_install/nuturtlebot_msgs/share/nuturtlebot_msgs/cmake/export_nuturtlebot_msgs__rosidl_generator_pyExport-noconfig.cmake\n'}
[2.756973] (nuturtlebot_msgs) StdoutLine: {'line': b'-- Installing: /ros_ws/aarch64_install/nuturtlebot_msgs/share/nuturtlebot_msgs/cmake/rosidl_cmake-extras.cmake\n'}
[2.757015] (nuturtlebot_msgs) StdoutLine: {'line': b'-- Installing: /ros_ws/aarch64_install/nuturtlebot_msgs/share/nuturtlebot_msgs/cmake/ament_cmake_export_dependencies-extras.cmake\n'}
[2.757065] (nuturtlebot_msgs) StdoutLine: {'line': b'-- Installing: /ros_ws/aarch64_install/nuturtlebot_msgs/share/nuturtlebot_msgs/cmake/ament_cmake_export_include_directories-extras.cmake\n'}
[2.757092] (nuturtlebot_msgs) StdoutLine: {'line': b'-- Installing: /ros_ws/aarch64_install/nuturtlebot_msgs/share/nuturtlebot_msgs/cmake/ament_cmake_export_libraries-extras.cmake\n'}
[2.757139] (nuturtlebot_msgs) StdoutLine: {'line': b'-- Installing: /ros_ws/aarch64_install/nuturtlebot_msgs/share/nuturtlebot_msgs/cmake/ament_cmake_export_targets-extras.cmake\n'}
[2.757173] (nuturtlebot_msgs) StdoutLine: {'line': b'-- Installing: /ros_ws/aarch64_install/nuturtlebot_msgs/share/nuturtlebot_msgs/cmake/rosidl_cmake_export_typesupport_targets-extras.cmake\n'}
[2.757209] (nuturtlebot_msgs) StdoutLine: {'line': b'-- Installing: /ros_ws/aarch64_install/nuturtlebot_msgs/share/nuturtlebot_msgs/cmake/rosidl_cmake_export_typesupport_libraries-extras.cmake\n'}
[2.757236] (nuturtlebot_msgs) StdoutLine: {'line': b'-- Installing: /ros_ws/aarch64_install/nuturtlebot_msgs/share/nuturtlebot_msgs/cmake/nuturtlebot_msgsConfig.cmake\n'}
[2.757269] (nuturtlebot_msgs) StdoutLine: {'line': b'-- Installing: /ros_ws/aarch64_install/nuturtlebot_msgs/share/nuturtlebot_msgs/cmake/nuturtlebot_msgsConfig-version.cmake\n'}
[2.757302] (nuturtlebot_msgs) StdoutLine: {'line': b'-- Installing: /ros_ws/aarch64_install/nuturtlebot_msgs/share/nuturtlebot_msgs/package.xml\n'}
[2.758805] (nuturtlebot_msgs) CommandEnded: {'returncode': 0}
[2.805272] (-) TimerEvent: {}
[2.890751] (nuturtlebot_msgs) JobEnded: {'identifier': 'nuturtlebot_msgs', 'rc': 0}
[2.891712] (-) EventReactorShutdown: {}
